{"/Users/staticcapy2/development/hacku-2025/src/app/layout.tsx": {"path":"/Users/staticcapy2/development/hacku-2025/src/app/layout.tsx","statementMap":{"0":{"start":{"line":9,"column":24},"end":{"line":9,"column":35}},"1":{"start":{"line":4,"column":13},"end":{"line":4,"column":21}},"2":{"start":{"line":2,"column":7},"end":{"line":2,"column":null}},"3":{"start":{"line":4,"column":34},"end":{"line":7,"column":null}}},"fnMap":{"0":{"name":"RootLayout","decl":{"start":{"line":9,"column":24},"end":{"line":9,"column":35}},"loc":{"start":{"line":13,"column":1},"end":{"line":19,"column":1}}}},"branchMap":{},"s":{"0":0,"1":0,"2":0,"3":0},"f":{"0":0},"b":{}}
,"/Users/staticcapy2/development/hacku-2025/src/app/page.tsx": {"path":"/Users/staticcapy2/development/hacku-2025/src/app/page.tsx","statementMap":{"0":{"start":{"line":1,"column":24},"end":{"line":1,"column":null}}},"fnMap":{"0":{"name":"Home","decl":{"start":{"line":1,"column":24},"end":{"line":1,"column":null}},"loc":{"start":{"line":1,"column":24},"end":{"line":8,"column":null}}}},"branchMap":{},"s":{"0":0},"f":{"0":0},"b":{}}
,"/Users/staticcapy2/development/hacku-2025/src/app/api/calendar/route.ts": {"path":"/Users/staticcapy2/development/hacku-2025/src/app/api/calendar/route.ts","statementMap":{"0":{"start":{"line":289,"column":22},"end":{"line":289,"column":28}},"1":{"start":{"line":26,"column":22},"end":{"line":26,"column":25}},"2":{"start":{"line":95,"column":22},"end":{"line":95,"column":26}},"3":{"start":{"line":199,"column":22},"end":{"line":199,"column":25}},"4":{"start":{"line":6,"column":42},"end":{"line":6,"column":null}},"5":{"start":{"line":7,"column":19},"end":{"line":7,"column":null}},"6":{"start":{"line":15,"column":7},"end":{"line":15,"column":null}},"7":{"start":{"line":27,"column":2},"end":{"line":88,"column":null}},"8":{"start":{"line":29,"column":4},"end":{"line":31,"column":null}},"9":{"start":{"line":30,"column":6},"end":{"line":30,"column":null}},"10":{"start":{"line":34,"column":16},"end":{"line":34,"column":null}},"11":{"start":{"line":35,"column":19},"end":{"line":35,"column":null}},"12":{"start":{"line":36,"column":22},"end":{"line":36,"column":null}},"13":{"start":{"line":37,"column":20},"end":{"line":37,"column":null}},"14":{"start":{"line":38,"column":25},"end":{"line":38,"column":null}},"15":{"start":{"line":40,"column":4},"end":{"line":48,"column":null}},"16":{"start":{"line":41,"column":6},"end":{"line":46,"column":null}},"17":{"start":{"line":51,"column":16},"end":{"line":51,"column":null}},"18":{"start":{"line":52,"column":18},"end":{"line":52,"column":null}},"19":{"start":{"line":55,"column":4},"end":{"line":58,"column":null}},"20":{"start":{"line":56,"column":20},"end":{"line":56,"column":null}},"21":{"start":{"line":57,"column":6},"end":{"line":57,"column":null}},"22":{"start":{"line":57,"column":38},"end":{"line":57,"column":null}},"23":{"start":{"line":60,"column":4},"end":{"line":63,"column":null}},"24":{"start":{"line":61,"column":18},"end":{"line":61,"column":null}},"25":{"start":{"line":62,"column":6},"end":{"line":62,"column":null}},"26":{"start":{"line":62,"column":38},"end":{"line":62,"column":null}},"27":{"start":{"line":66,"column":22},"end":{"line":66,"column":null}},"28":{"start":{"line":67,"column":4},"end":{"line":69,"column":null}},"29":{"start":{"line":68,"column":6},"end":{"line":68,"column":null}},"30":{"start":{"line":71,"column":4},"end":{"line":76,"column":null}},"31":{"start":{"line":78,"column":4},"end":{"line":78,"column":null}},"32":{"start":{"line":80,"column":4},"end":{"line":86,"column":null}},"33":{"start":{"line":96,"column":2},"end":{"line":192,"column":null}},"34":{"start":{"line":98,"column":17},"end":{"line":98,"column":null}},"35":{"start":{"line":101,"column":56},"end":{"line":112,"column":null}},"36":{"start":{"line":115,"column":29},"end":{"line":115,"column":null}},"37":{"start":{"line":116,"column":4},"end":{"line":125,"column":null}},"38":{"start":{"line":117,"column":6},"end":{"line":123,"column":null}},"39":{"start":{"line":128,"column":4},"end":{"line":130,"column":null}},"40":{"start":{"line":129,"column":6},"end":{"line":129,"column":null}},"41":{"start":{"line":133,"column":17},"end":{"line":133,"column":null}},"42":{"start":{"line":134,"column":4},"end":{"line":142,"column":null}},"43":{"start":{"line":135,"column":6},"end":{"line":140,"column":null}},"44":{"start":{"line":145,"column":27},"end":{"line":151,"column":null}},"45":{"start":{"line":153,"column":4},"end":{"line":165,"column":null}},"46":{"start":{"line":154,"column":6},"end":{"line":163,"column":null}},"47":{"start":{"line":168,"column":22},"end":{"line":168,"column":null}},"48":{"start":{"line":171,"column":4},"end":{"line":171,"column":null}},"49":{"start":{"line":173,"column":4},"end":{"line":179,"column":null}},"50":{"start":{"line":182,"column":4},"end":{"line":182,"column":null}},"51":{"start":{"line":184,"column":4},"end":{"line":190,"column":null}},"52":{"start":{"line":200,"column":2},"end":{"line":282,"column":null}},"53":{"start":{"line":202,"column":17},"end":{"line":202,"column":null}},"54":{"start":{"line":203,"column":24},"end":{"line":203,"column":30}},"55":{"start":{"line":205,"column":4},"end":{"line":213,"column":null}},"56":{"start":{"line":206,"column":6},"end":{"line":211,"column":null}},"57":{"start":{"line":216,"column":4},"end":{"line":218,"column":null}},"58":{"start":{"line":217,"column":6},"end":{"line":217,"column":null}},"59":{"start":{"line":220,"column":45},"end":{"line":220,"column":47}},"60":{"start":{"line":221,"column":57},"end":{"line":221,"column":59}},"61":{"start":{"line":224,"column":4},"end":{"line":262,"column":null}},"62":{"start":{"line":225,"column":6},"end":{"line":261,"column":null}},"63":{"start":{"line":226,"column":8},"end":{"line":260,"column":null}},"64":{"start":{"line":227,"column":40},"end":{"line":227,"column":null}},"65":{"start":{"line":230,"column":33},"end":{"line":230,"column":null}},"66":{"start":{"line":231,"column":10},"end":{"line":234,"column":null}},"67":{"start":{"line":232,"column":12},"end":{"line":232,"column":null}},"68":{"start":{"line":233,"column":12},"end":{"line":233,"column":null}},"69":{"start":{"line":237,"column":62},"end":{"line":244,"column":null}},"70":{"start":{"line":247,"column":32},"end":{"line":249,"column":null}},"71":{"start":{"line":253,"column":10},"end":{"line":253,"column":null}},"72":{"start":{"line":254,"column":10},"end":{"line":254,"column":null}},"73":{"start":{"line":256,"column":10},"end":{"line":259,"column":null}},"74":{"start":{"line":264,"column":4},"end":{"line":270,"column":null}},"75":{"start":{"line":272,"column":4},"end":{"line":272,"column":null}},"76":{"start":{"line":274,"column":4},"end":{"line":280,"column":null}},"77":{"start":{"line":290,"column":2},"end":{"line":342,"column":null}},"78":{"start":{"line":292,"column":17},"end":{"line":292,"column":null}},"79":{"start":{"line":293,"column":39},"end":{"line":293,"column":null}},"80":{"start":{"line":296,"column":4},"end":{"line":298,"column":null}},"81":{"start":{"line":297,"column":6},"end":{"line":297,"column":null}},"82":{"start":{"line":300,"column":23},"end":{"line":300,"column":null}},"83":{"start":{"line":302,"column":4},"end":{"line":324,"column":null}},"84":{"start":{"line":304,"column":6},"end":{"line":304,"column":null}},"85":{"start":{"line":305,"column":11},"end":{"line":324,"column":null}},"86":{"start":{"line":307,"column":6},"end":{"line":315,"column":null}},"87":{"start":{"line":308,"column":8},"end":{"line":314,"column":null}},"88":{"start":{"line":309,"column":27},"end":{"line":309,"column":null}},"89":{"start":{"line":310,"column":10},"end":{"line":313,"column":null}},"90":{"start":{"line":311,"column":12},"end":{"line":311,"column":null}},"91":{"start":{"line":312,"column":12},"end":{"line":312,"column":null}},"92":{"start":{"line":317,"column":6},"end":{"line":322,"column":null}},"93":{"start":{"line":326,"column":4},"end":{"line":330,"column":null}},"94":{"start":{"line":332,"column":4},"end":{"line":332,"column":null}},"95":{"start":{"line":334,"column":4},"end":{"line":340,"column":null}}},"fnMap":{"0":{"name":"GET","decl":{"start":{"line":26,"column":22},"end":{"line":26,"column":25}},"loc":{"start":{"line":26,"column":46},"end":{"line":89,"column":null}}},"1":{"name":"(anonymous_6)","decl":{"start":{"line":57,"column":31},"end":{"line":57,"column":32}},"loc":{"start":{"line":57,"column":38},"end":{"line":57,"column":null}}},"2":{"name":"(anonymous_7)","decl":{"start":{"line":62,"column":31},"end":{"line":62,"column":32}},"loc":{"start":{"line":62,"column":38},"end":{"line":62,"column":null}}},"3":{"name":"POST","decl":{"start":{"line":95,"column":22},"end":{"line":95,"column":26}},"loc":{"start":{"line":95,"column":47},"end":{"line":193,"column":null}}},"4":{"name":"PUT","decl":{"start":{"line":199,"column":22},"end":{"line":199,"column":25}},"loc":{"start":{"line":199,"column":46},"end":{"line":283,"column":null}}},"5":{"name":"(anonymous_10)","decl":{"start":{"line":224,"column":45},"end":{"line":224,"column":null}},"loc":{"start":{"line":224,"column":45},"end":{"line":262,"column":null}}},"6":{"name":"DELETE","decl":{"start":{"line":289,"column":22},"end":{"line":289,"column":28}},"loc":{"start":{"line":289,"column":49},"end":{"line":343,"column":null}}},"7":{"name":"(anonymous_12)","decl":{"start":{"line":307,"column":47},"end":{"line":307,"column":null}},"loc":{"start":{"line":307,"column":47},"end":{"line":315,"column":null}}}},"branchMap":{"0":{"loc":{"start":{"line":29,"column":4},"end":{"line":31,"column":null}},"type":"if","locations":[{"start":{"line":29,"column":4},"end":{"line":31,"column":null}}]},"1":{"loc":{"start":{"line":40,"column":4},"end":{"line":48,"column":null}},"type":"if","locations":[{"start":{"line":40,"column":4},"end":{"line":48,"column":null}}]},"2":{"loc":{"start":{"line":55,"column":4},"end":{"line":58,"column":null}},"type":"if","locations":[{"start":{"line":55,"column":4},"end":{"line":58,"column":null}}]},"3":{"loc":{"start":{"line":60,"column":4},"end":{"line":63,"column":null}},"type":"if","locations":[{"start":{"line":60,"column":4},"end":{"line":63,"column":null}}]},"4":{"loc":{"start":{"line":67,"column":4},"end":{"line":69,"column":null}},"type":"if","locations":[{"start":{"line":67,"column":4},"end":{"line":69,"column":null}}]},"5":{"loc":{"start":{"line":67,"column":8},"end":{"line":67,"column":44}},"type":"binary-expr","locations":[{"start":{"line":67,"column":8},"end":{"line":67,"column":24}},{"start":{"line":67,"column":24},"end":{"line":67,"column":44}}]},"6":{"loc":{"start":{"line":84,"column":17},"end":{"line":84,"column":null}},"type":"cond-expr","locations":[{"start":{"line":84,"column":42},"end":{"line":84,"column":55}},{"start":{"line":84,"column":58},"end":{"line":84,"column":null}}]},"7":{"loc":{"start":{"line":103,"column":18},"end":{"line":105,"column":null}},"type":"cond-expr","locations":[{"start":{"line":104,"column":10},"end":{"line":104,"column":null}},{"start":{"line":105,"column":10},"end":{"line":105,"column":null}}]},"8":{"loc":{"start":{"line":106,"column":22},"end":{"line":106,"column":null}},"type":"binary-expr","locations":[{"start":{"line":106,"column":22},"end":{"line":106,"column":41}},{"start":{"line":106,"column":45},"end":{"line":106,"column":null}}]},"9":{"loc":{"start":{"line":107,"column":28},"end":{"line":107,"column":null}},"type":"binary-expr","locations":[{"start":{"line":107,"column":28},"end":{"line":107,"column":53}},{"start":{"line":107,"column":57},"end":{"line":107,"column":null}}]},"10":{"loc":{"start":{"line":116,"column":4},"end":{"line":125,"column":null}},"type":"if","locations":[{"start":{"line":116,"column":4},"end":{"line":125,"column":null}}]},"11":{"loc":{"start":{"line":128,"column":4},"end":{"line":130,"column":null}},"type":"if","locations":[{"start":{"line":128,"column":4},"end":{"line":130,"column":null}}]},"12":{"loc":{"start":{"line":134,"column":4},"end":{"line":142,"column":null}},"type":"if","locations":[{"start":{"line":134,"column":4},"end":{"line":142,"column":null}}]},"13":{"loc":{"start":{"line":153,"column":4},"end":{"line":165,"column":null}},"type":"if","locations":[{"start":{"line":153,"column":4},"end":{"line":165,"column":null}}]},"14":{"loc":{"start":{"line":188,"column":17},"end":{"line":188,"column":null}},"type":"cond-expr","locations":[{"start":{"line":188,"column":42},"end":{"line":188,"column":55}},{"start":{"line":188,"column":58},"end":{"line":188,"column":null}}]},"15":{"loc":{"start":{"line":205,"column":4},"end":{"line":213,"column":null}},"type":"if","locations":[{"start":{"line":205,"column":4},"end":{"line":213,"column":null}}]},"16":{"loc":{"start":{"line":205,"column":8},"end":{"line":205,"column":57}},"type":"binary-expr","locations":[{"start":{"line":205,"column":8},"end":{"line":205,"column":35}},{"start":{"line":205,"column":35},"end":{"line":205,"column":57}}]},"17":{"loc":{"start":{"line":216,"column":4},"end":{"line":218,"column":null}},"type":"if","locations":[{"start":{"line":216,"column":4},"end":{"line":218,"column":null}}]},"18":{"loc":{"start":{"line":231,"column":10},"end":{"line":234,"column":null}},"type":"if","locations":[{"start":{"line":231,"column":10},"end":{"line":234,"column":null}}]},"19":{"loc":{"start":{"line":258,"column":19},"end":{"line":258,"column":null}},"type":"cond-expr","locations":[{"start":{"line":258,"column":44},"end":{"line":258,"column":57}},{"start":{"line":258,"column":60},"end":{"line":258,"column":null}}]},"20":{"loc":{"start":{"line":268,"column":14},"end":{"line":268,"column":null}},"type":"cond-expr","locations":[{"start":{"line":268,"column":34},"end":{"line":268,"column":43}},{"start":{"line":268,"column":43},"end":{"line":268,"column":null}}]},"21":{"loc":{"start":{"line":278,"column":17},"end":{"line":278,"column":null}},"type":"cond-expr","locations":[{"start":{"line":278,"column":42},"end":{"line":278,"column":55}},{"start":{"line":278,"column":58},"end":{"line":278,"column":null}}]},"22":{"loc":{"start":{"line":296,"column":4},"end":{"line":298,"column":null}},"type":"if","locations":[{"start":{"line":296,"column":4},"end":{"line":298,"column":null}}]},"23":{"loc":{"start":{"line":302,"column":4},"end":{"line":324,"column":null}},"type":"if","locations":[{"start":{"line":302,"column":4},"end":{"line":324,"column":null}},{"start":{"line":305,"column":11},"end":{"line":324,"column":null}}]},"24":{"loc":{"start":{"line":302,"column":8},"end":{"line":302,"column":29}},"type":"binary-expr","locations":[{"start":{"line":302,"column":8},"end":{"line":302,"column":21}},{"start":{"line":302,"column":21},"end":{"line":302,"column":29}}]},"25":{"loc":{"start":{"line":305,"column":11},"end":{"line":324,"column":null}},"type":"if","locations":[{"start":{"line":305,"column":11},"end":{"line":324,"column":null}},{"start":{"line":316,"column":11},"end":{"line":324,"column":null}}]},"26":{"loc":{"start":{"line":305,"column":15},"end":{"line":305,"column":42}},"type":"binary-expr","locations":[{"start":{"line":305,"column":15},"end":{"line":305,"column":22}},{"start":{"line":305,"column":22},"end":{"line":305,"column":42}}]},"27":{"loc":{"start":{"line":310,"column":10},"end":{"line":313,"column":null}},"type":"if","locations":[{"start":{"line":310,"column":10},"end":{"line":313,"column":null}}]},"28":{"loc":{"start":{"line":338,"column":17},"end":{"line":338,"column":null}},"type":"cond-expr","locations":[{"start":{"line":338,"column":42},"end":{"line":338,"column":55}},{"start":{"line":338,"column":58},"end":{"line":338,"column":null}}]}},"s":{"0":0,"1":0,"2":0,"3":0,"4":0,"5":0,"6":0,"7":0,"8":0,"9":0,"10":0,"11":0,"12":0,"13":0,"14":0,"15":0,"16":0,"17":0,"18":0,"19":0,"20":0,"21":0,"22":0,"23":0,"24":0,"25":0,"26":0,"27":0,"28":0,"29":0,"30":0,"31":0,"32":0,"33":0,"34":0,"35":0,"36":0,"37":0,"38":0,"39":0,"40":0,"41":0,"42":0,"43":0,"44":0,"45":0,"46":0,"47":0,"48":0,"49":0,"50":0,"51":0,"52":0,"53":0,"54":0,"55":0,"56":0,"57":0,"58":0,"59":0,"60":0,"61":0,"62":0,"63":0,"64":0,"65":0,"66":0,"67":0,"68":0,"69":0,"70":0,"71":0,"72":0,"73":0,"74":0,"75":0,"76":0,"77":0,"78":0,"79":0,"80":0,"81":0,"82":0,"83":0,"84":0,"85":0,"86":0,"87":0,"88":0,"89":0,"90":0,"91":0,"92":0,"93":0,"94":0,"95":0},"f":{"0":0,"1":0,"2":0,"3":0,"4":0,"5":0,"6":0,"7":0},"b":{"0":[0],"1":[0],"2":[0],"3":[0],"4":[0],"5":[0,0],"6":[0,0],"7":[0,0],"8":[0,0],"9":[0,0],"10":[0],"11":[0],"12":[0],"13":[0],"14":[0,0],"15":[0],"16":[0,0],"17":[0],"18":[0],"19":[0,0],"20":[0,0],"21":[0,0],"22":[0],"23":[0,0],"24":[0,0],"25":[0,0],"26":[0,0],"27":[0],"28":[0,0]}}
,"/Users/staticcapy2/development/hacku-2025/src/app/api/measurements/route.ts": {"path":"/Users/staticcapy2/development/hacku-2025/src/app/api/measurements/route.ts","statementMap":{"0":{"start":{"line":183,"column":22},"end":{"line":183,"column":28}},"1":{"start":{"line":22,"column":22},"end":{"line":22,"column":25}},"2":{"start":{"line":98,"column":22},"end":{"line":98,"column":26}},"3":{"start":{"line":6,"column":42},"end":{"line":6,"column":null}},"4":{"start":{"line":7,"column":19},"end":{"line":7,"column":null}},"5":{"start":{"line":12,"column":7},"end":{"line":12,"column":null}},"6":{"start":{"line":23,"column":2},"end":{"line":91,"column":null}},"7":{"start":{"line":25,"column":4},"end":{"line":27,"column":null}},"8":{"start":{"line":26,"column":6},"end":{"line":26,"column":null}},"9":{"start":{"line":30,"column":16},"end":{"line":30,"column":null}},"10":{"start":{"line":31,"column":19},"end":{"line":31,"column":null}},"11":{"start":{"line":32,"column":21},"end":{"line":32,"column":null}},"12":{"start":{"line":36,"column":22},"end":{"line":36,"column":null}},"13":{"start":{"line":37,"column":20},"end":{"line":37,"column":null}},"14":{"start":{"line":38,"column":18},"end":{"line":38,"column":null}},"15":{"start":{"line":39,"column":19},"end":{"line":39,"column":null}},"16":{"start":{"line":42,"column":16},"end":{"line":42,"column":null}},"17":{"start":{"line":45,"column":4},"end":{"line":47,"column":null}},"18":{"start":{"line":46,"column":6},"end":{"line":46,"column":null}},"19":{"start":{"line":49,"column":23},"end":{"line":49,"column":null}},"20":{"start":{"line":52,"column":4},"end":{"line":54,"column":null}},"21":{"start":{"line":53,"column":6},"end":{"line":53,"column":null}},"22":{"start":{"line":53,"column":48},"end":{"line":53,"column":null}},"23":{"start":{"line":56,"column":4},"end":{"line":59,"column":null}},"24":{"start":{"line":57,"column":20},"end":{"line":57,"column":null}},"25":{"start":{"line":58,"column":6},"end":{"line":58,"column":null}},"26":{"start":{"line":58,"column":48},"end":{"line":58,"column":null}},"27":{"start":{"line":61,"column":4},"end":{"line":64,"column":null}},"28":{"start":{"line":62,"column":18},"end":{"line":62,"column":null}},"29":{"start":{"line":63,"column":6},"end":{"line":63,"column":null}},"30":{"start":{"line":63,"column":48},"end":{"line":63,"column":null}},"31":{"start":{"line":67,"column":18},"end":{"line":67,"column":37}},"32":{"start":{"line":68,"column":34},"end":{"line":68,"column":null}},"33":{"start":{"line":70,"column":4},"end":{"line":79,"column":null}},"34":{"start":{"line":81,"column":4},"end":{"line":81,"column":null}},"35":{"start":{"line":83,"column":4},"end":{"line":89,"column":null}},"36":{"start":{"line":99,"column":2},"end":{"line":176,"column":null}},"37":{"start":{"line":101,"column":17},"end":{"line":101,"column":null}},"38":{"start":{"line":104,"column":58},"end":{"line":119,"column":null}},"39":{"start":{"line":122,"column":29},"end":{"line":122,"column":null}},"40":{"start":{"line":123,"column":4},"end":{"line":132,"column":null}},"41":{"start":{"line":124,"column":6},"end":{"line":130,"column":null}},"42":{"start":{"line":135,"column":4},"end":{"line":137,"column":null}},"43":{"start":{"line":136,"column":6},"end":{"line":136,"column":null}},"44":{"start":{"line":140,"column":17},"end":{"line":140,"column":null}},"45":{"start":{"line":141,"column":4},"end":{"line":149,"column":null}},"46":{"start":{"line":142,"column":6},"end":{"line":147,"column":null}},"47":{"start":{"line":152,"column":27},"end":{"line":152,"column":null}},"48":{"start":{"line":155,"column":4},"end":{"line":155,"column":null}},"49":{"start":{"line":157,"column":4},"end":{"line":163,"column":null}},"50":{"start":{"line":166,"column":4},"end":{"line":166,"column":null}},"51":{"start":{"line":168,"column":4},"end":{"line":174,"column":null}},"52":{"start":{"line":184,"column":2},"end":{"line":239,"column":null}},"53":{"start":{"line":186,"column":17},"end":{"line":186,"column":null}},"54":{"start":{"line":187,"column":39},"end":{"line":187,"column":null}},"55":{"start":{"line":190,"column":4},"end":{"line":192,"column":null}},"56":{"start":{"line":191,"column":6},"end":{"line":191,"column":null}},"57":{"start":{"line":194,"column":23},"end":{"line":194,"column":null}},"58":{"start":{"line":196,"column":4},"end":{"line":221,"column":null}},"59":{"start":{"line":198,"column":6},"end":{"line":201,"column":null}},"60":{"start":{"line":202,"column":11},"end":{"line":221,"column":null}},"61":{"start":{"line":204,"column":6},"end":{"line":212,"column":null}},"62":{"start":{"line":205,"column":8},"end":{"line":211,"column":null}},"63":{"start":{"line":206,"column":27},"end":{"line":206,"column":null}},"64":{"start":{"line":207,"column":10},"end":{"line":210,"column":null}},"65":{"start":{"line":208,"column":12},"end":{"line":208,"column":null}},"66":{"start":{"line":209,"column":12},"end":{"line":209,"column":null}},"67":{"start":{"line":214,"column":6},"end":{"line":219,"column":null}},"68":{"start":{"line":223,"column":4},"end":{"line":227,"column":null}},"69":{"start":{"line":229,"column":4},"end":{"line":229,"column":null}},"70":{"start":{"line":231,"column":4},"end":{"line":237,"column":null}}},"fnMap":{"0":{"name":"GET","decl":{"start":{"line":22,"column":22},"end":{"line":22,"column":25}},"loc":{"start":{"line":22,"column":46},"end":{"line":92,"column":null}}},"1":{"name":"(anonymous_5)","decl":{"start":{"line":53,"column":41},"end":{"line":53,"column":42}},"loc":{"start":{"line":53,"column":48},"end":{"line":53,"column":null}}},"2":{"name":"(anonymous_6)","decl":{"start":{"line":58,"column":41},"end":{"line":58,"column":42}},"loc":{"start":{"line":58,"column":48},"end":{"line":58,"column":null}}},"3":{"name":"(anonymous_7)","decl":{"start":{"line":63,"column":41},"end":{"line":63,"column":42}},"loc":{"start":{"line":63,"column":48},"end":{"line":63,"column":null}}},"4":{"name":"POST","decl":{"start":{"line":98,"column":22},"end":{"line":98,"column":26}},"loc":{"start":{"line":98,"column":47},"end":{"line":177,"column":null}}},"5":{"name":"DELETE","decl":{"start":{"line":183,"column":22},"end":{"line":183,"column":28}},"loc":{"start":{"line":183,"column":49},"end":{"line":240,"column":null}}},"6":{"name":"(anonymous_10)","decl":{"start":{"line":204,"column":52},"end":{"line":204,"column":null}},"loc":{"start":{"line":204,"column":52},"end":{"line":212,"column":null}}}},"branchMap":{"0":{"loc":{"start":{"line":25,"column":4},"end":{"line":27,"column":null}},"type":"if","locations":[{"start":{"line":25,"column":4},"end":{"line":27,"column":null}}]},"1":{"loc":{"start":{"line":38,"column":27},"end":{"line":38,"column":null}},"type":"binary-expr","locations":[{"start":{"line":38,"column":27},"end":{"line":38,"column":60}},{"start":{"line":38,"column":60},"end":{"line":38,"column":null}}]},"2":{"loc":{"start":{"line":39,"column":28},"end":{"line":39,"column":null}},"type":"binary-expr","locations":[{"start":{"line":39,"column":28},"end":{"line":39,"column":62}},{"start":{"line":39,"column":62},"end":{"line":39,"column":null}}]},"3":{"loc":{"start":{"line":45,"column":4},"end":{"line":47,"column":null}},"type":"if","locations":[{"start":{"line":45,"column":4},"end":{"line":47,"column":null}}]},"4":{"loc":{"start":{"line":52,"column":4},"end":{"line":54,"column":null}},"type":"if","locations":[{"start":{"line":52,"column":4},"end":{"line":54,"column":null}}]},"5":{"loc":{"start":{"line":56,"column":4},"end":{"line":59,"column":null}},"type":"if","locations":[{"start":{"line":56,"column":4},"end":{"line":59,"column":null}}]},"6":{"loc":{"start":{"line":61,"column":4},"end":{"line":64,"column":null}},"type":"if","locations":[{"start":{"line":61,"column":4},"end":{"line":64,"column":null}}]},"7":{"loc":{"start":{"line":87,"column":17},"end":{"line":87,"column":null}},"type":"cond-expr","locations":[{"start":{"line":87,"column":42},"end":{"line":87,"column":55}},{"start":{"line":87,"column":58},"end":{"line":87,"column":null}}]},"8":{"loc":{"start":{"line":106,"column":23},"end":{"line":108,"column":null}},"type":"cond-expr","locations":[{"start":{"line":107,"column":10},"end":{"line":107,"column":null}},{"start":{"line":108,"column":10},"end":{"line":108,"column":null}}]},"9":{"loc":{"start":{"line":123,"column":4},"end":{"line":132,"column":null}},"type":"if","locations":[{"start":{"line":123,"column":4},"end":{"line":132,"column":null}}]},"10":{"loc":{"start":{"line":135,"column":4},"end":{"line":137,"column":null}},"type":"if","locations":[{"start":{"line":135,"column":4},"end":{"line":137,"column":null}}]},"11":{"loc":{"start":{"line":141,"column":4},"end":{"line":149,"column":null}},"type":"if","locations":[{"start":{"line":141,"column":4},"end":{"line":149,"column":null}}]},"12":{"loc":{"start":{"line":172,"column":17},"end":{"line":172,"column":null}},"type":"cond-expr","locations":[{"start":{"line":172,"column":42},"end":{"line":172,"column":55}},{"start":{"line":172,"column":58},"end":{"line":172,"column":null}}]},"13":{"loc":{"start":{"line":190,"column":4},"end":{"line":192,"column":null}},"type":"if","locations":[{"start":{"line":190,"column":4},"end":{"line":192,"column":null}}]},"14":{"loc":{"start":{"line":196,"column":4},"end":{"line":221,"column":null}},"type":"if","locations":[{"start":{"line":196,"column":4},"end":{"line":221,"column":null}},{"start":{"line":202,"column":11},"end":{"line":221,"column":null}}]},"15":{"loc":{"start":{"line":196,"column":8},"end":{"line":196,"column":29}},"type":"binary-expr","locations":[{"start":{"line":196,"column":8},"end":{"line":196,"column":21}},{"start":{"line":196,"column":21},"end":{"line":196,"column":29}}]},"16":{"loc":{"start":{"line":202,"column":11},"end":{"line":221,"column":null}},"type":"if","locations":[{"start":{"line":202,"column":11},"end":{"line":221,"column":null}},{"start":{"line":213,"column":11},"end":{"line":221,"column":null}}]},"17":{"loc":{"start":{"line":202,"column":15},"end":{"line":202,"column":42}},"type":"binary-expr","locations":[{"start":{"line":202,"column":15},"end":{"line":202,"column":22}},{"start":{"line":202,"column":22},"end":{"line":202,"column":42}}]},"18":{"loc":{"start":{"line":207,"column":10},"end":{"line":210,"column":null}},"type":"if","locations":[{"start":{"line":207,"column":10},"end":{"line":210,"column":null}}]},"19":{"loc":{"start":{"line":235,"column":17},"end":{"line":235,"column":null}},"type":"cond-expr","locations":[{"start":{"line":235,"column":42},"end":{"line":235,"column":55}},{"start":{"line":235,"column":58},"end":{"line":235,"column":null}}]}},"s":{"0":0,"1":0,"2":0,"3":0,"4":0,"5":0,"6":0,"7":0,"8":0,"9":0,"10":0,"11":0,"12":0,"13":0,"14":0,"15":0,"16":0,"17":0,"18":0,"19":0,"20":0,"21":0,"22":0,"23":0,"24":0,"25":0,"26":0,"27":0,"28":0,"29":0,"30":0,"31":0,"32":0,"33":0,"34":0,"35":0,"36":0,"37":0,"38":0,"39":0,"40":0,"41":0,"42":0,"43":0,"44":0,"45":0,"46":0,"47":0,"48":0,"49":0,"50":0,"51":0,"52":0,"53":0,"54":0,"55":0,"56":0,"57":0,"58":0,"59":0,"60":0,"61":0,"62":0,"63":0,"64":0,"65":0,"66":0,"67":0,"68":0,"69":0,"70":0},"f":{"0":0,"1":0,"2":0,"3":0,"4":0,"5":0,"6":0},"b":{"0":[0],"1":[0,0],"2":[0,0],"3":[0],"4":[0],"5":[0],"6":[0],"7":[0,0],"8":[0,0],"9":[0],"10":[0],"11":[0],"12":[0,0],"13":[0],"14":[0,0],"15":[0,0],"16":[0,0],"17":[0,0],"18":[0],"19":[0,0]}}
,"/Users/staticcapy2/development/hacku-2025/src/app/api/measurements/[id]/route.ts": {"path":"/Users/staticcapy2/development/hacku-2025/src/app/api/measurements/[id]/route.ts","statementMap":{"0":{"start":{"line":170,"column":22},"end":{"line":170,"column":28}},"1":{"start":{"line":18,"column":22},"end":{"line":18,"column":25}},"2":{"start":{"line":65,"column":22},"end":{"line":65,"column":25}},"3":{"start":{"line":6,"column":42},"end":{"line":6,"column":null}},"4":{"start":{"line":7,"column":19},"end":{"line":7,"column":null}},"5":{"start":{"line":11,"column":7},"end":{"line":11,"column":null}},"6":{"start":{"line":22,"column":2},"end":{"line":58,"column":null}},"7":{"start":{"line":23,"column":26},"end":{"line":23,"column":35}},"8":{"start":{"line":26,"column":4},"end":{"line":28,"column":null}},"9":{"start":{"line":27,"column":6},"end":{"line":27,"column":null}},"10":{"start":{"line":31,"column":24},"end":{"line":31,"column":null}},"11":{"start":{"line":33,"column":4},"end":{"line":41,"column":null}},"12":{"start":{"line":34,"column":6},"end":{"line":39,"column":null}},"13":{"start":{"line":43,"column":4},"end":{"line":46,"column":null}},"14":{"start":{"line":48,"column":4},"end":{"line":48,"column":null}},"15":{"start":{"line":50,"column":4},"end":{"line":56,"column":null}},"16":{"start":{"line":69,"column":2},"end":{"line":163,"column":null}},"17":{"start":{"line":70,"column":26},"end":{"line":70,"column":35}},"18":{"start":{"line":71,"column":17},"end":{"line":71,"column":null}},"19":{"start":{"line":74,"column":4},"end":{"line":76,"column":null}},"20":{"start":{"line":75,"column":6},"end":{"line":75,"column":null}},"21":{"start":{"line":79,"column":32},"end":{"line":79,"column":null}},"22":{"start":{"line":80,"column":4},"end":{"line":88,"column":null}},"23":{"start":{"line":81,"column":6},"end":{"line":86,"column":null}},"24":{"start":{"line":91,"column":47},"end":{"line":108,"column":null}},"25":{"start":{"line":111,"column":29},"end":{"line":111,"column":null}},"26":{"start":{"line":112,"column":4},"end":{"line":121,"column":null}},"27":{"start":{"line":113,"column":6},"end":{"line":119,"column":null}},"28":{"start":{"line":124,"column":4},"end":{"line":135,"column":null}},"29":{"start":{"line":125,"column":19},"end":{"line":125,"column":null}},"30":{"start":{"line":126,"column":6},"end":{"line":134,"column":null}},"31":{"start":{"line":127,"column":8},"end":{"line":132,"column":null}},"32":{"start":{"line":138,"column":31},"end":{"line":138,"column":null}},"33":{"start":{"line":141,"column":4},"end":{"line":141,"column":null}},"34":{"start":{"line":142,"column":4},"end":{"line":142,"column":null}},"35":{"start":{"line":145,"column":4},"end":{"line":145,"column":null}},"36":{"start":{"line":147,"column":4},"end":{"line":151,"column":null}},"37":{"start":{"line":153,"column":4},"end":{"line":153,"column":null}},"38":{"start":{"line":155,"column":4},"end":{"line":161,"column":null}},"39":{"start":{"line":174,"column":2},"end":{"line":217,"column":null}},"40":{"start":{"line":175,"column":26},"end":{"line":175,"column":35}},"41":{"start":{"line":178,"column":4},"end":{"line":180,"column":null}},"42":{"start":{"line":179,"column":6},"end":{"line":179,"column":null}},"43":{"start":{"line":183,"column":32},"end":{"line":183,"column":null}},"44":{"start":{"line":184,"column":4},"end":{"line":192,"column":null}},"45":{"start":{"line":185,"column":6},"end":{"line":190,"column":null}},"46":{"start":{"line":195,"column":4},"end":{"line":195,"column":null}},"47":{"start":{"line":197,"column":4},"end":{"line":205,"column":null}},"48":{"start":{"line":207,"column":4},"end":{"line":207,"column":null}},"49":{"start":{"line":209,"column":4},"end":{"line":215,"column":null}}},"fnMap":{"0":{"name":"GET","decl":{"start":{"line":18,"column":22},"end":{"line":18,"column":25}},"loc":{"start":{"line":20,"column":40},"end":{"line":59,"column":null}}},"1":{"name":"PUT","decl":{"start":{"line":65,"column":22},"end":{"line":65,"column":25}},"loc":{"start":{"line":67,"column":40},"end":{"line":164,"column":null}}},"2":{"name":"DELETE","decl":{"start":{"line":170,"column":22},"end":{"line":170,"column":28}},"loc":{"start":{"line":172,"column":40},"end":{"line":218,"column":null}}}},"branchMap":{"0":{"loc":{"start":{"line":26,"column":4},"end":{"line":28,"column":null}},"type":"if","locations":[{"start":{"line":26,"column":4},"end":{"line":28,"column":null}}]},"1":{"loc":{"start":{"line":33,"column":4},"end":{"line":41,"column":null}},"type":"if","locations":[{"start":{"line":33,"column":4},"end":{"line":41,"column":null}}]},"2":{"loc":{"start":{"line":54,"column":17},"end":{"line":54,"column":null}},"type":"cond-expr","locations":[{"start":{"line":54,"column":42},"end":{"line":54,"column":55}},{"start":{"line":54,"column":58},"end":{"line":54,"column":null}}]},"3":{"loc":{"start":{"line":74,"column":4},"end":{"line":76,"column":null}},"type":"if","locations":[{"start":{"line":74,"column":4},"end":{"line":76,"column":null}}]},"4":{"loc":{"start":{"line":80,"column":4},"end":{"line":88,"column":null}},"type":"if","locations":[{"start":{"line":80,"column":4},"end":{"line":88,"column":null}}]},"5":{"loc":{"start":{"line":92,"column":14},"end":{"line":92,"column":55}},"type":"binary-expr","locations":[{"start":{"line":92,"column":14},"end":{"line":92,"column":25}},{"start":{"line":92,"column":29},"end":{"line":92,"column":55}}]},"6":{"loc":{"start":{"line":93,"column":23},"end":{"line":95,"column":45}},"type":"cond-expr","locations":[{"start":{"line":94,"column":10},"end":{"line":94,"column":null}},{"start":{"line":95,"column":10},"end":{"line":95,"column":45}}]},"7":{"loc":{"start":{"line":96,"column":20},"end":{"line":96,"column":73}},"type":"binary-expr","locations":[{"start":{"line":96,"column":20},"end":{"line":96,"column":37}},{"start":{"line":96,"column":41},"end":{"line":96,"column":73}}]},"8":{"loc":{"start":{"line":97,"column":22},"end":{"line":97,"column":79}},"type":"binary-expr","locations":[{"start":{"line":97,"column":22},"end":{"line":97,"column":41}},{"start":{"line":97,"column":45},"end":{"line":97,"column":79}}]},"9":{"loc":{"start":{"line":99,"column":8},"end":{"line":99,"column":75}},"type":"binary-expr","locations":[{"start":{"line":99,"column":8},"end":{"line":99,"column":32}},{"start":{"line":99,"column":36},"end":{"line":99,"column":75}}]},"10":{"loc":{"start":{"line":101,"column":8},"end":{"line":101,"column":77}},"type":"binary-expr","locations":[{"start":{"line":101,"column":8},"end":{"line":101,"column":33}},{"start":{"line":101,"column":37},"end":{"line":101,"column":77}}]},"11":{"loc":{"start":{"line":102,"column":20},"end":{"line":102,"column":73}},"type":"binary-expr","locations":[{"start":{"line":102,"column":20},"end":{"line":102,"column":37}},{"start":{"line":102,"column":41},"end":{"line":102,"column":73}}]},"12":{"loc":{"start":{"line":103,"column":22},"end":{"line":103,"column":79}},"type":"binary-expr","locations":[{"start":{"line":103,"column":22},"end":{"line":103,"column":41}},{"start":{"line":103,"column":45},"end":{"line":103,"column":79}}]},"13":{"loc":{"start":{"line":104,"column":22},"end":{"line":104,"column":79}},"type":"binary-expr","locations":[{"start":{"line":104,"column":22},"end":{"line":104,"column":41}},{"start":{"line":104,"column":45},"end":{"line":104,"column":79}}]},"14":{"loc":{"start":{"line":105,"column":22},"end":{"line":105,"column":79}},"type":"binary-expr","locations":[{"start":{"line":105,"column":22},"end":{"line":105,"column":41}},{"start":{"line":105,"column":45},"end":{"line":105,"column":79}}]},"15":{"loc":{"start":{"line":106,"column":21},"end":{"line":106,"column":76}},"type":"binary-expr","locations":[{"start":{"line":106,"column":21},"end":{"line":106,"column":39}},{"start":{"line":106,"column":43},"end":{"line":106,"column":76}}]},"16":{"loc":{"start":{"line":107,"column":16},"end":{"line":107,"column":61}},"type":"binary-expr","locations":[{"start":{"line":107,"column":16},"end":{"line":107,"column":29}},{"start":{"line":107,"column":33},"end":{"line":107,"column":61}}]},"17":{"loc":{"start":{"line":112,"column":4},"end":{"line":121,"column":null}},"type":"if","locations":[{"start":{"line":112,"column":4},"end":{"line":121,"column":null}}]},"18":{"loc":{"start":{"line":124,"column":4},"end":{"line":135,"column":null}},"type":"if","locations":[{"start":{"line":124,"column":4},"end":{"line":135,"column":null}}]},"19":{"loc":{"start":{"line":126,"column":6},"end":{"line":134,"column":null}},"type":"if","locations":[{"start":{"line":126,"column":6},"end":{"line":134,"column":null}}]},"20":{"loc":{"start":{"line":159,"column":17},"end":{"line":159,"column":null}},"type":"cond-expr","locations":[{"start":{"line":159,"column":42},"end":{"line":159,"column":55}},{"start":{"line":159,"column":58},"end":{"line":159,"column":null}}]},"21":{"loc":{"start":{"line":178,"column":4},"end":{"line":180,"column":null}},"type":"if","locations":[{"start":{"line":178,"column":4},"end":{"line":180,"column":null}}]},"22":{"loc":{"start":{"line":184,"column":4},"end":{"line":192,"column":null}},"type":"if","locations":[{"start":{"line":184,"column":4},"end":{"line":192,"column":null}}]},"23":{"loc":{"start":{"line":213,"column":17},"end":{"line":213,"column":null}},"type":"cond-expr","locations":[{"start":{"line":213,"column":42},"end":{"line":213,"column":55}},{"start":{"line":213,"column":58},"end":{"line":213,"column":null}}]}},"s":{"0":0,"1":0,"2":0,"3":0,"4":0,"5":0,"6":0,"7":0,"8":0,"9":0,"10":0,"11":0,"12":0,"13":0,"14":0,"15":0,"16":0,"17":0,"18":0,"19":0,"20":0,"21":0,"22":0,"23":0,"24":0,"25":0,"26":0,"27":0,"28":0,"29":0,"30":0,"31":0,"32":0,"33":0,"34":0,"35":0,"36":0,"37":0,"38":0,"39":0,"40":0,"41":0,"42":0,"43":0,"44":0,"45":0,"46":0,"47":0,"48":0,"49":0},"f":{"0":0,"1":0,"2":0},"b":{"0":[0],"1":[0],"2":[0,0],"3":[0],"4":[0],"5":[0,0],"6":[0,0],"7":[0,0],"8":[0,0],"9":[0,0],"10":[0,0],"11":[0,0],"12":[0,0],"13":[0,0],"14":[0,0],"15":[0,0],"16":[0,0],"17":[0],"18":[0],"19":[0],"20":[0,0],"21":[0],"22":[0],"23":[0,0]}}
,"/Users/staticcapy2/development/hacku-2025/src/app/api/progress/route.ts": {"path":"/Users/staticcapy2/development/hacku-2025/src/app/api/progress/route.ts","statementMap":{"0":{"start":{"line":209,"column":22},"end":{"line":209,"column":28}},"1":{"start":{"line":31,"column":22},"end":{"line":31,"column":25}},"2":{"start":{"line":106,"column":22},"end":{"line":106,"column":26}},"3":{"start":{"line":6,"column":42},"end":{"line":6,"column":null}},"4":{"start":{"line":7,"column":19},"end":{"line":7,"column":null}},"5":{"start":{"line":18,"column":7},"end":{"line":18,"column":null}},"6":{"start":{"line":32,"column":2},"end":{"line":99,"column":null}},"7":{"start":{"line":34,"column":4},"end":{"line":36,"column":null}},"8":{"start":{"line":35,"column":6},"end":{"line":35,"column":null}},"9":{"start":{"line":39,"column":16},"end":{"line":39,"column":null}},"10":{"start":{"line":40,"column":19},"end":{"line":40,"column":null}},"11":{"start":{"line":41,"column":27},"end":{"line":42,"column":null}},"12":{"start":{"line":44,"column":19},"end":{"line":44,"column":null}},"13":{"start":{"line":45,"column":28},"end":{"line":45,"column":null}},"14":{"start":{"line":47,"column":4},"end":{"line":55,"column":null}},"15":{"start":{"line":48,"column":6},"end":{"line":53,"column":null}},"16":{"start":{"line":58,"column":16},"end":{"line":58,"column":null}},"17":{"start":{"line":61,"column":4},"end":{"line":65,"column":null}},"18":{"start":{"line":62,"column":6},"end":{"line":63,"column":null}},"19":{"start":{"line":63,"column":22},"end":{"line":63,"column":null}},"20":{"start":{"line":67,"column":23},"end":{"line":67,"column":null}},"21":{"start":{"line":70,"column":4},"end":{"line":75,"column":null}},"22":{"start":{"line":71,"column":25},"end":{"line":71,"column":40}},"23":{"start":{"line":72,"column":6},"end":{"line":74,"column":null}},"24":{"start":{"line":73,"column":8},"end":{"line":73,"column":null}},"25":{"start":{"line":78,"column":21},"end":{"line":80,"column":null}},"26":{"start":{"line":82,"column":4},"end":{"line":87,"column":null}},"27":{"start":{"line":89,"column":4},"end":{"line":89,"column":null}},"28":{"start":{"line":91,"column":4},"end":{"line":97,"column":null}},"29":{"start":{"line":107,"column":2},"end":{"line":202,"column":null}},"30":{"start":{"line":109,"column":17},"end":{"line":109,"column":null}},"31":{"start":{"line":110,"column":57},"end":{"line":110,"column":null}},"32":{"start":{"line":112,"column":4},"end":{"line":120,"column":null}},"33":{"start":{"line":113,"column":6},"end":{"line":118,"column":null}},"34":{"start":{"line":123,"column":4},"end":{"line":125,"column":null}},"35":{"start":{"line":124,"column":6},"end":{"line":124,"column":null}},"36":{"start":{"line":128,"column":17},"end":{"line":128,"column":null}},"37":{"start":{"line":129,"column":4},"end":{"line":137,"column":null}},"38":{"start":{"line":130,"column":6},"end":{"line":135,"column":null}},"39":{"start":{"line":140,"column":29},"end":{"line":143,"column":null}},"40":{"start":{"line":145,"column":4},"end":{"line":158,"column":null}},"41":{"start":{"line":146,"column":6},"end":{"line":156,"column":null}},"42":{"start":{"line":161,"column":25},"end":{"line":161,"column":null}},"43":{"start":{"line":163,"column":4},"end":{"line":172,"column":null}},"44":{"start":{"line":164,"column":6},"end":{"line":170,"column":null}},"45":{"start":{"line":175,"column":4},"end":{"line":181,"column":null}},"46":{"start":{"line":176,"column":6},"end":{"line":176,"column":null}},"47":{"start":{"line":177,"column":6},"end":{"line":177,"column":null}},"48":{"start":{"line":178,"column":6},"end":{"line":178,"column":null}},"49":{"start":{"line":180,"column":6},"end":{"line":180,"column":null}},"50":{"start":{"line":183,"column":4},"end":{"line":189,"column":null}},"51":{"start":{"line":192,"column":4},"end":{"line":192,"column":null}},"52":{"start":{"line":194,"column":4},"end":{"line":200,"column":null}},"53":{"start":{"line":210,"column":2},"end":{"line":262,"column":null}},"54":{"start":{"line":212,"column":17},"end":{"line":212,"column":null}},"55":{"start":{"line":213,"column":39},"end":{"line":213,"column":null}},"56":{"start":{"line":216,"column":4},"end":{"line":218,"column":null}},"57":{"start":{"line":217,"column":6},"end":{"line":217,"column":null}},"58":{"start":{"line":220,"column":23},"end":{"line":220,"column":null}},"59":{"start":{"line":222,"column":4},"end":{"line":244,"column":null}},"60":{"start":{"line":224,"column":6},"end":{"line":224,"column":null}},"61":{"start":{"line":225,"column":11},"end":{"line":244,"column":null}},"62":{"start":{"line":227,"column":6},"end":{"line":235,"column":null}},"63":{"start":{"line":228,"column":8},"end":{"line":234,"column":null}},"64":{"start":{"line":229,"column":27},"end":{"line":229,"column":null}},"65":{"start":{"line":230,"column":10},"end":{"line":233,"column":null}},"66":{"start":{"line":231,"column":12},"end":{"line":231,"column":null}},"67":{"start":{"line":232,"column":12},"end":{"line":232,"column":null}},"68":{"start":{"line":237,"column":6},"end":{"line":242,"column":null}},"69":{"start":{"line":246,"column":4},"end":{"line":250,"column":null}},"70":{"start":{"line":252,"column":4},"end":{"line":252,"column":null}},"71":{"start":{"line":254,"column":4},"end":{"line":260,"column":null}},"72":{"start":{"line":272,"column":2},"end":{"line":323,"column":null}},"73":{"start":{"line":273,"column":23},"end":{"line":273,"column":null}},"74":{"start":{"line":274,"column":22},"end":{"line":274,"column":null}},"75":{"start":{"line":275,"column":4},"end":{"line":275,"column":null}},"76":{"start":{"line":278,"column":25},"end":{"line":282,"column":null}},"77":{"start":{"line":281,"column":18},"end":{"line":281,"column":null}},"78":{"start":{"line":285,"column":20},"end":{"line":289,"column":null}},"79":{"start":{"line":288,"column":18},"end":{"line":288,"column":null}},"80":{"start":{"line":291,"column":4},"end":{"line":293,"column":null}},"81":{"start":{"line":292,"column":6},"end":{"line":292,"column":null}},"82":{"start":{"line":296,"column":27},"end":{"line":296,"column":null}},"83":{"start":{"line":299,"column":29},"end":{"line":299,"column":null}},"84":{"start":{"line":302,"column":24},"end":{"line":305,"column":null}},"85":{"start":{"line":309,"column":57},"end":{"line":317,"column":null}},"86":{"start":{"line":319,"column":4},"end":{"line":319,"column":null}},"87":{"start":{"line":321,"column":4},"end":{"line":321,"column":null}},"88":{"start":{"line":322,"column":4},"end":{"line":322,"column":null}},"89":{"start":{"line":330,"column":2},"end":{"line":351,"column":null}},"90":{"start":{"line":332,"column":25},"end":{"line":337,"column":null}},"91":{"start":{"line":339,"column":4},"end":{"line":350,"column":null}},"92":{"start":{"line":353,"column":17},"end":{"line":353,"column":54}},"93":{"start":{"line":354,"column":19},"end":{"line":354,"column":56}},"94":{"start":{"line":357,"column":23},"end":{"line":359,"column":null}},"95":{"start":{"line":361,"column":25},"end":{"line":363,"column":null}},"96":{"start":{"line":365,"column":30},"end":{"line":367,"column":null}},"97":{"start":{"line":369,"column":31},"end":{"line":371,"column":null}},"98":{"start":{"line":373,"column":23},"end":{"line":375,"column":null}},"99":{"start":{"line":377,"column":25},"end":{"line":379,"column":null}},"100":{"start":{"line":381,"column":25},"end":{"line":383,"column":null}},"101":{"start":{"line":385,"column":25},"end":{"line":387,"column":null}},"102":{"start":{"line":390,"column":17},"end":{"line":399,"column":null}},"103":{"start":{"line":401,"column":2},"end":{"line":412,"column":null}},"104":{"start":{"line":422,"column":25},"end":{"line":422,"column":71}},"105":{"start":{"line":422,"column":47},"end":{"line":422,"column":63}},"106":{"start":{"line":423,"column":31},"end":{"line":425,"column":10}},"107":{"start":{"line":424,"column":11},"end":{"line":424,"column":33}},"108":{"start":{"line":426,"column":23},"end":{"line":426,"column":37}},"109":{"start":{"line":428,"column":2},"end":{"line":443,"column":null}},"110":{"start":{"line":451,"column":2},"end":{"line":451,"column":null}},"111":{"start":{"line":459,"column":2},"end":{"line":459,"column":null}},"112":{"start":{"line":466,"column":2},"end":{"line":466,"column":null}},"113":{"start":{"line":466,"column":33},"end":{"line":466,"column":null}},"114":{"start":{"line":468,"column":17},"end":{"line":468,"column":32}},"115":{"start":{"line":469,"column":2},"end":{"line":469,"column":null}},"116":{"start":{"line":469,"column":15},"end":{"line":469,"column":null}},"117":{"start":{"line":471,"column":2},"end":{"line":476,"column":null}},"118":{"start":{"line":483,"column":36},"end":{"line":483,"column":38}},"119":{"start":{"line":485,"column":2},"end":{"line":487,"column":null}},"120":{"start":{"line":486,"column":4},"end":{"line":486,"column":null}},"121":{"start":{"line":489,"column":2},"end":{"line":491,"column":null}},"122":{"start":{"line":490,"column":4},"end":{"line":490,"column":null}},"123":{"start":{"line":493,"column":2},"end":{"line":495,"column":null}},"124":{"start":{"line":494,"column":4},"end":{"line":494,"column":null}},"125":{"start":{"line":497,"column":2},"end":{"line":497,"column":null}}},"fnMap":{"0":{"name":"GET","decl":{"start":{"line":31,"column":22},"end":{"line":31,"column":25}},"loc":{"start":{"line":31,"column":46},"end":{"line":100,"column":null}}},"1":{"name":"(anonymous_5)","decl":{"start":{"line":63,"column":8},"end":{"line":63,"column":9}},"loc":{"start":{"line":63,"column":22},"end":{"line":63,"column":null}}},"2":{"name":"POST","decl":{"start":{"line":106,"column":22},"end":{"line":106,"column":26}},"loc":{"start":{"line":106,"column":47},"end":{"line":203,"column":null}}},"3":{"name":"DELETE","decl":{"start":{"line":209,"column":22},"end":{"line":209,"column":28}},"loc":{"start":{"line":209,"column":49},"end":{"line":263,"column":null}}},"4":{"name":"(anonymous_8)","decl":{"start":{"line":227,"column":48},"end":{"line":227,"column":null}},"loc":{"start":{"line":227,"column":48},"end":{"line":235,"column":null}}},"5":{"name":"generateProgressData","decl":{"start":{"line":268,"column":15},"end":{"line":268,"column":null}},"loc":{"start":{"line":270,"column":32},"end":{"line":324,"column":null}}},"6":{"name":"(anonymous_10)","decl":{"start":{"line":281,"column":11},"end":{"line":281,"column":12}},"loc":{"start":{"line":281,"column":18},"end":{"line":281,"column":null}}},"7":{"name":"(anonymous_11)","decl":{"start":{"line":288,"column":11},"end":{"line":288,"column":12}},"loc":{"start":{"line":288,"column":18},"end":{"line":288,"column":null}}},"8":{"name":"calculateMotionProgress","decl":{"start":{"line":329,"column":9},"end":{"line":329,"column":33}},"loc":{"start":{"line":329,"column":52},"end":{"line":413,"column":null}}},"9":{"name":"calculateActivityProgress","decl":{"start":{"line":418,"column":9},"end":{"line":418,"column":null}},"loc":{"start":{"line":420,"column":20},"end":{"line":444,"column":null}}},"10":{"name":"(anonymous_14)","decl":{"start":{"line":422,"column":40},"end":{"line":422,"column":41}},"loc":{"start":{"line":422,"column":47},"end":{"line":422,"column":63}}},"11":{"name":"(anonymous_15)","decl":{"start":{"line":424,"column":4},"end":{"line":424,"column":5}},"loc":{"start":{"line":424,"column":11},"end":{"line":424,"column":33}}},"12":{"name":"calculateCurrentStreak","decl":{"start":{"line":449,"column":9},"end":{"line":449,"column":32}},"loc":{"start":{"line":449,"column":46},"end":{"line":452,"column":null}}},"13":{"name":"calculateLongestStreak","decl":{"start":{"line":457,"column":9},"end":{"line":457,"column":32}},"loc":{"start":{"line":457,"column":46},"end":{"line":460,"column":null}}},"14":{"name":"generateProgressInsights","decl":{"start":{"line":465,"column":9},"end":{"line":465,"column":34}},"loc":{"start":{"line":465,"column":62},"end":{"line":477,"column":null}}},"15":{"name":"generateRecommendations","decl":{"start":{"line":482,"column":9},"end":{"line":482,"column":33}},"loc":{"start":{"line":482,"column":59},"end":{"line":498,"column":null}}}},"branchMap":{"0":{"loc":{"start":{"line":34,"column":4},"end":{"line":36,"column":null}},"type":"if","locations":[{"start":{"line":34,"column":4},"end":{"line":36,"column":null}}]},"1":{"loc":{"start":{"line":47,"column":4},"end":{"line":55,"column":null}},"type":"if","locations":[{"start":{"line":47,"column":4},"end":{"line":55,"column":null}}]},"2":{"loc":{"start":{"line":61,"column":4},"end":{"line":65,"column":null}},"type":"if","locations":[{"start":{"line":61,"column":4},"end":{"line":65,"column":null}}]},"3":{"loc":{"start":{"line":70,"column":4},"end":{"line":75,"column":null}},"type":"if","locations":[{"start":{"line":70,"column":4},"end":{"line":75,"column":null}}]},"4":{"loc":{"start":{"line":70,"column":8},"end":{"line":70,"column":43}},"type":"binary-expr","locations":[{"start":{"line":70,"column":8},"end":{"line":70,"column":18}},{"start":{"line":70,"column":18},"end":{"line":70,"column":43}}]},"5":{"loc":{"start":{"line":72,"column":6},"end":{"line":74,"column":null}},"type":"if","locations":[{"start":{"line":72,"column":6},"end":{"line":74,"column":null}}]},"6":{"loc":{"start":{"line":78,"column":21},"end":{"line":80,"column":null}},"type":"cond-expr","locations":[{"start":{"line":79,"column":8},"end":{"line":79,"column":null}},{"start":{"line":80,"column":8},"end":{"line":80,"column":null}}]},"7":{"loc":{"start":{"line":95,"column":17},"end":{"line":95,"column":null}},"type":"cond-expr","locations":[{"start":{"line":95,"column":42},"end":{"line":95,"column":55}},{"start":{"line":95,"column":58},"end":{"line":95,"column":null}}]},"8":{"loc":{"start":{"line":112,"column":4},"end":{"line":120,"column":null}},"type":"if","locations":[{"start":{"line":112,"column":4},"end":{"line":120,"column":null}}]},"9":{"loc":{"start":{"line":112,"column":8},"end":{"line":112,"column":36}},"type":"binary-expr","locations":[{"start":{"line":112,"column":8},"end":{"line":112,"column":19}},{"start":{"line":112,"column":19},"end":{"line":112,"column":36}}]},"10":{"loc":{"start":{"line":123,"column":4},"end":{"line":125,"column":null}},"type":"if","locations":[{"start":{"line":123,"column":4},"end":{"line":125,"column":null}}]},"11":{"loc":{"start":{"line":129,"column":4},"end":{"line":137,"column":null}},"type":"if","locations":[{"start":{"line":129,"column":4},"end":{"line":137,"column":null}}]},"12":{"loc":{"start":{"line":145,"column":4},"end":{"line":158,"column":null}},"type":"if","locations":[{"start":{"line":145,"column":4},"end":{"line":158,"column":null}}]},"13":{"loc":{"start":{"line":145,"column":8},"end":{"line":145,"column":47}},"type":"binary-expr","locations":[{"start":{"line":145,"column":8},"end":{"line":145,"column":28}},{"start":{"line":145,"column":28},"end":{"line":145,"column":47}}]},"14":{"loc":{"start":{"line":163,"column":4},"end":{"line":172,"column":null}},"type":"if","locations":[{"start":{"line":163,"column":4},"end":{"line":172,"column":null}}]},"15":{"loc":{"start":{"line":175,"column":4},"end":{"line":181,"column":null}},"type":"if","locations":[{"start":{"line":175,"column":4},"end":{"line":181,"column":null}},{"start":{"line":179,"column":11},"end":{"line":181,"column":null}}]},"16":{"loc":{"start":{"line":175,"column":8},"end":{"line":175,"column":46}},"type":"binary-expr","locations":[{"start":{"line":175,"column":8},"end":{"line":175,"column":28}},{"start":{"line":175,"column":28},"end":{"line":175,"column":46}}]},"17":{"loc":{"start":{"line":198,"column":17},"end":{"line":198,"column":null}},"type":"cond-expr","locations":[{"start":{"line":198,"column":42},"end":{"line":198,"column":55}},{"start":{"line":198,"column":58},"end":{"line":198,"column":null}}]},"18":{"loc":{"start":{"line":216,"column":4},"end":{"line":218,"column":null}},"type":"if","locations":[{"start":{"line":216,"column":4},"end":{"line":218,"column":null}}]},"19":{"loc":{"start":{"line":222,"column":4},"end":{"line":244,"column":null}},"type":"if","locations":[{"start":{"line":222,"column":4},"end":{"line":244,"column":null}},{"start":{"line":225,"column":11},"end":{"line":244,"column":null}}]},"20":{"loc":{"start":{"line":222,"column":8},"end":{"line":222,"column":29}},"type":"binary-expr","locations":[{"start":{"line":222,"column":8},"end":{"line":222,"column":21}},{"start":{"line":222,"column":21},"end":{"line":222,"column":29}}]},"21":{"loc":{"start":{"line":225,"column":11},"end":{"line":244,"column":null}},"type":"if","locations":[{"start":{"line":225,"column":11},"end":{"line":244,"column":null}},{"start":{"line":236,"column":11},"end":{"line":244,"column":null}}]},"22":{"loc":{"start":{"line":225,"column":15},"end":{"line":225,"column":42}},"type":"binary-expr","locations":[{"start":{"line":225,"column":15},"end":{"line":225,"column":22}},{"start":{"line":225,"column":22},"end":{"line":225,"column":42}}]},"23":{"loc":{"start":{"line":230,"column":10},"end":{"line":233,"column":null}},"type":"if","locations":[{"start":{"line":230,"column":10},"end":{"line":233,"column":null}}]},"24":{"loc":{"start":{"line":258,"column":17},"end":{"line":258,"column":null}},"type":"cond-expr","locations":[{"start":{"line":258,"column":42},"end":{"line":258,"column":55}},{"start":{"line":258,"column":58},"end":{"line":258,"column":null}}]},"25":{"loc":{"start":{"line":291,"column":4},"end":{"line":293,"column":null}},"type":"if","locations":[{"start":{"line":291,"column":4},"end":{"line":293,"column":null}}]},"26":{"loc":{"start":{"line":291,"column":8},"end":{"line":291,"column":59}},"type":"binary-expr","locations":[{"start":{"line":291,"column":8},"end":{"line":291,"column":37}},{"start":{"line":291,"column":37},"end":{"line":291,"column":59}}]},"27":{"loc":{"start":{"line":330,"column":2},"end":{"line":351,"column":null}},"type":"if","locations":[{"start":{"line":330,"column":2},"end":{"line":351,"column":null}}]},"28":{"loc":{"start":{"line":430,"column":6},"end":{"line":430,"column":null}},"type":"cond-expr","locations":[{"start":{"line":430,"column":25},"end":{"line":430,"column":77}},{"start":{"line":430,"column":77},"end":{"line":430,"column":null}}]},"29":{"loc":{"start":{"line":432,"column":6},"end":{"line":434,"column":null}},"type":"cond-expr","locations":[{"start":{"line":433,"column":10},"end":{"line":433,"column":null}},{"start":{"line":434,"column":10},"end":{"line":434,"column":null}}]},"30":{"loc":{"start":{"line":436,"column":6},"end":{"line":440,"column":null}},"type":"cond-expr","locations":[{"start":{"line":437,"column":10},"end":{"line":438,"column":null}},{"start":{"line":440,"column":10},"end":{"line":440,"column":null}}]},"31":{"loc":{"start":{"line":451,"column":9},"end":{"line":451,"column":null}},"type":"cond-expr","locations":[{"start":{"line":451,"column":30},"end":{"line":451,"column":34}},{"start":{"line":451,"column":34},"end":{"line":451,"column":null}}]},"32":{"loc":{"start":{"line":466,"column":2},"end":{"line":466,"column":null}},"type":"if","locations":[{"start":{"line":466,"column":2},"end":{"line":466,"column":null}}]},"33":{"loc":{"start":{"line":469,"column":2},"end":{"line":469,"column":null}},"type":"if","locations":[{"start":{"line":469,"column":2},"end":{"line":469,"column":null}}]},"34":{"loc":{"start":{"line":485,"column":2},"end":{"line":487,"column":null}},"type":"if","locations":[{"start":{"line":485,"column":2},"end":{"line":487,"column":null}}]},"35":{"loc":{"start":{"line":489,"column":2},"end":{"line":491,"column":null}},"type":"if","locations":[{"start":{"line":489,"column":2},"end":{"line":491,"column":null}}]},"36":{"loc":{"start":{"line":493,"column":2},"end":{"line":495,"column":null}},"type":"if","locations":[{"start":{"line":493,"column":2},"end":{"line":495,"column":null}}]}},"s":{"0":0,"1":0,"2":0,"3":0,"4":0,"5":0,"6":0,"7":0,"8":0,"9":0,"10":0,"11":0,"12":0,"13":0,"14":0,"15":0,"16":0,"17":0,"18":0,"19":0,"20":0,"21":0,"22":0,"23":0,"24":0,"25":0,"26":0,"27":0,"28":0,"29":0,"30":0,"31":0,"32":0,"33":0,"34":0,"35":0,"36":0,"37":0,"38":0,"39":0,"40":0,"41":0,"42":0,"43":0,"44":0,"45":0,"46":0,"47":0,"48":0,"49":0,"50":0,"51":0,"52":0,"53":0,"54":0,"55":0,"56":0,"57":0,"58":0,"59":0,"60":0,"61":0,"62":0,"63":0,"64":0,"65":0,"66":0,"67":0,"68":0,"69":0,"70":0,"71":0,"72":0,"73":0,"74":0,"75":0,"76":0,"77":0,"78":0,"79":0,"80":0,"81":0,"82":0,"83":0,"84":0,"85":0,"86":0,"87":0,"88":0,"89":0,"90":0,"91":0,"92":0,"93":0,"94":0,"95":0,"96":0,"97":0,"98":0,"99":0,"100":0,"101":0,"102":0,"103":0,"104":0,"105":0,"106":0,"107":0,"108":0,"109":0,"110":0,"111":0,"112":0,"113":0,"114":0,"115":0,"116":0,"117":0,"118":0,"119":0,"120":0,"121":0,"122":0,"123":0,"124":0,"125":0},"f":{"0":0,"1":0,"2":0,"3":0,"4":0,"5":0,"6":0,"7":0,"8":0,"9":0,"10":0,"11":0,"12":0,"13":0,"14":0,"15":0},"b":{"0":[0],"1":[0],"2":[0],"3":[0],"4":[0,0],"5":[0],"6":[0,0],"7":[0,0],"8":[0],"9":[0,0],"10":[0],"11":[0],"12":[0],"13":[0,0],"14":[0],"15":[0,0],"16":[0,0],"17":[0,0],"18":[0],"19":[0,0],"20":[0,0],"21":[0,0],"22":[0,0],"23":[0],"24":[0,0],"25":[0],"26":[0,0],"27":[0],"28":[0,0],"29":[0,0],"30":[0,0],"31":[0,0],"32":[0],"33":[0],"34":[0],"35":[0],"36":[0]}}
,"/Users/staticcapy2/development/hacku-2025/src/app/api/progress/[id]/route.ts": {"path":"/Users/staticcapy2/development/hacku-2025/src/app/api/progress/[id]/route.ts","statementMap":{"0":{"start":{"line":177,"column":22},"end":{"line":177,"column":28}},"1":{"start":{"line":23,"column":22},"end":{"line":23,"column":25}},"2":{"start":{"line":79,"column":22},"end":{"line":79,"column":25}},"3":{"start":{"line":6,"column":42},"end":{"line":6,"column":null}},"4":{"start":{"line":7,"column":19},"end":{"line":7,"column":null}},"5":{"start":{"line":13,"column":7},"end":{"line":13,"column":null}},"6":{"start":{"line":27,"column":2},"end":{"line":72,"column":null}},"7":{"start":{"line":28,"column":23},"end":{"line":28,"column":32}},"8":{"start":{"line":31,"column":4},"end":{"line":33,"column":null}},"9":{"start":{"line":32,"column":6},"end":{"line":32,"column":null}},"10":{"start":{"line":36,"column":25},"end":{"line":36,"column":null}},"11":{"start":{"line":38,"column":4},"end":{"line":46,"column":null}},"12":{"start":{"line":39,"column":6},"end":{"line":44,"column":null}},"13":{"start":{"line":49,"column":21},"end":{"line":54,"column":null}},"14":{"start":{"line":56,"column":4},"end":{"line":60,"column":null}},"15":{"start":{"line":62,"column":4},"end":{"line":62,"column":null}},"16":{"start":{"line":64,"column":4},"end":{"line":70,"column":null}},"17":{"start":{"line":83,"column":2},"end":{"line":170,"column":null}},"18":{"start":{"line":84,"column":23},"end":{"line":84,"column":32}},"19":{"start":{"line":85,"column":17},"end":{"line":85,"column":null}},"20":{"start":{"line":88,"column":4},"end":{"line":90,"column":null}},"21":{"start":{"line":89,"column":6},"end":{"line":89,"column":null}},"22":{"start":{"line":93,"column":29},"end":{"line":93,"column":null}},"23":{"start":{"line":94,"column":4},"end":{"line":102,"column":null}},"24":{"start":{"line":95,"column":6},"end":{"line":100,"column":null}},"25":{"start":{"line":105,"column":48},"end":{"line":115,"column":null}},"26":{"start":{"line":118,"column":29},"end":{"line":118,"column":null}},"27":{"start":{"line":119,"column":4},"end":{"line":128,"column":null}},"28":{"start":{"line":120,"column":6},"end":{"line":126,"column":null}},"29":{"start":{"line":131,"column":4},"end":{"line":142,"column":null}},"30":{"start":{"line":132,"column":19},"end":{"line":132,"column":null}},"31":{"start":{"line":133,"column":6},"end":{"line":141,"column":null}},"32":{"start":{"line":134,"column":8},"end":{"line":139,"column":null}},"33":{"start":{"line":145,"column":28},"end":{"line":145,"column":null}},"34":{"start":{"line":148,"column":4},"end":{"line":148,"column":null}},"35":{"start":{"line":149,"column":4},"end":{"line":149,"column":null}},"36":{"start":{"line":152,"column":4},"end":{"line":152,"column":null}},"37":{"start":{"line":154,"column":4},"end":{"line":158,"column":null}},"38":{"start":{"line":160,"column":4},"end":{"line":160,"column":null}},"39":{"start":{"line":162,"column":4},"end":{"line":168,"column":null}},"40":{"start":{"line":181,"column":2},"end":{"line":225,"column":null}},"41":{"start":{"line":182,"column":23},"end":{"line":182,"column":32}},"42":{"start":{"line":185,"column":4},"end":{"line":187,"column":null}},"43":{"start":{"line":186,"column":6},"end":{"line":186,"column":null}},"44":{"start":{"line":190,"column":29},"end":{"line":190,"column":null}},"45":{"start":{"line":191,"column":4},"end":{"line":199,"column":null}},"46":{"start":{"line":192,"column":6},"end":{"line":197,"column":null}},"47":{"start":{"line":202,"column":4},"end":{"line":202,"column":null}},"48":{"start":{"line":204,"column":4},"end":{"line":213,"column":null}},"49":{"start":{"line":215,"column":4},"end":{"line":215,"column":null}},"50":{"start":{"line":217,"column":4},"end":{"line":223,"column":null}},"51":{"start":{"line":240,"column":7},"end":{"line":240,"column":9}},"52":{"start":{"line":243,"column":2},"end":{"line":255,"column":null}},"53":{"start":{"line":244,"column":4},"end":{"line":248,"column":null}},"54":{"start":{"line":249,"column":9},"end":{"line":255,"column":null}},"55":{"start":{"line":250,"column":4},"end":{"line":254,"column":null}},"56":{"start":{"line":258,"column":2},"end":{"line":270,"column":null}},"57":{"start":{"line":259,"column":4},"end":{"line":263,"column":null}},"58":{"start":{"line":264,"column":9},"end":{"line":270,"column":null}},"59":{"start":{"line":265,"column":4},"end":{"line":269,"column":null}},"60":{"start":{"line":273,"column":2},"end":{"line":292,"column":null}},"61":{"start":{"line":274,"column":4},"end":{"line":278,"column":null}},"62":{"start":{"line":279,"column":9},"end":{"line":292,"column":null}},"63":{"start":{"line":280,"column":4},"end":{"line":285,"column":null}},"64":{"start":{"line":287,"column":4},"end":{"line":291,"column":null}},"65":{"start":{"line":295,"column":2},"end":{"line":307,"column":null}},"66":{"start":{"line":296,"column":4},"end":{"line":300,"column":null}},"67":{"start":{"line":301,"column":9},"end":{"line":307,"column":null}},"68":{"start":{"line":302,"column":4},"end":{"line":306,"column":null}},"69":{"start":{"line":309,"column":2},"end":{"line":309,"column":null}}},"fnMap":{"0":{"name":"GET","decl":{"start":{"line":23,"column":22},"end":{"line":23,"column":25}},"loc":{"start":{"line":25,"column":40},"end":{"line":73,"column":null}}},"1":{"name":"PUT","decl":{"start":{"line":79,"column":22},"end":{"line":79,"column":25}},"loc":{"start":{"line":81,"column":40},"end":{"line":171,"column":null}}},"2":{"name":"DELETE","decl":{"start":{"line":177,"column":22},"end":{"line":177,"column":28}},"loc":{"start":{"line":179,"column":40},"end":{"line":226,"column":null}}},"3":{"name":"generateDetailedRecommendations","decl":{"start":{"line":231,"column":9},"end":{"line":231,"column":41}},"loc":{"start":{"line":231,"column":67},"end":{"line":310,"column":null}}}},"branchMap":{"0":{"loc":{"start":{"line":31,"column":4},"end":{"line":33,"column":null}},"type":"if","locations":[{"start":{"line":31,"column":4},"end":{"line":33,"column":null}}]},"1":{"loc":{"start":{"line":38,"column":4},"end":{"line":46,"column":null}},"type":"if","locations":[{"start":{"line":38,"column":4},"end":{"line":46,"column":null}}]},"2":{"loc":{"start":{"line":68,"column":17},"end":{"line":68,"column":null}},"type":"cond-expr","locations":[{"start":{"line":68,"column":42},"end":{"line":68,"column":55}},{"start":{"line":68,"column":58},"end":{"line":68,"column":null}}]},"3":{"loc":{"start":{"line":88,"column":4},"end":{"line":90,"column":null}},"type":"if","locations":[{"start":{"line":88,"column":4},"end":{"line":90,"column":null}}]},"4":{"loc":{"start":{"line":94,"column":4},"end":{"line":102,"column":null}},"type":"if","locations":[{"start":{"line":94,"column":4},"end":{"line":102,"column":null}}]},"5":{"loc":{"start":{"line":106,"column":14},"end":{"line":106,"column":52}},"type":"binary-expr","locations":[{"start":{"line":106,"column":14},"end":{"line":106,"column":25}},{"start":{"line":106,"column":29},"end":{"line":106,"column":52}}]},"6":{"loc":{"start":{"line":107,"column":22},"end":{"line":107,"column":76}},"type":"binary-expr","locations":[{"start":{"line":107,"column":22},"end":{"line":107,"column":41}},{"start":{"line":107,"column":45},"end":{"line":107,"column":76}}]},"7":{"loc":{"start":{"line":108,"column":22},"end":{"line":108,"column":76}},"type":"binary-expr","locations":[{"start":{"line":108,"column":22},"end":{"line":108,"column":41}},{"start":{"line":108,"column":45},"end":{"line":108,"column":76}}]},"8":{"loc":{"start":{"line":110,"column":8},"end":{"line":110,"column":66}},"type":"binary-expr","locations":[{"start":{"line":110,"column":8},"end":{"line":110,"column":29}},{"start":{"line":110,"column":33},"end":{"line":110,"column":66}}]},"9":{"loc":{"start":{"line":112,"column":8},"end":{"line":112,"column":66}},"type":"binary-expr","locations":[{"start":{"line":112,"column":8},"end":{"line":112,"column":29}},{"start":{"line":112,"column":33},"end":{"line":112,"column":66}}]},"10":{"loc":{"start":{"line":113,"column":19},"end":{"line":113,"column":67}},"type":"binary-expr","locations":[{"start":{"line":113,"column":19},"end":{"line":113,"column":35}},{"start":{"line":113,"column":39},"end":{"line":113,"column":67}}]},"11":{"loc":{"start":{"line":114,"column":19},"end":{"line":114,"column":67}},"type":"binary-expr","locations":[{"start":{"line":114,"column":19},"end":{"line":114,"column":35}},{"start":{"line":114,"column":39},"end":{"line":114,"column":67}}]},"12":{"loc":{"start":{"line":119,"column":4},"end":{"line":128,"column":null}},"type":"if","locations":[{"start":{"line":119,"column":4},"end":{"line":128,"column":null}}]},"13":{"loc":{"start":{"line":131,"column":4},"end":{"line":142,"column":null}},"type":"if","locations":[{"start":{"line":131,"column":4},"end":{"line":142,"column":null}}]},"14":{"loc":{"start":{"line":133,"column":6},"end":{"line":141,"column":null}},"type":"if","locations":[{"start":{"line":133,"column":6},"end":{"line":141,"column":null}}]},"15":{"loc":{"start":{"line":166,"column":17},"end":{"line":166,"column":null}},"type":"cond-expr","locations":[{"start":{"line":166,"column":42},"end":{"line":166,"column":55}},{"start":{"line":166,"column":58},"end":{"line":166,"column":null}}]},"16":{"loc":{"start":{"line":185,"column":4},"end":{"line":187,"column":null}},"type":"if","locations":[{"start":{"line":185,"column":4},"end":{"line":187,"column":null}}]},"17":{"loc":{"start":{"line":191,"column":4},"end":{"line":199,"column":null}},"type":"if","locations":[{"start":{"line":191,"column":4},"end":{"line":199,"column":null}}]},"18":{"loc":{"start":{"line":221,"column":17},"end":{"line":221,"column":null}},"type":"cond-expr","locations":[{"start":{"line":221,"column":42},"end":{"line":221,"column":55}},{"start":{"line":221,"column":58},"end":{"line":221,"column":null}}]},"19":{"loc":{"start":{"line":243,"column":2},"end":{"line":255,"column":null}},"type":"if","locations":[{"start":{"line":243,"column":2},"end":{"line":255,"column":null}},{"start":{"line":249,"column":9},"end":{"line":255,"column":null}}]},"20":{"loc":{"start":{"line":249,"column":9},"end":{"line":255,"column":null}},"type":"if","locations":[{"start":{"line":249,"column":9},"end":{"line":255,"column":null}}]},"21":{"loc":{"start":{"line":258,"column":2},"end":{"line":270,"column":null}},"type":"if","locations":[{"start":{"line":258,"column":2},"end":{"line":270,"column":null}},{"start":{"line":264,"column":9},"end":{"line":270,"column":null}}]},"22":{"loc":{"start":{"line":264,"column":9},"end":{"line":270,"column":null}},"type":"if","locations":[{"start":{"line":264,"column":9},"end":{"line":270,"column":null}}]},"23":{"loc":{"start":{"line":273,"column":2},"end":{"line":292,"column":null}},"type":"if","locations":[{"start":{"line":273,"column":2},"end":{"line":292,"column":null}},{"start":{"line":279,"column":9},"end":{"line":292,"column":null}}]},"24":{"loc":{"start":{"line":279,"column":9},"end":{"line":292,"column":null}},"type":"if","locations":[{"start":{"line":279,"column":9},"end":{"line":292,"column":null}},{"start":{"line":286,"column":9},"end":{"line":292,"column":null}}]},"25":{"loc":{"start":{"line":295,"column":2},"end":{"line":307,"column":null}},"type":"if","locations":[{"start":{"line":295,"column":2},"end":{"line":307,"column":null}},{"start":{"line":301,"column":9},"end":{"line":307,"column":null}}]},"26":{"loc":{"start":{"line":301,"column":9},"end":{"line":307,"column":null}},"type":"if","locations":[{"start":{"line":301,"column":9},"end":{"line":307,"column":null}}]}},"s":{"0":0,"1":0,"2":0,"3":0,"4":0,"5":0,"6":0,"7":0,"8":0,"9":0,"10":0,"11":0,"12":0,"13":0,"14":0,"15":0,"16":0,"17":0,"18":0,"19":0,"20":0,"21":0,"22":0,"23":0,"24":0,"25":0,"26":0,"27":0,"28":0,"29":0,"30":0,"31":0,"32":0,"33":0,"34":0,"35":0,"36":0,"37":0,"38":0,"39":0,"40":0,"41":0,"42":0,"43":0,"44":0,"45":0,"46":0,"47":0,"48":0,"49":0,"50":0,"51":0,"52":0,"53":0,"54":0,"55":0,"56":0,"57":0,"58":0,"59":0,"60":0,"61":0,"62":0,"63":0,"64":0,"65":0,"66":0,"67":0,"68":0,"69":0},"f":{"0":0,"1":0,"2":0,"3":0},"b":{"0":[0],"1":[0],"2":[0,0],"3":[0],"4":[0],"5":[0,0],"6":[0,0],"7":[0,0],"8":[0,0],"9":[0,0],"10":[0,0],"11":[0,0],"12":[0],"13":[0],"14":[0],"15":[0,0],"16":[0],"17":[0],"18":[0,0],"19":[0,0],"20":[0],"21":[0,0],"22":[0],"23":[0,0],"24":[0,0],"25":[0,0],"26":[0]}}
,"/Users/staticcapy2/development/hacku-2025/src/app/api/users/route.ts": {"path":"/Users/staticcapy2/development/hacku-2025/src/app/api/users/route.ts","statementMap":{"0":{"start":{"line":15,"column":22},"end":{"line":15,"column":25}},"1":{"start":{"line":48,"column":22},"end":{"line":48,"column":26}},"2":{"start":{"line":6,"column":42},"end":{"line":6,"column":null}},"3":{"start":{"line":7,"column":19},"end":{"line":7,"column":null}},"4":{"start":{"line":8,"column":41},"end":{"line":8,"column":null}},"5":{"start":{"line":16,"column":2},"end":{"line":41,"column":null}},"6":{"start":{"line":18,"column":4},"end":{"line":20,"column":null}},"7":{"start":{"line":19,"column":6},"end":{"line":19,"column":null}},"8":{"start":{"line":23,"column":18},"end":{"line":23,"column":null}},"9":{"start":{"line":25,"column":4},"end":{"line":29,"column":null}},"10":{"start":{"line":31,"column":4},"end":{"line":31,"column":null}},"11":{"start":{"line":33,"column":4},"end":{"line":39,"column":null}},"12":{"start":{"line":49,"column":2},"end":{"line":122,"column":null}},"13":{"start":{"line":51,"column":17},"end":{"line":51,"column":null}},"14":{"start":{"line":54,"column":44},"end":{"line":61,"column":null}},"15":{"start":{"line":64,"column":29},"end":{"line":64,"column":null}},"16":{"start":{"line":65,"column":4},"end":{"line":74,"column":null}},"17":{"start":{"line":66,"column":6},"end":{"line":72,"column":null}},"18":{"start":{"line":77,"column":4},"end":{"line":79,"column":null}},"19":{"start":{"line":78,"column":6},"end":{"line":78,"column":null}},"20":{"start":{"line":82,"column":25},"end":{"line":85,"column":null}},"21":{"start":{"line":87,"column":4},"end":{"line":95,"column":null}},"22":{"start":{"line":88,"column":6},"end":{"line":93,"column":null}},"23":{"start":{"line":98,"column":20},"end":{"line":98,"column":null}},"24":{"start":{"line":101,"column":4},"end":{"line":101,"column":null}},"25":{"start":{"line":103,"column":4},"end":{"line":109,"column":null}},"26":{"start":{"line":112,"column":4},"end":{"line":112,"column":null}},"27":{"start":{"line":114,"column":4},"end":{"line":120,"column":null}}},"fnMap":{"0":{"name":"GET","decl":{"start":{"line":15,"column":22},"end":{"line":15,"column":25}},"loc":{"start":{"line":15,"column":22},"end":{"line":42,"column":null}}},"1":{"name":"POST","decl":{"start":{"line":48,"column":22},"end":{"line":48,"column":26}},"loc":{"start":{"line":48,"column":47},"end":{"line":123,"column":null}}}},"branchMap":{"0":{"loc":{"start":{"line":18,"column":4},"end":{"line":20,"column":null}},"type":"if","locations":[{"start":{"line":18,"column":4},"end":{"line":20,"column":null}}]},"1":{"loc":{"start":{"line":37,"column":17},"end":{"line":37,"column":null}},"type":"cond-expr","locations":[{"start":{"line":37,"column":42},"end":{"line":37,"column":55}},{"start":{"line":37,"column":58},"end":{"line":37,"column":null}}]},"2":{"loc":{"start":{"line":56,"column":22},"end":{"line":58,"column":null}},"type":"cond-expr","locations":[{"start":{"line":57,"column":10},"end":{"line":57,"column":null}},{"start":{"line":58,"column":10},"end":{"line":58,"column":null}}]},"3":{"loc":{"start":{"line":65,"column":4},"end":{"line":74,"column":null}},"type":"if","locations":[{"start":{"line":65,"column":4},"end":{"line":74,"column":null}}]},"4":{"loc":{"start":{"line":77,"column":4},"end":{"line":79,"column":null}},"type":"if","locations":[{"start":{"line":77,"column":4},"end":{"line":79,"column":null}}]},"5":{"loc":{"start":{"line":87,"column":4},"end":{"line":95,"column":null}},"type":"if","locations":[{"start":{"line":87,"column":4},"end":{"line":95,"column":null}}]},"6":{"loc":{"start":{"line":118,"column":17},"end":{"line":118,"column":null}},"type":"cond-expr","locations":[{"start":{"line":118,"column":42},"end":{"line":118,"column":55}},{"start":{"line":118,"column":58},"end":{"line":118,"column":null}}]}},"s":{"0":0,"1":0,"2":0,"3":0,"4":0,"5":0,"6":0,"7":0,"8":0,"9":0,"10":0,"11":0,"12":0,"13":0,"14":0,"15":0,"16":0,"17":0,"18":0,"19":0,"20":0,"21":0,"22":0,"23":0,"24":0,"25":0,"26":0,"27":0},"f":{"0":0,"1":0},"b":{"0":[0],"1":[0,0],"2":[0,0],"3":[0],"4":[0],"5":[0],"6":[0,0]}}
,"/Users/staticcapy2/development/hacku-2025/src/app/api/users/[id]/route.ts": {"path":"/Users/staticcapy2/development/hacku-2025/src/app/api/users/[id]/route.ts","statementMap":{"0":{"start":{"line":175,"column":22},"end":{"line":175,"column":28}},"1":{"start":{"line":15,"column":22},"end":{"line":15,"column":25}},"2":{"start":{"line":62,"column":22},"end":{"line":62,"column":25}},"3":{"start":{"line":6,"column":42},"end":{"line":6,"column":null}},"4":{"start":{"line":7,"column":19},"end":{"line":7,"column":null}},"5":{"start":{"line":8,"column":41},"end":{"line":8,"column":null}},"6":{"start":{"line":19,"column":2},"end":{"line":55,"column":null}},"7":{"start":{"line":20,"column":19},"end":{"line":20,"column":28}},"8":{"start":{"line":23,"column":4},"end":{"line":25,"column":null}},"9":{"start":{"line":24,"column":6},"end":{"line":24,"column":null}},"10":{"start":{"line":28,"column":17},"end":{"line":28,"column":null}},"11":{"start":{"line":30,"column":4},"end":{"line":38,"column":null}},"12":{"start":{"line":31,"column":6},"end":{"line":36,"column":null}},"13":{"start":{"line":40,"column":4},"end":{"line":43,"column":null}},"14":{"start":{"line":45,"column":4},"end":{"line":45,"column":null}},"15":{"start":{"line":47,"column":4},"end":{"line":53,"column":null}},"16":{"start":{"line":66,"column":2},"end":{"line":168,"column":null}},"17":{"start":{"line":67,"column":19},"end":{"line":67,"column":28}},"18":{"start":{"line":68,"column":17},"end":{"line":68,"column":null}},"19":{"start":{"line":71,"column":44},"end":{"line":75,"column":null}},"20":{"start":{"line":78,"column":39},"end":{"line":78,"column":41}},"21":{"start":{"line":79,"column":4},"end":{"line":85,"column":null}},"22":{"start":{"line":80,"column":6},"end":{"line":84,"column":null}},"23":{"start":{"line":81,"column":8},"end":{"line":81,"column":null}},"24":{"start":{"line":82,"column":13},"end":{"line":84,"column":null}},"25":{"start":{"line":83,"column":8},"end":{"line":83,"column":null}},"26":{"start":{"line":86,"column":4},"end":{"line":93,"column":null}},"27":{"start":{"line":87,"column":6},"end":{"line":92,"column":null}},"28":{"start":{"line":91,"column":8},"end":{"line":91,"column":null}},"29":{"start":{"line":94,"column":4},"end":{"line":98,"column":null}},"30":{"start":{"line":95,"column":6},"end":{"line":97,"column":null}},"31":{"start":{"line":96,"column":8},"end":{"line":96,"column":null}},"32":{"start":{"line":99,"column":4},"end":{"line":108,"column":null}},"33":{"start":{"line":100,"column":6},"end":{"line":106,"column":null}},"34":{"start":{"line":111,"column":4},"end":{"line":113,"column":null}},"35":{"start":{"line":112,"column":6},"end":{"line":112,"column":null}},"36":{"start":{"line":116,"column":25},"end":{"line":116,"column":null}},"37":{"start":{"line":117,"column":4},"end":{"line":125,"column":null}},"38":{"start":{"line":118,"column":6},"end":{"line":123,"column":null}},"39":{"start":{"line":128,"column":4},"end":{"line":144,"column":null}},"40":{"start":{"line":129,"column":28},"end":{"line":133,"column":null}},"41":{"start":{"line":132,"column":23},"end":{"line":132,"column":null}},"42":{"start":{"line":135,"column":6},"end":{"line":143,"column":null}},"43":{"start":{"line":136,"column":8},"end":{"line":141,"column":null}},"44":{"start":{"line":147,"column":24},"end":{"line":147,"column":null}},"45":{"start":{"line":150,"column":4},"end":{"line":150,"column":null}},"46":{"start":{"line":152,"column":4},"end":{"line":156,"column":null}},"47":{"start":{"line":158,"column":4},"end":{"line":158,"column":null}},"48":{"start":{"line":160,"column":4},"end":{"line":166,"column":null}},"49":{"start":{"line":179,"column":2},"end":{"line":269,"column":null}},"50":{"start":{"line":180,"column":19},"end":{"line":180,"column":28}},"51":{"start":{"line":183,"column":4},"end":{"line":185,"column":null}},"52":{"start":{"line":184,"column":6},"end":{"line":184,"column":null}},"53":{"start":{"line":188,"column":25},"end":{"line":188,"column":null}},"54":{"start":{"line":189,"column":4},"end":{"line":197,"column":null}},"55":{"start":{"line":190,"column":6},"end":{"line":195,"column":null}},"56":{"start":{"line":200,"column":59},"end":{"line":204,"column":null}},"57":{"start":{"line":206,"column":29},"end":{"line":206,"column":null}},"58":{"start":{"line"
[...]
{"line":97,"column":2},"end":{"line":97,"column":null}},"25":{"start":{"line":103,"column":40},"end":{"line":106,"column":null}},"26":{"start":{"line":104,"column":22},"end":{"line":104,"column":null}},"27":{"start":{"line":105,"column":2},"end":{"line":105,"column":null}},"28":{"start":{"line":111,"column":31},"end":{"line":114,"column":null}},"29":{"start":{"line":112,"column":22},"end":{"line":112,"column":null}},"30":{"start":{"line":113,"column":2},"end":{"line":113,"column":null}},"31":{"start":{"line":119,"column":37},"end":{"line":122,"column":null}},"32":{"start":{"line":120,"column":19},"end":{"line":120,"column":null}},"33":{"start":{"line":121,"column":2},"end":{"line":121,"column":null}},"34":{"start":{"line":127,"column":36},"end":{"line":188,"column":null}},"35":{"start":{"line":130,"column":25},"end":{"line":130,"column":null}},"36":{"start":{"line":132,"column":4},"end":{"line":136,"column":null}},"37":{"start":{"line":138,"column":4},"end":{"line":187,"column":null}},"38":{"start":{"line":140,"column":25},"end":{"line":142,"column":null}},"39":{"start":{"line":145,"column":26},"end":{"line":145,"column":71}},"40":{"start":{"line":146,"column":21},"end":{"line":146,"column":null}},"41":{"start":{"line":149,"column":25},"end":{"line":149,"column":51}},"42":{"start":{"line":150,"column":23},"end":{"line":150,"column":null}},"43":{"start":{"line":152,"column":6},"end":{"line":161,"column":null}},"44":{"start":{"line":164,"column":6},"end":{"line":171,"column":null}},"45":{"start":{"line":165,"column":8},"end":{"line":170,"column":null}},"46":{"start":{"line":173,"column":6},"end":{"line":173,"column":null}},"47":{"start":{"line":176,"column":8},"end":{"line":176,"column":null}},"48":{"start":{"line":178,"column":6},"end":{"line":184,"column":null}},"49":{"start":{"line":186,"column":6},"end":{"line":186,"column":null}},"50":{"start":{"line":194,"column":30},"end":{"line":208,"column":null}},"51":{"start":{"line":195,"column":23},"end":{"line":195,"column":null}},"52":{"start":{"line":197,"column":2},"end":{"line":200,"column":null}},"53":{"start":{"line":199,"column":4},"end":{"line":199,"column":null}},"54":{"start":{"line":199,"column":55},"end":{"line":199,"column":null}},"55":{"start":{"line":202,"column":2},"end":{"line":207,"column":null}},"56":{"start":{"line":213,"column":36},"end":{"line":230,"column":null}},"57":{"start":{"line":214,"column":2},"end":{"line":229,"column":null}},"58":{"start":{"line":215,"column":20},"end":{"line":215,"column":null}},"59":{"start":{"line":216,"column":25},"end":{"line":222,"column":null}},"60":{"start":{"line":217,"column":26},"end":{"line":217,"column":null}},"61":{"start":{"line":218,"column":24},"end":{"line":222,"column":null}},"62":{"start":{"line":224,"column":4},"end":{"line":224,"column":null}},"63":{"start":{"line":225,"column":4},"end":{"line":225,"column":null}},"64":{"start":{"line":227,"column":4},"end":{"line":227,"column":null}},"65":{"start":{"line":228,"column":4},"end":{"line":228,"column":null}},"66":{"start":{"line":235,"column":38},"end":{"line":284,"column":null}},"67":{"start":{"line":238,"column":25},"end":{"line":238,"column":null}},"68":{"start":{"line":239,"column":28},"end":{"line":239,"column":null}},"69":{"start":{"line":242,"column":4},"end":{"line":244,"column":null}},"70":{"start":{"line":243,"column":6},"end":{"line":243,"column":null}},"71":{"start":{"line":243,"column":57},"end":{"line":243,"column":null}},"72":{"start":{"line":246,"column":4},"end":{"line":283,"column":null}},"73":{"start":{"line":248,"column":50},"end":{"line":256,"column":null}},"74":{"start":{"line":258,"column":21},"end":{"line":258,"column":null}},"75":{"start":{"line":260,"column":6},"end":{"line":266,"column":null}},"76":{"start":{"line":268,"column":6},"end":{"line":268,"column":null}},"77":{"start":{"line":271,"column":8},"end":{"line":273,"column":null}},"78":{"start":{"line":275,"column":6},"end":{"line":280,"column":null}},"79":{"start":{"line":282,"column":6},"end":{"line":282,"column":null}},"80":{"start":{"line":290,"column":42},"end":{"line":322,"column":null}},"81":{"start":{"line":293,"column":25},"end":{"line":293,"column":null}},"82":{"start":{"line":294,"column":28},"end":{"line":294,"column":null}},"83":{"start":{"line":296,"column":4},"end":{"line":298,"column":null}},"84":{"start":{"line":297,"column":6},"end":{"line":297,"column":null}},"85":{"start":{"line":300,"column":4},"end":{"line":321,"column":null}},"86":{"start":{"line":301,"column":25},"end":{"line":301,"column":64}},"87":{"start":{"line":303,"column":6},"end":{"line":305,"column":null}},"88":{"start":{"line":304,"column":8},"end":{"line":304,"column":null}},"89":{"start":{"line":307,"column":6},"end":{"line":311,"column":null}},"90":{"start":{"line":313,"column":6},"end":{"line":317,"column":null}},"91":{"start":{"line":319,"column":6},"end":{"line":319,"column":null}},"92":{"start":{"line":320,"column":6},"end":{"line":320,"column":null}},"93":{"start":{"line":328,"column":36},"end":{"line":335,"column":null}},"94":{"start":{"line":329,"column":23},"end":{"line":329,"column":null}},"95":{"start":{"line":331,"column":2},"end":{"line":334,"column":null}}},"fnMap":{"0":{"name":"(anonymous_15)","decl":{"start":{"line":85,"column":42},"end":{"line":85,"column":43}},"loc":{"start":{"line":85,"column":43},"end":{"line":90,"column":null}}},"1":{"name":"(anonymous_16)","decl":{"start":{"line":95,"column":50},"end":{"line":95,"column":51}},"loc":{"start":{"line":95,"column":51},"end":{"line":98,"column":null}}},"2":{"name":"(anonymous_17)","decl":{"start":{"line":103,"column":45},"end":{"line":103,"column":46}},"loc":{"start":{"line":103,"column":46},"end":{"line":106,"column":null}}},"3":{"name":"(anonymous_18)","decl":{"start":{"line":111,"column":36},"end":{"line":111,"column":37}},"loc":{"start":{"line":111,"column":37},"end":{"line":114,"column":null}}},"4":{"name":"(anonymous_19)","decl":{"start":{"line":119,"column":42},"end":{"line":119,"column":43}},"loc":{"start":{"line":119,"column":43},"end":{"line":122,"column":null}}},"5":{"name":"(anonymous_20)","decl":{"start":{"line":129,"column":2},"end":{"line":129,"column":9}},"loc":{"start":{"line":129,"column":19},"end":{"line":188,"column":null}}},"6":{"name":"(anonymous_21)","decl":{"start":{"line":194,"column":41},"end":{"line":194,"column":42}},"loc":{"start":{"line":194,"column":47},"end":{"line":208,"column":null}}},"7":{"name":"(anonymous_22)","decl":{"start":{"line":199,"column":44},"end":{"line":199,"column":45}},"loc":{"start":{"line":199,"column":55},"end":{"line":199,"column":null}}},"8":{"name":"(anonymous_23)","decl":{"start":{"line":213,"column":47},"end":{"line":213,"column":54}},"loc":{"start":{"line":213,"column":59},"end":{"line":230,"column":null}}},"9":{"name":"(anonymous_24)","decl":{"start":{"line":217,"column":14},"end":{"line":217,"column":15}},"loc":{"start":{"line":217,"column":26},"end":{"line":217,"column":null}}},"10":{"name":"(anonymous_25)","decl":{"start":{"line":218,"column":11},"end":{"line":218,"column":12}},"loc":{"start":{"line":218,"column":24},"end":{"line":222,"column":null}}},"11":{"name":"(anonymous_26)","decl":{"start":{"line":237,"column":2},"end":{"line":237,"column":9}},"loc":{"start":{"line":237,"column":19},"end":{"line":284,"column":null}}},"12":{"name":"(anonymous_27)","decl":{"start":{"line":243,"column":46},"end":{"line":243,"column":47}},"loc":{"start":{"line":243,"column":57},"end":{"line":243,"column":null}}},"13":{"name":"(anonymous_28)","decl":{"start":{"line":292,"column":2},"end":{"line":292,"column":9}},"loc":{"start":{"line":292,"column":34},"end":{"line":322,"column":null}}},"14":{"name":"(anonymous_29)","decl":{"start":{"line":328,"column":47},"end":{"line":328,"column":48}},"loc":{"start":{"line":328,"column":53},"end":{"line":335,"column":null}}}},"branchMap":{"0":{"loc":{"start":{"line":88,"column":4},"end":{"line":88,"column":76}},"type":"binary-expr","locations":[{"start":{"line":88,"column":4},"end":{"line":88,"column":35}},{"start":{"line":88,"column":35},"end":{"line":88,"column":54}},{"start":{"line":88,"column":58},"end":{"line":88,"column":76}}]},"1":{"loc":{"start":{"line":145,"column":26},"end":{"line":145,"column":71}},"type":"binary-expr","locations":[{"start":{"line":145,"column":26},"end":{"line":145,"column":47}},{"start":{"line":145,"column":47},"end":{"line":145,"column":71}}]},"2":{"loc":{"start":{"line":164,"column":6},"end":{"line":171,"column":null}},"type":"if","locations":[{"start":{"line":164,"column":6},"end":{"line":171,"column":null}}]},"3":{"loc":{"start":{"line":164,"column":10},"end":{"line":164,"column":77}},"type":"binary-expr","locations":[{"start":{"line":164,"column":10},"end":{"line":164,"column":22}},{"start":{"line":164,"column":22},"end":{"line":164,"column":36}},{"start":{"line":164,"column":40},"end":{"line":164,"column":55}},{"start":{"line":164,"column":59},"end":{"line":164,"column":77}}]},"4":{"loc":{"start":{"line":168,"column":22},"end":{"line":168,"column":null}},"type":"binary-expr","locations":[{"start":{"line":168,"column":22},"end":{"line":168,"column":42}},{"start":{"line":168,"column":73},"end":{"line":168,"column":null}}]},"5":{"loc":{"start":{"line":176,"column":8},"end":{"line":176,"column":null}},"type":"cond-expr","locations":[{"start":{"line":176,"column":33},"end":{"line":176,"column":46}},{"start":{"line":176,"column":49},"end":{"line":176,"column":null}}]},"6":{"loc":{"start":{"line":197,"column":2},"end":{"line":200,"column":null}},"type":"if","locations":[{"start":{"line":197,"column":2},"end":{"line":200,"column":null}}]},"7":{"loc":{"start":{"line":220,"column":15},"end":{"line":220,"column":70}},"type":"binary-expr","locations":[{"start":{"line":220,"column":15},"end":{"line":220,"column":27}},{"start":{"line":220,"column":31},"end":{"line":220,"column":70}}]},"8":{"loc":{"start":{"line":242,"column":4},"end":{"line":244,"column":null}},"type":"if","locations":[{"start":{"line":242,"column":4},"end":{"line":244,"column":null}}]},"9":{"loc":{"start":{"line":271,"column":8},"end":{"line":273,"column":null}},"type":"cond-expr","locations":[{"start":{"line":272,"column":12},"end":{"line":272,"column":25}},{"start":{"line":273,"column":12},"end":{"line":273,"column":null}}]},"10":{"loc":{"start":{"line":296,"column":4},"end":{"line":298,"column":null}},"type":"if","locations":[{"start":{"line":296,"column":4},"end":{"line":298,"column":null}}]},"11":{"loc":{"start":{"line":303,"column":6},"end":{"line":305,"column":null}},"type":"if","locations":[{"start":{"line":303,"column":6},"end":{"line":305,"column":null}}]}},"s":{"0":0,"1":0,"2":0,"3":0,"4":0,"5":0,"6":0,"7":0,"8":0,"9":0,"10":0,"11":0,"12":0,"13":0,"14":0,"15":0,"16":0,"17":0,"18":0,"19":0,"20":0,"21":0,"22":0,"23":0,"24":0,"25":0,"26":0,"27":0,"28":0,"29":0,"30":0,"31":0,"32":0,"33":0,"34":0,"35":0,"36":0,"37":0,"38":0,"39":0,"40":0,"41":0,"42":0,"43":0,"44":0,"45":0,"46":0,"47":0,"48":0,"49":0,"50":0,"51":0,"52":0,"53":0,"54":0,"55":0,"56":0,"57":0,"58":0,"59":0,"60":0,"61":0,"62":0,"63":0,"64":0,"65":0,"66":0,"67":0,"68":0,"69":0,"70":0,"71":0,"72":0,"73":0,"74":0,"75":0,"76":0,"77":0,"78":0,"79":0,"80":0,"81":0,"82":0,"83":0,"84":0,"85":0,"86":0,"87":0,"88":0,"89":0,"90":0,"91":0,"92":0,"93":0,"94":0,"95":0},"f":{"0":0,"1":0,"2":0,"3":0,"4":0,"5":0,"6":0,"7":0,"8":0,"9":0,"10":0,"11":0,"12":0,"13":0,"14":0},"b":{"0":[0,0,0],"1":[0,0],"2":[0],"3":[0,0,0,0],"4":[0,0],"5":[0,0],"6":[0],"7":[0,0],"8":[0],"9":[0,0],"10":[0],"11":[0]}}
,"/Users/staticcapy2/development/hacku-2025/src/stores/measurement-atoms.ts": {"path":"/Users/staticcapy2/development/hacku-2025/src/stores/measurement-atoms.ts","statementMap":{"0":{"start":{"line":85,"column":13},"end":{"line":85,"column":35}},"1":{"start":{"line":62,"column":13},"end":{"line":62,"column":28}},"2":{"start":{"line":93,"column":13},"end":{"line":93,"column":32}},"3":{"start":{"line":136,"column":13},"end":{"line":136,"column":38}},"4":{"start":{"line":144,"column":13},"end":{"line":144,"column":40}},"5":{"start":{"line":77,"column":13},"end":{"line":77,"column":28}},"6":{"start":{"line":67,"column":13},"end":{"line":67,"column":33}},"7":{"start":{"line":123,"column":13},"end":{"line":123,"column":36}},"8":{"start":{"line":52,"column":13},"end":{"line":52,"column":33}},"9":{"start":{"line":216,"column":13},"end":{"line":216,"column":38}},"10":{"start":{"line":154,"column":13},"end":{"line":154,"column":31}},"11":{"start":{"line":161,"column":13},"end":{"line":161,"column":33}},"12":{"start":{"line":176,"column":13},"end":{"line":176,"column":32}},"13":{"start":{"line":204,"column":13},"end":{"line":204,"column":31}},"14":{"start":{"line":189,"column":13},"end":{"line":189,"column":29}},"15":{"start":{"line":5,"column":21},"end":{"line":5,"column":null}},"16":{"start":{"line":52,"column":36},"end":{"line":57,"column":null}},"17":{"start":{"line":62,"column":31},"end":{"line":62,"column":null}},"18":{"start":{"line":67,"column":36},"end":{"line":72,"column":null}},"19":{"start":{"line":68,"column":27},"end":{"line":68,"column":null}},"20":{"start":{"line":69,"column":22},"end":{"line":69,"column":null}},"21":{"start":{"line":71,"column":2},"end":{"line":71,"column":null}},"22":{"start":{"line":77,"column":31},"end":{"line":80,"column":null}},"23":{"start":{"line":78,"column":27},"end":{"line":78,"column":null}},"24":{"start":{"line":79,"column":2},"end":{"line":79,"column":null}},"25":{"start":{"line":85,"column":38},"end":{"line":88,"column":null}},"26":{"start":{"line":86,"column":27},"end":{"line":86,"column":null}},"27":{"start":{"line":87,"column":2},"end":{"line":87,"column":null}},"28":{"start":{"line":93,"column":35},"end":{"line":118,"column":null}},"29":{"start":{"line":94,"column":27},"end":{"line":94,"column":null}},"30":{"start":{"line":96,"column":2},"end":{"line":98,"column":null}},"31":{"start":{"line":97,"column":4},"end":{"line":97,"column":null}},"32":{"start":{"line":100,"column":2},"end":{"line":117,"column":null}},"33":{"start":{"line":123,"column":39},"end":{"line":131,"column":null}},"34":{"start":{"line":124,"column":27},"end":{"line":124,"column":null}},"35":{"start":{"line":126,"column":2},"end":{"line":128,"column":null}},"36":{"start":{"line":127,"column":4},"end":{"line":127,"column":null}},"37":{"start":{"line":130,"column":2},"end":{"line":130,"column":null}},"38":{"start":{"line":136,"column":41},"end":{"line":139,"column":null}},"39":{"start":{"line":137,"column":27},"end":{"line":137,"column":null}},"40":{"start":{"line":138,"column":2},"end":{"line":138,"column":43}},"41":{"start":{"line":144,"column":43},"end":{"line":149,"column":null}},"42":{"start":{"line":145,"column":27},"end":{"line":145,"column":null}},"43":{"start":{"line":146,"column":32},"end":{"line":146,"column":null}},"44":{"start":{"line":148,"column":2},"end":{"line":148,"column":null}},"45":{"start":{"line":154,"column":34},"end":{"line":156,"column":null}},"46":{"start":{"line":155,"column":2},"end":{"line":155,"column":null}},"47":{"start":{"line":161,"column":36},"end":{"line":171,"column":null}},"48":{"start":{"line":162,"column":23},"end":{"line":162,"column":null}},"49":{"start":{"line":164,"column":2},"end":{"line":170,"column":null}},"50":{"start":{"line":176,"column":35},"end":{"line":184,"column":null}},"51":{"start":{"line":177,"column":23},"end":{"line":177,"column":null}},"52":{"start":{"line":179,"column":2},"end":{"line":183,"column":null}},"53":{"start":{"line":189,"column":32},"end":{"line":198,"column":null}},"54":{"start":{"line":192,"column":25},"end":{"line":192,"column":null}},"55":{"start":{"line":194,"column":4},"end":{"line":197,"column":null}},"56":{"start":{"line":204,"column":34},"end":{"line":211,"column":null}},"57":{"start":{"line":205,"column":23},"end":{"line":205,"column":null}},"58":{"start":{"line":207,"column":2},"end":{"line":210,"column":null}},"59":{"start":{"line":216,"column":41},"end":{"line":223,"column":null}},"60":{"start":{"line":217,"column":2},"end":{"line":222,"column":null}}},"fnMap":{"0":{"name":"(anonymous_16)","decl":{"start":{"line":67,"column":41},"end":{"line":67,"column":42}},"loc":{"start":{"line":67,"column":42},"end":{"line":72,"column":null}}},"1":{"name":"(anonymous_17)","decl":{"start":{"line":77,"column":36},"end":{"line":77,"column":37}},"loc":{"start":{"line":77,"column":37},"end":{"line":80,"column":null}}},"2":{"name":"(anonymous_18)","decl":{"start":{"line":85,"column":43},"end":{"line":85,"column":44}},"loc":{"start":{"line":85,"column":44},"end":{"line":88,"column":null}}},"3":{"name":"(anonymous_19)","decl":{"start":{"line":93,"column":40},"end":{"line":93,"column":41}},"loc":{"start":{"line":93,"column":41},"end":{"line":118,"column":null}}},"4":{"name":"(anonymous_20)","decl":{"start":{"line":123,"column":44},"end":{"line":123,"column":45}},"loc":{"start":{"line":123,"column":45},"end":{"line":131,"column":null}}},"5":{"name":"(anonymous_21)","decl":{"start":{"line":136,"column":46},"end":{"line":136,"column":47}},"loc":{"start":{"line":136,"column":47},"end":{"line":139,"column":null}}},"6":{"name":"(anonymous_22)","decl":{"start":{"line":144,"column":48},"end":{"line":144,"column":49}},"loc":{"start":{"line":144,"column":49},"end":{"line":149,"column":null}}},"7":{"name":"(anonymous_23)","decl":{"start":{"line":154,"column":45},"end":{"line":154,"column":46}},"loc":{"start":{"line":154,"column":56},"end":{"line":156,"column":null}}},"8":{"name":"(anonymous_24)","decl":{"start":{"line":161,"column":47},"end":{"line":161,"column":48}},"loc":{"start":{"line":161,"column":53},"end":{"line":171,"column":null}}},"9":{"name":"(anonymous_25)","decl":{"start":{"line":176,"column":46},"end":{"line":176,"column":47}},"loc":{"start":{"line":176,"column":52},"end":{"line":184,"column":null}}},"10":{"name":"(anonymous_26)","decl":{"start":{"line":191,"column":2},"end":{"line":191,"column":3}},"loc":{"start":{"line":191,"column":13},"end":{"line":198,"column":null}}},"11":{"name":"(anonymous_27)","decl":{"start":{"line":204,"column":45},"end":{"line":204,"column":46}},"loc":{"start":{"line":204,"column":56},"end":{"line":211,"column":null}}},"12":{"name":"(anonymous_28)","decl":{"start":{"line":216,"column":52},"end":{"line":216,"column":53}},"loc":{"start":{"line":216,"column":58},"end":{"line":223,"column":null}}}},"branchMap":{"0":{"loc":{"start":{"line":71,"column":9},"end":{"line":71,"column":62}},"type":"binary-expr","locations":[{"start":{"line":71,"column":9},"end":{"line":71,"column":33}},{"start":{"line":71,"column":33},"end":{"line":71,"column":62}}]},"1":{"loc":{"start":{"line":96,"column":2},"end":{"line":98,"column":null}},"type":"if","locations":[{"start":{"line":96,"column":2},"end":{"line":98,"column":null}}]},"2":{"loc":{"start":{"line":126,"column":2},"end":{"line":128,"column":null}},"type":"if","locations":[{"start":{"line":126,"column":2},"end":{"line":128,"column":null}}]},"3":{"loc":{"start":{"line":126,"column":6},"end":{"line":126,"column":66}},"type":"binary-expr","locations":[{"start":{"line":126,"column":6},"end":{"line":126,"column":33}},{"start":{"line":126,"column":37},"end":{"line":126,"column":66}}]},"4":{"loc":{"start":{"line":148,"column":9},"end":{"line":148,"column":null}},"type":"binary-expr","locations":[{"start":{"line":148,"column":9},"end":{"line":148,"column":52}},{"start":{"line":148,"column":52},"end":{"line":148,"column":null}}]}},"s":{"0":0,"1":0,"2":0,"3":0,"4":0,"5":0,"6":0,"7":0,"8":0,"9":0,"10":0,"11":0,"12":0,"13":0,"14":0,"15":0,"16":0,"17":0,"18":0,"19":0,"20":0,"21":0,"22":0,"23":0,"24":0,"25":0,"26":0,"27":0,"28":0,"29":0,"30":0,"31":0,"32":0,"33":0,"34":0,"35":0,"36":0,"37":0,"38":0,"39":0,"40":0,"41":0,"42":0,"43":0,"44":0,"45":0,"46":0,"47":0,"48":0,"49":0,"50":0,"51":0,"52":0,"53":0,"54":0,"55":0,"56":0,"57":0,"58":0,"59":0,"60":0},"f":{"0":0,"1":0,"2":0,"3":0,"4":0,"5":0,"6":0,"7":0,"8":0,"9":0,"10":0,"11":0,"12":0},"b":{"0":[0,0],"1":[0],"2":[0],"3":[0,0],"4":[0,0]}}
}
