TN:
SF:src/app/layout.tsx
FN:9,RootLayout
FNF:1
FNH:0
FNDA:0,RootLayout
DA:2,0
DA:4,0
DA:9,0
LF:3
LH:0
BRF:0
BRH:0
end_of_record
TN:
SF:src/app/page.tsx
FN:1,Home
FNF:1
FNH:0
FNDA:0,Home
DA:1,0
LF:1
LH:0
BRF:0
BRH:0
end_of_record
TN:
SF:src/app/api/calendar/route.ts
FN:26,GET
FN:57,(anonymous_6)
FN:62,(anonymous_7)
FN:95,POST
FN:199,PUT
FN:224,(anonymous_10)
FN:289,DELETE
FN:307,(anonymous_12)
FNF:8
FNH:0
FNDA:0,GET
FNDA:0,(anonymous_6)
FNDA:0,(anonymous_7)
FNDA:0,POST
FNDA:0,PUT
FNDA:0,(anonymous_10)
FNDA:0,DELETE
FNDA:0,(anonymous_12)
DA:6,0
DA:7,0
DA:15,0
DA:26,0
DA:27,0
DA:29,0
DA:30,0
DA:34,0
DA:35,0
DA:36,0
DA:37,0
DA:38,0
DA:40,0
DA:41,0
DA:51,0
DA:52,0
DA:55,0
DA:56,0
DA:57,0
DA:60,0
DA:61,0
DA:62,0
DA:66,0
DA:67,0
DA:68,0
DA:71,0
DA:78,0
DA:80,0
DA:95,0
DA:96,0
DA:98,0
DA:101,0
DA:115,0
DA:116,0
DA:117,0
DA:128,0
DA:129,0
DA:133,0
DA:134,0
DA:135,0
DA:145,0
DA:153,0
DA:154,0
DA:168,0
DA:171,0
DA:173,0
DA:182,0
DA:184,0
DA:199,0
DA:200,0
DA:202,0
DA:203,0
DA:205,0
DA:206,0
DA:216,0
DA:217,0
DA:220,0
DA:221,0
DA:224,0
DA:225,0
DA:226,0
DA:227,0
DA:230,0
DA:231,0
DA:232,0
DA:233,0
DA:237,0
DA:247,0
DA:253,0
DA:254,0
DA:256,0
DA:264,0
DA:272,0
DA:274,0
DA:289,0
DA:290,0
DA:292,0
DA:293,0
DA:296,0
DA:297,0
DA:300,0
DA:302,0
DA:304,0
DA:305,0
DA:307,0
DA:308,0
DA:309,0
DA:310,0
DA:311,0
DA:312,0
DA:317,0
DA:326,0
DA:332,0
DA:334,0
LF:94
LH:0
BRDA:29,0,0,0
BRDA:40,1,0,0
BRDA:55,2,0,0
BRDA:60,3,0,0
BRDA:67,4,0,0
BRDA:67,5,0,0
BRDA:67,5,1,0
BRDA:84,6,0,0
BRDA:84,6,1,0
BRDA:103,7,0,0
BRDA:103,7,1,0
BRDA:106,8,0,0
BRDA:106,8,1,0
BRDA:107,9,0,0
BRDA:107,9,1,0
BRDA:116,10,0,0
BRDA:128,11,0,0
BRDA:134,12,0,0
BRDA:153,13,0,0
BRDA:188,14,0,0
BRDA:188,14,1,0
BRDA:205,15,0,0
BRDA:205,16,0,0
BRDA:205,16,1,0
BRDA:216,17,0,0
BRDA:231,18,0,0
BRDA:258,19,0,0
BRDA:258,19,1,0
BRDA:268,20,0,0
BRDA:268,20,1,0
BRDA:278,21,0,0
BRDA:278,21,1,0
BRDA:296,22,0,0
BRDA:302,23,0,0
BRDA:302,23,1,0
BRDA:302,24,0,0
BRDA:302,24,1,0
BRDA:305,25,0,0
BRDA:305,25,1,0
BRDA:305,26,0,0
BRDA:305,26,1,0
BRDA:310,27,0,0
BRDA:338,28,0,0
BRDA:338,28,1,0
BRF:44
BRH:0
end_of_record
TN:
SF:src/app/api/measurements/route.ts
FN:22,GET
FN:53,(anonymous_5)
FN:58,(anonymous_6)
FN:63,(anonymous_7)
FN:98,POST
FN:183,DELETE
FN:204,(anonymous_10)
FNF:7
FNH:0
FNDA:0,GET
FNDA:0,(anonymous_5)
FNDA:0,(anonymous_6)
FNDA:0,(anonymous_7)
FNDA:0,POST
FNDA:0,DELETE
FNDA:0,(anonymous_10)
DA:6,0
DA:7,0
DA:12,0
DA:22,0
DA:23,0
DA:25,0
DA:26,0
DA:30,0
DA:31,0
DA:32,0
DA:36,0
DA:37,0
DA:38,0
DA:39,0
DA:42,0
DA:45,0
DA:46,0
DA:49,0
DA:52,0
DA:53,0
DA:56,0
DA:57,0
DA:58,0
DA:61,0
DA:62,0
DA:63,0
DA:67,0
DA:68,0
DA:70,0
DA:81,0
DA:83,0
DA:98,0
DA:99,0
DA:101,0
DA:104,0
DA:122,0
DA:123,0
DA:124,0
DA:135,0
DA:136,0
DA:140,0
DA:141,0
DA:142,0
DA:152,0
DA:155,0
DA:157,0
DA:166,0
DA:168,0
DA:183,0
DA:184,0
DA:186,0
DA:187,0
DA:190,0
DA:191,0
DA:194,0
DA:196,0
DA:198,0
DA:202,0
DA:204,0
DA:205,0
DA:206,0
DA:207,0
DA:208,0
DA:209,0
DA:214,0
DA:223,0
DA:229,0
DA:231,0
LF:68
LH:0
BRDA:25,0,0,0
BRDA:38,1,0,0
BRDA:38,1,1,0
BRDA:39,2,0,0
BRDA:39,2,1,0
BRDA:45,3,0,0
BRDA:52,4,0,0
BRDA:56,5,0,0
BRDA:61,6,0,0
BRDA:87,7,0,0
BRDA:87,7,1,0
BRDA:106,8,0,0
BRDA:106,8,1,0
BRDA:123,9,0,0
BRDA:135,10,0,0
BRDA:141,11,0,0
BRDA:172,12,0,0
BRDA:172,12,1,0
BRDA:190,13,0,0
BRDA:196,14,0,0
BRDA:196,14,1,0
BRDA:196,15,0,0
BRDA:196,15,1,0
BRDA:202,16,0,0
BRDA:202,16,1,0
BRDA:202,17,0,0
BRDA:202,17,1,0
BRDA:207,18,0,0
BRDA:235,19,0,0
BRDA:235,19,1,0
BRF:30
BRH:0
end_of_record
TN:
SF:src/app/api/measurements/[id]/route.ts
FN:18,GET
FN:65,PUT
FN:170,DELETE
FNF:3
FNH:0
FNDA:0,GET
FNDA:0,PUT
FNDA:0,DELETE
DA:6,0
DA:7,0
DA:11,0
DA:18,0
DA:22,0
DA:23,0
DA:26,0
DA:27,0
DA:31,0
DA:33,0
DA:34,0
DA:43,0
DA:48,0
DA:50,0
DA:65,0
DA:69,0
DA:70,0
DA:71,0
DA:74,0
DA:75,0
DA:79,0
DA:80,0
DA:81,0
DA:91,0
DA:111,0
DA:112,0
DA:113,0
DA:124,0
DA:125,0
DA:126,0
DA:127,0
DA:138,0
DA:141,0
DA:142,0
DA:145,0
DA:147,0
DA:153,0
DA:155,0
DA:170,0
DA:174,0
DA:175,0
DA:178,0
DA:179,0
DA:183,0
DA:184,0
DA:185,0
DA:195,0
DA:197,0
DA:207,0
DA:209,0
LF:50
LH:0
BRDA:26,0,0,0
BRDA:33,1,0,0
BRDA:54,2,0,0
BRDA:54,2,1,0
BRDA:74,3,0,0
BRDA:80,4,0,0
BRDA:92,5,0,0
BRDA:92,5,1,0
BRDA:93,6,0,0
BRDA:93,6,1,0
BRDA:96,7,0,0
BRDA:96,7,1,0
BRDA:97,8,0,0
BRDA:97,8,1,0
BRDA:99,9,0,0
BRDA:99,9,1,0
BRDA:101,10,0,0
BRDA:101,10,1,0
BRDA:102,11,0,0
BRDA:102,11,1,0
BRDA:103,12,0,0
BRDA:103,12,1,0
BRDA:104,13,0,0
BRDA:104,13,1,0
BRDA:105,14,0,0
BRDA:105,14,1,0
BRDA:106,15,0,0
BRDA:106,15,1,0
BRDA:107,16,0,0
BRDA:107,16,1,0
BRDA:112,17,0,0
BRDA:124,18,0,0
BRDA:126,19,0,0
BRDA:159,20,0,0
BRDA:159,20,1,0
BRDA:178,21,0,0
BRDA:184,22,0,0
BRDA:213,23,0,0
BRDA:213,23,1,0
BRF:39
BRH:0
end_of_record
TN:
SF:src/app/api/progress/route.ts
FN:31,GET
FN:63,(anonymous_5)
FN:106,POST
FN:209,DELETE
FN:227,(anonymous_8)
FN:268,generateProgressData
FN:281,(anonymous_10)
FN:288,(anonymous_11)
FN:329,calculateMotionProgress
FN:418,calculateActivityProgress
FN:422,(anonymous_14)
FN:424,(anonymous_15)
FN:449,calculateCurrentStreak
FN:457,calculateLongestStreak
FN:465,generateProgressInsights
FN:482,generateRecommendations
FNF:16
FNH:0
FNDA:0,GET
FNDA:0,(anonymous_5)
FNDA:0,POST
FNDA:0,DELETE
FNDA:0,(anonymous_8)
FNDA:0,generateProgressData
FNDA:0,(anonymous_10)
FNDA:0,(anonymous_11)
FNDA:0,calculateMotionProgress
FNDA:0,calculateActivityProgress
FNDA:0,(anonymous_14)
FNDA:0,(anonymous_15)
FNDA:0,calculateCurrentStreak
FNDA:0,calculateLongestStreak
FNDA:0,generateProgressInsights
FNDA:0,generateRecommendations
DA:6,0
DA:7,0
DA:18,0
DA:31,0
DA:32,0
DA:34,0
DA:35,0
DA:39,0
DA:40,0
DA:41,0
DA:44,0
DA:45,0
DA:47,0
DA:48,0
DA:58,0
DA:61,0
DA:62,0
DA:63,0
DA:67,0
DA:70,0
DA:71,0
DA:72,0
DA:73,0
DA:78,0
DA:82,0
DA:89,0
DA:91,0
DA:106,0
DA:107,0
DA:109,0
DA:110,0
DA:112,0
DA:113,0
DA:123,0
DA:124,0
DA:128,0
DA:129,0
DA:130,0
DA:140,0
DA:145,0
DA:146,0
DA:161,0
DA:163,0
DA:164,0
DA:175,0
DA:176,0
DA:177,0
DA:178,0
DA:180,0
DA:183,0
DA:192,0
DA:194,0
DA:209,0
DA:210,0
DA:212,0
DA:213,0
DA:216,0
DA:217,0
DA:220,0
DA:222,0
DA:224,0
DA:225,0
DA:227,0
DA:228,0
DA:229,0
DA:230,0
DA:231,0
DA:232,0
DA:237,0
DA:246,0
DA:252,0
DA:254,0
DA:272,0
DA:273,0
DA:274,0
DA:275,0
DA:278,0
DA:281,0
DA:285,0
DA:288,0
DA:291,0
DA:292,0
DA:296,0
DA:299,0
DA:302,0
DA:309,0
DA:319,0
DA:321,0
DA:322,0
DA:330,0
DA:332,0
DA:339,0
DA:353,0
DA:354,0
DA:357,0
DA:361,0
DA:365,0
DA:369,0
DA:373,0
DA:377,0
DA:381,0
DA:385,0
DA:390,0
DA:401,0
DA:422,0
DA:423,0
DA:424,0
DA:426,0
DA:428,0
DA:451,0
DA:459,0
DA:466,0
DA:468,0
DA:469,0
DA:471,0
DA:483,0
DA:485,0
DA:486,0
DA:489,0
DA:490,0
DA:493,0
DA:494,0
DA:497,0
LF:123
LH:0
BRDA:34,0,0,0
BRDA:47,1,0,0
BRDA:61,2,0,0
BRDA:70,3,0,0
BRDA:70,4,0,0
BRDA:70,4,1,0
BRDA:72,5,0,0
BRDA:78,6,0,0
BRDA:78,6,1,0
BRDA:95,7,0,0
BRDA:95,7,1,0
BRDA:112,8,0,0
BRDA:112,9,0,0
BRDA:112,9,1,0
BRDA:123,10,0,0
BRDA:129,11,0,0
BRDA:145,12,0,0
BRDA:145,13,0,0
BRDA:145,13,1,0
BRDA:163,14,0,0
BRDA:175,15,0,0
BRDA:175,15,1,0
BRDA:175,16,0,0
BRDA:175,16,1,0
BRDA:198,17,0,0
BRDA:198,17,1,0
BRDA:216,18,0,0
BRDA:222,19,0,0
BRDA:222,19,1,0
BRDA:222,20,0,0
BRDA:222,20,1,0
BRDA:225,21,0,0
BRDA:225,21,1,0
BRDA:225,22,0,0
BRDA:225,22,1,0
BRDA:230,23,0,0
BRDA:258,24,0,0
BRDA:258,24,1,0
BRDA:291,25,0,0
BRDA:291,26,0,0
BRDA:291,26,1,0
BRDA:330,27,0,0
BRDA:430,28,0,0
BRDA:430,28,1,0
BRDA:432,29,0,0
BRDA:432,29,1,0
BRDA:436,30,0,0
BRDA:436,30,1,0
BRDA:451,31,0,0
BRDA:451,31,1,0
BRDA:466,32,0,0
BRDA:469,33,0,0
BRDA:485,34,0,0
BRDA:489,35,0,0
BRDA:493,36,0,0
BRF:55
BRH:0
end_of_record
TN:
SF:src/app/api/progress/[id]/route.ts
FN:23,GET
FN:79,PUT
FN:177,DELETE
FN:231,generateDetailedRecommendations
FNF:4
FNH:0
FNDA:0,GET
FNDA:0,PUT
FNDA:0,DELETE
FNDA:0,generateDetailedRecommendations
DA:6,0
DA:7,0
DA:13,0
DA:23,0
DA:27,0
DA:28,0
DA:31,0
DA:32,0
DA:36,0
DA:38,0
DA:39,0
DA:49,0
DA:56,0
DA:62,0
DA:64,0
DA:79,0
DA:83,0
DA:84,0
DA:85,0
DA:88,0
DA:89,0
DA:93,0
DA:94,0
DA:95,0
DA:105,0
DA:118,0
DA:119,0
DA:120,0
DA:131,0
DA:132,0
DA:133,0
DA:134,0
DA:145,0
DA:148,0
DA:149,0
DA:152,0
DA:154,0
DA:160,0
DA:162,0
DA:177,0
DA:181,0
DA:182,0
DA:185,0
DA:186,0
DA:190,0
DA:191,0
DA:192,0
DA:202,0
DA:204,0
DA:215,0
DA:217,0
DA:240,0
DA:243,0
DA:244,0
DA:249,0
DA:250,0
DA:258,0
DA:259,0
DA:264,0
DA:265,0
DA:273,0
DA:274,0
DA:279,0
DA:280,0
DA:287,0
DA:295,0
DA:296,0
DA:301,0
DA:302,0
DA:309,0
LF:70
LH:0
BRDA:31,0,0,0
BRDA:38,1,0,0
BRDA:68,2,0,0
BRDA:68,2,1,0
BRDA:88,3,0,0
BRDA:94,4,0,0
BRDA:106,5,0,0
BRDA:106,5,1,0
BRDA:107,6,0,0
BRDA:107,6,1,0
BRDA:108,7,0,0
BRDA:108,7,1,0
BRDA:110,8,0,0
BRDA:110,8,1,0
BRDA:112,9,0,0
BRDA:112,9,1,0
BRDA:113,10,0,0
BRDA:113,10,1,0
BRDA:114,11,0,0
BRDA:114,11,1,0
BRDA:119,12,0,0
BRDA:131,13,0,0
BRDA:133,14,0,0
BRDA:166,15,0,0
BRDA:166,15,1,0
BRDA:185,16,0,0
BRDA:191,17,0,0
BRDA:221,18,0,0
BRDA:221,18,1,0
BRDA:243,19,0,0
BRDA:243,19,1,0
BRDA:249,20,0,0
BRDA:258,21,0,0
BRDA:258,21,1,0
BRDA:264,22,0,0
BRDA:273,23,0,0
BRDA:273,23,1,0
BRDA:279,24,0,0
BRDA:279,24,1,0
BRDA:295,25,0,0
BRDA:295,25,1,0
BRDA:301,26,0,0
BRF:42
BRH:0
end_of_record
TN:
SF:src/app/api/users/route.ts
FN:15,GET
FN:48,POST
FNF:2
FNH:0
FNDA:0,GET
FNDA:0,POST
DA:6,0
DA:7,0
DA:8,0
DA:15,0
DA:16,0
DA:18,0
DA:19,0
DA:23,0
DA:25,0
DA:31,0
DA:33,0
DA:48,0
DA:49,0
DA:51,0
DA:54,0
DA:64,0
DA:65,0
DA:66,0
DA:77,0
DA:78,0
DA:82,0
DA:87,0
DA:88,0
DA:98,0
DA:101,0
DA:103,0
DA:112,0
DA:114,0
LF:28
LH:0
BRDA:18,0,0,0
BRDA:37,1,0,0
BRDA:37,1,1,0
BRDA:56,2,0,0
BRDA:56,2,1,0
BRDA:65,3,0,0
BRDA:77,4,0,0
BRDA:87,5,0,0
BRDA:118,6,0,0
BRDA:118,6,1,0
BRF:10
BRH:0
end_of_record
TN:
SF:src/app/api/users/[id]/route.ts
FN:15,GET
FN:62,PUT
FN:132,(anonymous_6)
FN:175,DELETE
FN:237,(anonymous_8)
FNF:5
FNH:0
FNDA:0,GET
FNDA:0,PUT
FNDA:0,(anonymous_6)
FNDA:0,DELETE
FNDA:0,(anonymous_8)
DA:6,0
DA:7,0
DA:8,0
DA:15,0
DA:19,0
DA:20,0
DA:23,0
DA:24,0
DA:28,0
DA:30,0
DA:31,0
DA:40,0
DA:45,0
DA:47,0
DA:62,0
DA:66,0
DA:67,0
DA:68,0
DA:71,0
DA:78,0
DA:79,0
DA:80,0
DA:81,0
DA:82,0
DA:83,0
DA:86,0
DA:87,0
DA:91,0
DA:94,0
DA:95,0
DA:96,0
DA:99,0
DA:100,0
DA:111,0
DA:112,0
DA:116,0
DA:117,0
DA:118,0
DA:128,0
DA:129,0
DA:132,0
DA:135,0
DA:136,0
DA:147,0
DA:150,0
DA:152,0
DA:158,0
DA:160,0
DA:175,0
DA:179,0
DA:180,0
DA:183,0
DA:184,0
DA:188,0
DA:189,0
DA:190,0
DA:200,0
DA:206,0
DA:209,0
DA:211,0
DA:212,0
DA:214,0
DA:215,0
DA:234,0
DA:239,0
DA:240,0
DA:241,0
DA:244,0
DA:248,0
DA:259,0
DA:261,0
LF:71
LH:0
BRDA:23,0,0,0
BRDA:30,1,0,0
BRDA:51,2,0,0
BRDA:51,2,1,0
BRDA:79,3,0,0
BRDA:80,4,0,0
BRDA:80,4,1,0
BRDA:80,5,0,0
BRDA:80,5,1,0
BRDA:82,6,0,0
BRDA:86,7,0,0
BRDA:87,8,0,0
BRDA:88,9,0,0
BRDA:88,9,1,0
BRDA:94,10,0,0
BRDA:95,11,0,0
BRDA:99,12,0,0
BRDA:111,13,0,0
BRDA:117,14,0,0
BRDA:128,15,0,0
BRDA:128,16,0,0
BRDA:128,16,1,0
BRDA:135,17,0,0
BRDA:164,18,0,0
BRDA:164,18,1,0
BRDA:183,19,0,0
BRDA:189,20,0,0
BRDA:209,21,0,0
BRDA:214,22,0,0
BRDA:265,23,0,0
BRDA:265,23,1,0
BRF:31
BRH:0
end_of_record
TN:
SF:src/app/calendar/page.tsx
FN:23,CalendarPage
FN:40,(anonymous_6)
FN:41,(anonymous_7)
FN:59,(anonymous_8)
FN:64,(anonymous_9)
FN:87,(anonymous_10)
FN:134,(anonymous_11)
FN:139,(anonymous_12)
FN:151,(anonymous_13)
FN:159,(anonymous_14)
FN:174,(anonymous_15)
FN:230,(anonymous_16)
FN:232,(anonymous_17)
FN:248,(anonymous_18)
FN:256,(anonymous_19)
FN:263,(anonymous_20)
FN:266,(anonymous_21)
FN:284,(anonymous_22)
FN:297,(anonymous_23)
FN:303,(anonymous_24)
FN:306,(anonymous_25)
FN:398,(anonymous_26)
FN:414,(anonymous_27)
FN:427,(anonymous_28)
FN:497,(anonymous_29)
FNF:25
FNH:0
FNDA:0,CalendarPage
FNDA:0,(anonymous_6)
FNDA:0,(anonymous_7)
FNDA:0,(anonymous_8)
FNDA:0,(anonymous_9)
FNDA:0,(anonymous_10)
FNDA:0,(anonymous_11)
FNDA:0,(anonymous_12)
FNDA:0,(anonymous_13)
FNDA:0,(anonymous_14)
FNDA:0,(anonymous_15)
FNDA:0,(anonymous_16)
FNDA:0,(anonymous_17)
FNDA:0,(anonymous_18)
FNDA:0,(anonymous_19)
FNDA:0,(anonymous_20)
FNDA:0,(anonymous_21)
FNDA:0,(anonymous_22)
FNDA:0,(anonymous_23)
FNDA:0,(anonymous_24)
FNDA:0,(anonymous_25)
FNDA:0,(anonymous_26)
FNDA:0,(anonymous_27)
FNDA:0,(anonymous_28)
FNDA:0,(anonymous_29)
DA:8,0
DA:9,0
DA:10,0
DA:11,0
DA:12,0
DA:18,0
DA:23,0
DA:24,0
DA:27,0
DA:28,0
DA:29,0
DA:30,0
DA:33,0
DA:34,0
DA:35,0
DA:40,0
DA:41,0
DA:42,0
DA:43,0
DA:44,0
DA:45,0
DA:47,0
DA:48,0
DA:49,0
DA:53,0
DA:59,0
DA:60,0
DA:62,0
DA:63,0
DA:64,0
DA:70,0
DA:73,0
DA:76,0
DA:79,0
DA:80,0
DA:87,0
DA:88,0
DA:89,0
DA:92,0
DA:93,0
DA:94,0
DA:97,0
DA:98,0
DA:121,0
DA:125,0
DA:127,0
DA:133,0
DA:135,0
DA:138,0
DA:139,0
DA:142,0
DA:143,0
DA:151,0
DA:152,0
DA:158,0
DA:162,0
DA:163,0
DA:165,0
DA:167,0
DA:168,0
DA:174,0
DA:175,0
DA:178,0
DA:179,0
DA:180,0
DA:186,0
DA:187,0
DA:207,0
DA:208,0
DA:209,0
DA:210,0
DA:216,0
DA:218,0
DA:219,0
DA:220,0
DA:229,0
DA:231,0
DA:232,0
DA:233,0
DA:234,0
DA:235,0
DA:236,0
DA:238,0
DA:239,0
DA:248,0
DA:249,0
DA:250,0
DA:256,0
DA:257,0
DA:263,0
DA:264,0
DA:265,0
DA:266,0
DA:269,0
DA:270,0
DA:274,0
DA:276,0
DA:278,0
DA:284,0
DA:285,0
DA:290,0
DA:296,0
DA:297,0
DA:300,0
DA:301,0
DA:302,0
DA:303,0
DA:305,0
DA:306,0
DA:309,0
DA:320,0
DA:321,0
DA:324,0
DA:398,0
DA:415,0
DA:416,0
DA:417,0
DA:428,0
DA:429,0
DA:430,0
DA:497,0
LF:121
LH:0
BRDA:63,0,0,0
BRDA:63,0,1,0
BRDA:97,1,0,0
BRDA:117,2,0,0
BRDA:117,2,1,0
BRDA:165,3,0,0
BRDA:165,3,1,0
BRDA:175,4,0,0
BRDA:175,4,1,0
BRDA:193,5,0,0
BRDA:193,5,1,0
BRDA:196,6,0,0
BRDA:196,6,1,0
BRDA:199,7,0,0
BRDA:199,7,1,0
BRDA:202,8,0,0
BRDA:202,8,1,0
BRDA:269,9,0,0
BRDA:297,10,0,0
BRDA:297,10,1,0
BRDA:324,11,0,0
BRDA:324,12,0,0
BRDA:324,12,1,0
BRDA:360,13,0,0
BRDA:381,14,0,0
BRDA:493,15,0,0
BRDA:501,16,0,0
BRDA:501,16,1,0
BRF:28
BRH:0
end_of_record
TN:
SF:src/app/measurement/page-new.tsx
FN:44,(anonymous_5)
FN:45,(anonymous_6)
FN:88,(anonymous_7)
FN:89,(anonymous_8)
FN:129,MeasurementPage
FN:160,(anonymous_10)
FN:161,(anonymous_11)
FN:183,(anonymous_12)
FN:186,(anonymous_13)
FN:194,(anonymous_14)
FN:204,(anonymous_15)
FN:212,(anonymous_16)
FN:224,(anonymous_17)
FN:228,(anonymous_18)
FN:239,(anonymous_19)
FN:245,(anonymous_20)
FN:251,(anonymous_21)
FN:252,(anonymous_22)
FN:265,(anonymous_23)
FN:266,(anonymous_24)
FN:284,(anonymous_25)
FN:323,(anonymous_26)
FN:330,(anonymous_27)
FN:337,(anonymous_28)
FN:338,(anonymous_29)
FN:347,(anonymous_30)
FN:468,(anonymous_31)
FNF:27
FNH:0
FNDA:0,(anonymous_5)
FNDA:0,(anonymous_6)
FNDA:0,(anonymous_7)
FNDA:0,(anonymous_8)
FNDA:0,MeasurementPage
FNDA:0,(anonymous_10)
FNDA:0,(anonymous_11)
FNDA:0,(anonymous_12)
FNDA:0,(anonymous_13)
FNDA:0,(anonymous_14)
FNDA:0,(anonymous_15)
FNDA:0,(anonymous_16)
FNDA:0,(anonymous_17)
FNDA:0,(anonymous_18)
FNDA:0,(anonymous_19)
FNDA:0,(anonymous_20)
FNDA:0,(anonymous_21)
FNDA:0,(anonymous_22)
FNDA:0,(anonymous_23)
FNDA:0,(anonymous_24)
FNDA:0,(anonymous_25)
FNDA:0,(anonymous_26)
FNDA:0,(anonymous_27)
FNDA:0,(anonymous_28)
FNDA:0,(anonymous_29)
FNDA:0,(anonymous_30)
FNDA:0,(anonymous_31)
DA:8,0
DA:9,0
DA:10,0
DA:11,0
DA:12,0
DA:44,0
DA:45,0
DA:46,0
DA:47,0
DA:51,0
DA:60,0
DA:88,0
DA:89,0
DA:90,0
DA:91,0
DA:92,0
DA:94,0
DA:96,0
DA:97,0
DA:98,0
DA:100,0
DA:101,0
DA:102,0
DA:103,0
DA:104,0
DA:107,0
DA:129,0
DA:130,0
DA:133,0
DA:139,0
DA:146,0
DA:147,0
DA:148,0
DA:149,0
DA:150,0
DA:151,0
DA:154,0
DA:155,0
DA:160,0
DA:161,0
DA:162,0
DA:163,0
DA:166,0
DA:169,0
DA:171,0
DA:173,0
DA:174,0
DA:177,0
DA:181,0
DA:183,0
DA:185,0
DA:186,0
DA:194,0
DA:195,0
DA:196,0
DA:204,0
DA:211,0
DA:212,0
DA:217,0
DA:224,0
DA:225,0
DA:228,0
DA:229,0
DA:231,0
DA:232,0
DA:239,0
DA:240,0
DA:241,0
DA:242,0
DA:245,0
DA:251,0
DA:252,0
DA:259,0
DA:265,0
DA:266,0
DA:272,0
DA:273,0
DA:274,0
DA:278,0
DA:284,0
DA:285,0
DA:286,0
DA:289,0
DA:300,0
DA:301,0
DA:304,0
DA:309,0
DA:310,0
DA:312,0
DA:314,0
DA:315,0
DA:316,0
DA:323,0
DA:324,0
DA:330,0
DA:331,0
DA:337,0
DA:338,0
DA:347,0
DA:348,0
DA:349,0
DA:350,0
DA:351,0
DA:352,0
DA:354,0
DA:360,0
DA:469,0
LF:107
LH:0
BRDA:46,0,0,0
BRDA:46,1,0,0
BRDA:46,1,1,0
BRDA:51,2,0,0
BRDA:60,3,0,0
BRDA:90,4,0,0
BRDA:90,5,0,0
BRDA:90,5,1,0
BRDA:94,6,0,0
BRDA:185,7,0,0
BRDA:240,8,0,0
BRDA:240,9,0,0
BRDA:240,9,1,0
BRDA:272,10,0,0
BRDA:301,11,0,0
BRDA:301,11,1,0
BRDA:349,12,0,0
BRDA:360,13,0,0
BRDA:396,14,0,0
BRDA:430,15,0,0
BRDA:445,16,0,0
BRDA:445,16,1,0
BRDA:459,17,0,0
BRDA:467,18,0,0
BRDA:474,19,0,0
BRDA:474,19,1,0
BRF:26
BRH:0
end_of_record
TN:
SF:src/app/measurement/page.tsx
FN:44,(anonymous_5)
FN:45,(anonymous_6)
FN:88,(anonymous_7)
FN:89,(anonymous_8)
FN:129,MeasurementPage
FN:160,(anonymous_10)
FN:161,(anonymous_11)
FN:183,(anonymous_12)
FN:186,(anonymous_13)
FN:194,(anonymous_14)
FN:204,(anonymous_15)
FN:212,(anonymous_16)
FN:224,(anonymous_17)
FN:228,(anonymous_18)
FN:239,(anonymous_19)
FN:245,(anonymous_20)
FN:251,(anonymous_21)
FN:252,(anonymous_22)
FN:265,(anonymous_23)
FN:266,(anonymous_24)
FN:284,(anonymous_25)
FN:323,(anonymous_26)
FN:330,(anonymous_27)
FN:337,(anonymous_28)
FN:338,(anonymous_29)
FN:347,(anonymous_30)
FN:468,(anonymous_31)
FNF:27
FNH:0
FNDA:0,(anonymous_5)
FNDA:0,(anonymous_6)
FNDA:0,(anonymous_7)
FNDA:0,(anonymous_8)
FNDA:0,MeasurementPage
FNDA:0,(anonymous_10)
FNDA:0,(anonymous_11)
FNDA:0,(anonymous_12)
FNDA:0,(anonymous_13)
FNDA:0,(anonymous_14)
FNDA:0,(anonymous_15)
FNDA:0,(anonymous_16)
FNDA:0,(anonymous_17)
FNDA:0,(anonymous_18)
FNDA:0,(anonymous_19)
FNDA:0,(anonymous_20)
FNDA:0,(anonymous_21)
FNDA:0,(anonymous_22)
FNDA:0,(anonymous_23)
FNDA:0,(anonymous_24)
FNDA:0,(anonymous_25)
FNDA:0,(anonymous_26)
FNDA:0,(anonymous_27)
FNDA:0,(anonymous_28)
FNDA:0,(anonymous_29)
FNDA:0,(anonymous_30)
FNDA:0,(anonymous_31)
DA:8,0
DA:9,0
DA:10,0
DA:11,0
DA:12,0
DA:44,0
DA:45,0
DA:46,0
DA:47,0
DA:51,0
DA:60,0
DA:88,0
DA:89,0
DA:90,0
DA:91,0
DA:92,0
DA:94,0
DA:96,0
DA:97,0
DA:98,0
DA:100,0
DA:101,0
DA:102,0
DA:103,0
DA:104,0
DA:107,0
DA:129,0
DA:130,0
DA:133,0
DA:139,0
DA:146,0
DA:147,0
DA:148,0
DA:149,0
DA:150,0
DA:151,0
DA:154,0
DA:155,0
DA:160,0
DA:161,0
DA:162,0
DA:163,0
DA:166,0
DA:169,0
DA:171,0
DA:173,0
DA:174,0
DA:177,0
DA:181,0
DA:183,0
DA:185,0
DA:186,0
DA:194,0
DA:195,0
DA:196,0
DA:204,0
DA:211,0
DA:212,0
DA:217,0
DA:224,0
DA:225,0
DA:228,0
DA:229,0
DA:231,0
DA:232,0
DA:239,0
DA:240,0
DA:241,0
DA:242,0
DA:245,0
DA:251,0
DA:252,0
DA:259,0
DA:265,0
DA:266,0
DA:272,0
DA:273,0
DA:274,0
DA:278,0
DA:284,0
DA:285,0
DA:286,0
DA:289,0
DA:300,0
DA:301,0
DA:304,0
DA:309,0
DA:310,0
DA:312,0
DA:314,0
DA:315,0
DA:316,0
DA:323,0
DA:324,0
DA:330,0
DA:331,0
DA:337,0
DA:338,0
DA:347,0
DA:348,0
DA:349,0
DA:350,0
DA:351,0
DA:352,0
DA:354,0
DA:360,0
DA:469,0
LF:107
LH:0
BRDA:46,0,0,0
BRDA:46,1,0,0
BRDA:46,1,1,0
BRDA:51,2,0,0
BRDA:60,3,0,0
BRDA:90,4,0,0
BRDA:90,5,0,0
BRDA:90,5,1,0
BRDA:94,6,0,0
BRDA:185,7,0,0
BRDA:240,8,0,0
BRDA:240,9,0,0
BRDA:240,9,1,0
BRDA:272,10,0,0
BRDA:301,11,0,0
BRDA:301,11,1,0
BRDA:349,12,0,0
BRDA:360,13,0,0
BRDA:396,14,0,0
BRDA:430,15,0,0
BRDA:445,16,0,0
BRDA:445,16,1,0
BRDA:459,17,0,0
BRDA:467,18,0,0
BRDA:474,19,0,0
BRDA:474,19,1,0
BRF:26
BRH:0
end_of_record
TN:
SF:src/app/progress/page.tsx
FN:27,(anonymous_5)
FN:75,(anonymous_6)
FN:123,(anonymous_7)
FN:140,(anonymous_8)
FN:167,(anonymous_9)
FN:170,(anonymous_10)
FN:173,(anonymous_11)
FN:176,(anonymous_12)
FN:185,ProgressPage
FN:193,(anonymous_14)
FN:194,(anonymous_15)
FN:221,(anonymous_16)
FN:226,(anonymous_17)
FN:231,(anonymous_18)
FN:297,(anonymous_19)
FN:300,(anonymous_20)
FNF:16
FNH:0
FNDA:0,(anonymous_5)
FNDA:0,(anonymous_6)
FNDA:0,(anonymous_7)
FNDA:0,(anonymous_8)
FNDA:0,(anonymous_9)
FNDA:0,(anonymous_10)
FNDA:0,(anonymous_11)
FNDA:0,(anonymous_12)
FNDA:0,ProgressPage
FNDA:0,(anonymous_14)
FNDA:0,(anonymous_15)
FNDA:0,(anonymous_16)
FNDA:0,(anonymous_17)
FNDA:0,(anonymous_18)
FNDA:0,(anonymous_19)
FNDA:0,(anonymous_20)
DA:8,0
DA:9,0
DA:17,0
DA:27,0
DA:28,0
DA:29,0
DA:31,0
DA:32,0
DA:33,0
DA:36,0
DA:37,0
DA:38,0
DA:40,0
DA:42,0
DA:72,0
DA:75,0
DA:76,0
DA:77,0
DA:79,0
DA:80,0
DA:81,0
DA:83,0
DA:85,0
DA:87,0
DA:109,0
DA:110,0
DA:113,0
DA:117,0
DA:123,0
DA:127,0
DA:128,0
DA:136,0
DA:139,0
DA:140,0
DA:143,0
DA:144,0
DA:154,0
DA:155,0
DA:158,0
DA:164,0
DA:167,0
DA:170,0
DA:173,0
DA:176,0
DA:185,0
DA:186,0
DA:187,0
DA:188,0
DA:189,0
DA:190,0
DA:193,0
DA:194,0
DA:195,0
DA:196,0
DA:200,0
DA:201,0
DA:203,0
DA:204,0
DA:206,0
DA:208,0
DA:212,0
DA:216,0
DA:220,0
DA:221,0
DA:226,0
DA:227,0
DA:231,0
DA:232,0
DA:233,0
DA:236,0
DA:298,0
DA:300,0
LF:72
LH:0
BRDA:40,0,0,0
BRDA:46,1,0,0
BRDA:46,1,1,0
BRDA:83,2,0,0
BRDA:109,3,0,0
BRDA:143,4,0,0
BRDA:158,5,0,0
BRDA:158,5,1,0
BRDA:158,6,0,0
BRDA:158,6,1,0
BRDA:209,7,0,0
BRDA:209,7,1,0
BRDA:236,8,0,0
BRDA:275,9,0,0
BRDA:301,10,0,0
BRDA:301,10,1,0
BRDA:303,11,0,0
BRDA:303,11,1,0
BRDA:304,12,0,0
BRDA:304,12,1,0
BRDA:305,13,0,0
BRDA:305,13,1,0
BRDA:306,14,0,0
BRDA:306,14,1,0
BRDA:307,15,0,0
BRDA:307,15,1,0
BRDA:362,16,0,0
BRDA:362,16,1,0
BRDA:388,17,0,0
BRDA:388,17,1,0
BRDA:396,18,0,0
BRDA:409,19,0,0
BRDA:421,20,0,0
BRDA:421,20,1,0
BRDA:433,21,0,0
BRDA:433,21,1,0
BRF:36
BRH:0
end_of_record
TN:
SF:src/app/setup/page.tsx
FN:60,SetupPage
FN:73,(anonymous_6)
FN:74,(anonymous_7)
FN:110,(anonymous_8)
FN:130,(anonymous_9)
FN:139,(anonymous_10)
FN:143,(anonymous_11)
FN:148,(anonymous_12)
FN:152,(anonymous_13)
FN:157,(anonymous_14)
FN:168,(anonymous_15)
FN:178,(anonymous_16)
FN:201,(anonymous_17)
FN:206,(anonymous_18)
FN:272,(anonymous_19)
FN:286,(anonymous_20)
FN:293,(anonymous_21)
FN:300,(anonymous_22)
FN:307,(anonymous_23)
FN:326,(anonymous_24)
FN:337,(anonymous_25)
FN:351,(anonymous_26)
FN:368,(anonymous_27)
FN:389,(anonymous_28)
FN:405,(anonymous_29)
FN:419,(anonymous_30)
FN:444,(anonymous_31)
FN:462,(anonymous_32)
FN:478,(anonymous_33)
FN:495,(anonymous_34)
FN:510,(anonymous_35)
FN:530,(anonymous_36)
FN:551,(anonymous_37)
FNF:33
FNH:0
FNDA:0,SetupPage
FNDA:0,(anonymous_6)
FNDA:0,(anonymous_7)
FNDA:0,(anonymous_8)
FNDA:0,(anonymous_9)
FNDA:0,(anonymous_10)
FNDA:0,(anonymous_11)
FNDA:0,(anonymous_12)
FNDA:0,(anonymous_13)
FNDA:0,(anonymous_14)
FNDA:0,(anonymous_15)
FNDA:0,(anonymous_16)
FNDA:0,(anonymous_17)
FNDA:0,(anonymous_18)
FNDA:0,(anonymous_19)
FNDA:0,(anonymous_20)
FNDA:0,(anonymous_21)
FNDA:0,(anonymous_22)
FNDA:0,(anonymous_23)
FNDA:0,(anonymous_24)
FNDA:0,(anonymous_25)
FNDA:0,(anonymous_26)
FNDA:0,(anonymous_27)
FNDA:0,(anonymous_28)
FNDA:0,(anonymous_29)
FNDA:0,(anonymous_30)
FNDA:0,(anonymous_31)
FNDA:0,(anonymous_32)
FNDA:0,(anonymous_33)
FNDA:0,(anonymous_34)
FNDA:0,(anonymous_35)
FNDA:0,(anonymous_36)
FNDA:0,(anonymous_37)
DA:8,0
DA:9,0
DA:40,0
DA:48,0
DA:60,0
DA:61,0
DA:62,0
DA:63,0
DA:67,0
DA:69,0
DA:70,0
DA:73,0
DA:74,0
DA:75,0
DA:76,0
DA:79,0
DA:80,0
DA:82,0
DA:83,0
DA:89,0
DA:90,0
DA:96,0
DA:98,0
DA:102,0
DA:106,0
DA:110,0
DA:111,0
DA:112,0
DA:115,0
DA:116,0
DA:118,0
DA:119,0
DA:123,0
DA:125,0
DA:130,0
DA:131,0
DA:132,0
DA:133,0
DA:134,0
DA:139,0
DA:143,0
DA:144,0
DA:148,0
DA:152,0
DA:153,0
DA:157,0
DA:158,0
DA:159,0
DA:168,0
DA:169,0
DA:171,0
DA:178,0
DA:179,0
DA:187,0
DA:190,0
DA:191,0
DA:192,0
DA:193,0
DA:194,0
DA:195,0
DA:196,0
DA:197,0
DA:201,0
DA:202,0
DA:203,0
DA:205,0
DA:206,0
DA:207,0
DA:208,0
DA:210,0
DA:211,0
DA:214,0
DA:215,0
DA:218,0
DA:219,0
DA:221,0
DA:224,0
DA:227,0
DA:272,0
DA:286,0
DA:293,0
DA:300,0
DA:307,0
DA:326,0
DA:338,0
DA:352,0
DA:369,0
DA:390,0
DA:406,0
DA:420,0
DA:445,0
DA:463,0
DA:479,0
DA:496,0
DA:511,0
DA:531,0
DA:552,0
LF:97
LH:0
BRDA:82,0,0,0
BRDA:89,1,0,0
BRDA:99,2,0,0
BRDA:99,2,1,0
BRDA:123,3,0,0
BRDA:123,3,1,0
BRDA:131,4,0,0
BRDA:203,5,0,0
BRDA:210,6,0,0
BRDA:214,7,0,0
BRDA:227,8,0,0
BRDA:266,9,0,0
BRDA:287,10,0,0
BRDA:287,10,1,0
BRDA:294,11,0,0
BRDA:294,11,1,0
BRDA:301,12,0,0
BRDA:301,12,1,0
BRDA:308,13,0,0
BRDA:308,13,1,0
BRDA:317,14,0,0
BRDA:336,15,0,0
BRDA:336,15,1,0
BRDA:338,16,0,0
BRDA:338,16,1,0
BRDA:387,17,0,0
BRDA:387,17,1,0
BRDA:392,18,0,0
BRDA:392,18,1,0
BRDA:418,19,0,0
BRDA:418,19,1,0
BRDA:422,20,0,0
BRDA:422,20,1,0
BRDA:436,21,0,0
BRDA:487,22,0,0
BRDA:494,23,0,0
BRDA:494,23,1,0
BRDA:498,24,0,0
BRDA:498,24,1,0
BRDA:543,25,0,0
BRDA:582,26,0,0
BRDA:635,27,0,0
BRDA:635,27,1,0
BRDA:636,28,0,0
BRDA:636,28,1,0
BRDA:638,29,0,0
BRDA:638,29,1,0
BRDA:640,30,0,0
BRF:48
BRH:0
end_of_record
TN:
SF:src/components/calendar/CalendarGrid.tsx
FN:31,(anonymous_5)
FN:39,(anonymous_6)
FN:46,(anonymous_7)
FN:51,(anonymous_8)
FN:55,(anonymous_9)
FN:59,(anonymous_10)
FN:71,(anonymous_11)
FN:79,(anonymous_12)
FN:92,(anonymous_13)
FN:101,(anonymous_14)
FN:102,(anonymous_15)
FN:110,(anonymous_16)
FN:125,(anonymous_17)
FN:138,(anonymous_18)
FN:150,(anonymous_19)
FN:191,(anonymous_20)
FN:192,(anonymous_21)
FN:199,(anonymous_22)
FN:204,(anonymous_23)
FN:237,(anonymous_24)
FN:249,(anonymous_25)
FN:257,(anonymous_26)
FN:258,(anonymous_27)
FN:259,(anonymous_28)
FNF:24
FNH:0
FNDA:0,(anonymous_5)
FNDA:0,(anonymous_6)
FNDA:0,(anonymous_7)
FNDA:0,(anonymous_8)
FNDA:0,(anonymous_9)
FNDA:0,(anonymous_10)
FNDA:0,(anonymous_11)
FNDA:0,(anonymous_12)
FNDA:0,(anonymous_13)
FNDA:0,(anonymous_14)
FNDA:0,(anonymous_15)
FNDA:0,(anonymous_16)
FNDA:0,(anonymous_17)
FNDA:0,(anonymous_18)
FNDA:0,(anonymous_19)
FNDA:0,(anonymous_20)
FNDA:0,(anonymous_21)
FNDA:0,(anonymous_22)
FNDA:0,(anonymous_23)
FNDA:0,(anonymous_24)
FNDA:0,(anonymous_25)
FNDA:0,(anonymous_26)
FNDA:0,(anonymous_27)
FNDA:0,(anonymous_28)
DA:6,0
DA:8,0
DA:25,0
DA:30,0
DA:32,0
DA:40,0
DA:47,0
DA:48,0
DA:52,0
DA:56,0
DA:60,0
DA:61,0
DA:63,0
DA:64,0
DA:65,0
DA:68,0
DA:72,0
DA:79,0
DA:87,0
DA:92,0
DA:93,0
DA:94,0
DA:95,0
DA:101,0
DA:102,0
DA:103,0
DA:110,0
DA:111,0
DA:113,0
DA:114,0
DA:117,0
DA:118,0
DA:125,0
DA:126,0
DA:127,0
DA:129,0
DA:130,0
DA:132,0
DA:138,0
DA:139,0
DA:140,0
DA:141,0
DA:142,0
DA:143,0
DA:144,0
DA:150,0
DA:154,0
DA:156,0
DA:157,0
DA:160,0
DA:161,0
DA:164,0
DA:165,0
DA:168,0
DA:169,0
DA:172,0
DA:173,0
DA:174,0
DA:175,0
DA:176,0
DA:177,0
DA:179,0
DA:182,0
DA:185,0
DA:191,0
DA:192,0
DA:193,0
DA:196,0
DA:197,0
DA:198,0
DA:199,0
DA:202,0
DA:204,0
DA:209,0
DA:238,0
DA:250,0
DA:251,0
DA:253,0
DA:257,0
DA:258,0
DA:259,0
LF:81
LH:0
BRDA:33,0,0,0
BRDA:33,0,1,0
BRDA:33,0,2,0
BRDA:41,1,0,0
BRDA:41,1,1,0
BRDA:113,2,0,0
BRDA:117,3,0,0
BRDA:129,4,0,0
BRDA:130,5,0,0
BRDA:139,6,0,0
BRDA:140,7,0,0
BRDA:141,8,0,0
BRDA:142,9,0,0
BRDA:143,10,0,0
BRDA:156,11,0,0
BRDA:160,12,0,0
BRDA:164,13,0,0
BRDA:164,14,0,0
BRDA:164,14,1,0
BRDA:168,15,0,0
BRDA:168,16,0,0
BRDA:168,16,1,0
BRDA:172,17,0,0
BRDA:172,17,1,0
BRDA:174,18,0,0
BRDA:174,18,1,0
BRDA:176,19,0,0
BRDA:176,19,1,0
BRDA:202,20,0,0
BRDA:202,20,1,0
BRDA:219,21,0,0
BRDA:219,21,1,0
BRDA:240,22,0,0
BRDA:240,22,1,0
BRDA:240,23,0,0
BRDA:240,23,1,0
BRDA:251,24,0,0
BRDA:251,24,1,0
BRDA:270,25,0,0
BRDA:279,26,0,0
BRDA:286,27,0,0
BRF:41
BRH:0
end_of_record
TN:
SF:src/components/calendar/RecordDetail.tsx
FN:70,(anonymous_5)
FN:95,(anonymous_6)
FN:121,(anonymous_7)
FN:125,(anonymous_8)
FN:135,(anonymous_9)
FN:188,(anonymous_10)
FN:201,(anonymous_11)
FN:208,(anonymous_12)
FN:243,(anonymous_13)
FN:255,(anonymous_14)
FN:277,(anonymous_15)
FN:291,(anonymous_16)
FN:307,(anonymous_17)
FN:319,(anonymous_18)
FN:333,(anonymous_19)
FN:347,(anonymous_20)
FN:366,(anonymous_21)
FNF:17
FNH:0
FNDA:0,(anonymous_5)
FNDA:0,(anonymous_6)
FNDA:0,(anonymous_7)
FNDA:0,(anonymous_8)
FNDA:0,(anonymous_9)
FNDA:0,(anonymous_10)
FNDA:0,(anonymous_11)
FNDA:0,(anonymous_12)
FNDA:0,(anonymous_13)
FNDA:0,(anonymous_14)
FNDA:0,(anonymous_15)
FNDA:0,(anonymous_16)
FNDA:0,(anonymous_17)
FNDA:0,(anonymous_18)
FNDA:0,(anonymous_19)
FNDA:0,(anonymous_20)
FNDA:0,(anonymous_21)
DA:6,0
DA:15,0
DA:39,0
DA:47,0
DA:59,0
DA:70,0
DA:80,0
DA:89,0
DA:90,0
DA:95,0
DA:96,0
DA:97,0
DA:106,0
DA:115,0
DA:121,0
DA:125,0
DA:129,0
DA:135,0
DA:136,0
DA:138,0
DA:139,0
DA:141,0
DA:155,0
DA:158,0
DA:174,0
DA:177,0
DA:179,0
DA:181,0
DA:188,0
DA:189,0
DA:190,0
DA:191,0
DA:193,0
DA:201,0
DA:202,0
DA:208,0
DA:209,0
DA:210,0
DA:212,0
DA:213,0
DA:215,0
DA:244,0
DA:256,0
DA:278,0
DA:292,0
DA:308,0
DA:319,0
DA:334,0
DA:348,0
DA:366,0
LF:50
LH:0
BRDA:76,0,0,0
BRDA:96,1,0,0
BRDA:96,1,1,0
BRDA:103,2,0,0
BRDA:103,2,1,0
BRDA:139,3,0,0
BRDA:139,3,1,0
BRDA:144,4,0,0
BRDA:144,4,1,0
BRDA:147,5,0,0
BRDA:147,5,1,0
BRDA:150,6,0,0
BRDA:150,6,1,0
BRDA:153,7,0,0
BRDA:153,7,1,0
BRDA:163,8,0,0
BRDA:163,8,1,0
BRDA:166,9,0,0
BRDA:166,9,1,0
BRDA:169,10,0,0
BRDA:169,10,1,0
BRDA:172,11,0,0
BRDA:172,11,1,0
BRDA:189,12,0,0
BRDA:189,13,0,0
BRDA:189,13,1,0
BRDA:189,13,2,0
BRDA:212,14,0,0
BRDA:213,15,0,0
BRDA:219,16,0,0
BRDA:219,16,1,0
BRDA:223,17,0,0
BRDA:282,18,0,0
BRDA:282,18,1,0
BRDA:312,19,0,0
BRDA:312,19,1,0
BRDA:338,20,0,0
BRDA:338,20,1,0
BRDA:379,21,0,0
BRDA:379,21,1,0
BRDA:381,22,0,0
BRDA:381,22,1,0
BRDA:381,22,2,0
BRDA:384,23,0,0
BRDA:393,24,0,0
BRDA:393,24,1,0
BRDA:406,25,0,0
BRF:47
BRH:0
end_of_record
TN:
SF:src/components/camera/CameraPreview.tsx
FN:30,(anonymous_5)
FN:34,(anonymous_6)
FN:39,(anonymous_7)
FN:45,(anonymous_8)
FN:56,(anonymous_9)
FN:66,(anonymous_10)
FN:82,(anonymous_11)
FNF:7
FNH:0
FNDA:0,(anonymous_5)
FNDA:0,(anonymous_6)
FNDA:0,(anonymous_7)
FNDA:0,(anonymous_8)
FNDA:0,(anonymous_9)
FNDA:0,(anonymous_10)
FNDA:0,(anonymous_11)
DA:11,0
DA:12,0
DA:29,0
DA:31,0
DA:34,0
DA:39,0
DA:40,0
DA:41,0
DA:43,0
DA:44,0
DA:45,0
DA:46,0
DA:49,0
DA:56,0
DA:57,0
DA:58,0
DA:59,0
DA:66,0
DA:69,0
DA:73,0
DA:82,0
DA:94,0
DA:142,0
LF:23
LH:0
BRDA:41,0,0,0
BRDA:43,1,0,0
BRDA:43,1,1,0
BRDA:43,2,0,0
BRDA:43,2,1,0
BRDA:58,3,0,0
BRDA:58,4,0,0
BRDA:58,4,1,0
BRDA:73,5,0,0
BRDA:75,6,0,0
BRDA:75,6,1,0
BRDA:94,7,0,0
BRDA:94,8,0,0
BRDA:94,8,1,0
BRDA:96,9,0,0
BRDA:96,9,1,0
BRDA:108,10,0,0
BRDA:108,10,1,0
BRF:18
BRH:0
end_of_record
TN:
SF:src/components/measurement/AngleOverlay.tsx
FN:38,(anonymous_5)
FN:53,(anonymous_6)
FN:58,(anonymous_7)
FN:74,(anonymous_8)
FN:81,(anonymous_9)
FN:144,(anonymous_10)
FN:163,(anonymous_11)
FN:256,(anonymous_12)
FN:281,(anonymous_13)
FN:284,(anonymous_14)
FN:360,(anonymous_15)
FN:362,(anonymous_16)
FN:382,(anonymous_17)
FN:392,(anonymous_18)
FN:396,(anonymous_19)
FN:399,(anonymous_20)
FNF:16
FNH:0
FNDA:0,(anonymous_5)
FNDA:0,(anonymous_6)
FNDA:0,(anonymous_7)
FNDA:0,(anonymous_8)
FNDA:0,(anonymous_9)
FNDA:0,(anonymous_10)
FNDA:0,(anonymous_11)
FNDA:0,(anonymous_12)
FNDA:0,(anonymous_13)
FNDA:0,(anonymous_14)
FNDA:0,(anonymous_15)
FNDA:0,(anonymous_16)
FNDA:0,(anonymous_17)
FNDA:0,(anonymous_18)
FNDA:0,(anonymous_19)
FNDA:0,(anonymous_20)
DA:12,0
DA:17,0
DA:20,0
DA:37,0
DA:49,0
DA:50,0
DA:53,0
DA:58,0
DA:59,0
DA:60,0
DA:62,0
DA:64,0
DA:65,0
DA:66,0
DA:67,0
DA:73,0
DA:81,0
DA:82,0
DA:83,0
DA:85,0
DA:86,0
DA:87,0
DA:97,0
DA:100,0
DA:101,0
DA:102,0
DA:103,0
DA:108,0
DA:141,0
DA:142,0
DA:144,0
DA:145,0
DA:146,0
DA:148,0
DA:149,0
DA:150,0
DA:151,0
DA:152,0
DA:162,0
DA:169,0
DA:170,0
DA:171,0
DA:174,0
DA:175,0
DA:178,0
DA:179,0
DA:180,0
DA:185,0
DA:187,0
DA:190,0
DA:191,0
DA:192,0
DA:194,0
DA:195,0
DA:200,0
DA:201,0
DA:206,0
DA:207,0
DA:212,0
DA:213,0
DA:218,0
DA:221,0
DA:222,0
DA:223,0
DA:225,0
DA:226,0
DA:231,0
DA:232,0
DA:237,0
DA:238,0
DA:243,0
DA:244,0
DA:256,0
DA:257,0
DA:258,0
DA:260,0
DA:261,0
DA:264,0
DA:265,0
DA:268,0
DA:270,0
DA:272,0
DA:274,0
DA:281,0
DA:282,0
DA:284,0
DA:285,0
DA:286,0
DA:288,0
DA:289,0
DA:292,0
DA:294,0
DA:298,0
DA:301,0
DA:304,0
DA:305,0
DA:306,0
DA:308,0
DA:314,0
DA:317,0
DA:318,0
DA:321,0
DA:322,0
DA:323,0
DA:328,0
DA:329,0
DA:333,0
DA:334,0
DA:336,0
DA:337,0
DA:338,0
DA:339,0
DA:344,0
DA:348,0
DA:360,0
DA:361,0
DA:362,0
DA:363,0
DA:364,0
DA:366,0
DA:368,0
DA:369,0
DA:373,0
DA:374,0
DA:375,0
DA:376,0
DA:377,0
DA:382,0
DA:383,0
DA:384,0
DA:392,0
DA:393,0
DA:394,0
DA:396,0
DA:397,0
DA:399,0
DA:400,0
DA:414,0
LF:138
LH:0
BRDA:62,0,0,0
BRDA:62,1,0,0
BRDA:62,1,1,0
BRDA:64,2,0,0
BRDA:64,2,1,0
BRDA:65,3,0,0
BRDA:65,3,1,0
BRDA:88,4,0,0
BRDA:88,4,1,0
BRDA:90,5,0,0
BRDA:90,5,1,0
BRDA:92,6,0,0
BRDA:92,6,1,0
BRDA:94,7,0,0
BRDA:94,7,1,0
BRDA:100,8,0,0
BRDA:148,9,0,0
BRDA:148,10,0,0
BRDA:148,10,1,0
BRDA:181,11,0,0
BRDA:181,11,1,0
BRDA:260,12,0,0
BRDA:260,13,0,0
BRDA:260,13,1,0
BRDA:260,13,2,0
BRDA:260,13,3,0
BRDA:265,14,0,0
BRDA:282,15,0,0
BRDA:286,16,0,0
BRDA:289,17,0,0
BRDA:294,18,0,0
BRDA:294,18,1,0
BRDA:295,19,0,0
BRDA:295,19,1,0
BRDA:317,20,0,0
BRDA:322,21,0,0
BRDA:328,22,0,0
BRDA:340,23,0,0
BRDA:340,23,1,0
BRDA:361,24,0,0
BRDA:361,24,1,0
BRDA:368,25,0,0
BRDA:374,26,0,0
BRDA:376,27,0,0
BRDA:383,28,0,0
BRDA:393,29,0,0
BRDA:408,30,0,0
BRDA:408,30,1,0
BRF:48
BRH:0
end_of_record
TN:
SF:src/components/measurement/MeasurementControls.tsx
FN:28,(anonymous_2)
FN:57,(anonymous_3)
FN:66,(anonymous_4)
FNF:3
FNH:0
FNDA:0,(anonymous_2)
FNDA:0,(anonymous_3)
FNDA:0,(anonymous_4)
DA:6,0
DA:8,0
DA:28,0
DA:40,0
DA:43,0
DA:46,0
DA:57,0
DA:66,0
LF:8
LH:0
BRDA:43,0,0,0
BRDA:43,0,1,0
BRDA:43,0,2,0
BRDA:46,1,0,0
BRDA:46,1,1,0
BRDA:49,2,0,0
BRDA:49,2,1,0
BRDA:56,3,0,0
BRDA:56,3,1,0
BRDA:65,4,0,0
BRDA:65,4,1,0
BRDA:82,5,0,0
BRDA:82,5,1,0
BRDA:84,6,0,0
BRDA:84,6,1,0
BRDA:91,7,0,0
BRDA:91,7,1,0
BRDA:93,8,0,0
BRDA:93,8,1,0
BRDA:100,9,0,0
BRDA:100,9,1,0
BRDA:117,10,0,0
BRDA:117,10,1,0
BRDA:119,11,0,0
BRDA:119,11,1,0
BRDA:126,12,0,0
BRDA:129,13,0,0
BRDA:129,13,1,0
BRDA:134,14,0,0
BRDA:145,15,0,0
BRDA:152,16,0,0
BRDA:168,17,0,0
BRDA:168,17,1,0
BRDA:171,18,0,0
BRDA:186,19,0,0
BRDA:191,20,0,0
BRDA:191,20,1,0
BRDA:193,21,0,0
BRDA:193,21,1,0
BRDA:197,22,0,0
BRDA:197,22,1,0
BRDA:199,23,0,0
BRDA:199,23,1,0
BRDA:203,24,0,0
BRDA:203,24,1,0
BRDA:205,25,0,0
BRDA:205,25,1,0
BRDA:209,26,0,0
BRDA:209,26,1,0
BRDA:211,27,0,0
BRDA:211,27,1,0
BRDA:219,28,0,0
BRF:52
BRH:0
end_of_record
TN:
SF:src/components/progress/ProgressCharts.tsx
FN:68,(anonymous_5)
FN:82,(anonymous_6)
FN:105,(anonymous_7)
FN:109,(anonymous_8)
FN:118,(anonymous_9)
FN:124,(anonymous_10)
FN:131,(anonymous_11)
FN:144,(anonymous_12)
FN:154,(anonymous_13)
FN:166,(anonymous_14)
FN:167,(anonymous_15)
FN:175,(anonymous_16)
FN:185,(anonymous_17)
FN:196,(anonymous_18)
FN:197,(anonymous_19)
FN:209,(anonymous_20)
FN:211,(anonymous_21)
FN:226,(anonymous_22)
FN:234,(anonymous_23)
FN:244,(anonymous_24)
FN:245,(anonymous_25)
FN:252,(anonymous_26)
FN:263,(anonymous_27)
FN:270,(anonymous_28)
FN:297,(anonymous_29)
FN:320,(anonymous_30)
FN:326,(anonymous_31)
FN:344,(anonymous_32)
FN:351,(anonymous_33)
FN:361,(anonymous_34)
FN:368,(anonymous_35)
FN:433,(anonymous_36)
FNF:32
FNH:0
FNDA:0,(anonymous_5)
FNDA:0,(anonymous_6)
FNDA:0,(anonymous_7)
FNDA:0,(anonymous_8)
FNDA:0,(anonymous_9)
FNDA:0,(anonymous_10)
FNDA:0,(anonymous_11)
FNDA:0,(anonymous_12)
FNDA:0,(anonymous_13)
FNDA:0,(anonymous_14)
FNDA:0,(anonymous_15)
FNDA:0,(anonymous_16)
FNDA:0,(anonymous_17)
FNDA:0,(anonymous_18)
FNDA:0,(anonymous_19)
FNDA:0,(anonymous_20)
FNDA:0,(anonymous_21)
FNDA:0,(anonymous_22)
FNDA:0,(anonymous_23)
FNDA:0,(anonymous_24)
FNDA:0,(anonymous_25)
FNDA:0,(anonymous_26)
FNDA:0,(anonymous_27)
FNDA:0,(anonymous_28)
FNDA:0,(anonymous_29)
FNDA:0,(anonymous_30)
FNDA:0,(anonymous_31)
FNDA:0,(anonymous_32)
FNDA:0,(anonymous_33)
FNDA:0,(anonymous_34)
FNDA:0,(anonymous_35)
FNDA:0,(anonymous_36)
DA:6,0
DA:9,0
DA:27,0
DA:38,0
DA:68,0
DA:75,0
DA:82,0
DA:83,0
DA:84,0
DA:86,0
DA:88,0
DA:89,0
DA:91,0
DA:92,0
DA:94,0
DA:95,0
DA:97,0
DA:98,0
DA:100,0
DA:101,0
DA:104,0
DA:105,0
DA:108,0
DA:109,0
DA:112,0
DA:118,0
DA:120,0
DA:122,0
DA:124,0
DA:131,0
DA:139,0
DA:144,0
DA:145,0
DA:146,0
DA:147,0
DA:154,0
DA:156,0
DA:157,0
DA:165,0
DA:166,0
DA:168,0
DA:169,0
DA:175,0
DA:178,0
DA:185,0
DA:186,0
DA:187,0
DA:196,0
DA:197,0
DA:198,0
DA:199,0
DA:202,0
DA:203,0
DA:205,0
DA:206,0
DA:207,0
DA:209,0
DA:211,0
DA:213,0
DA:215,0
DA:216,0
DA:220,0
DA:226,0
DA:227,0
DA:228,0
DA:234,0
DA:235,0
DA:244,0
DA:245,0
DA:246,0
DA:248,0
DA:249,0
DA:250,0
DA:252,0
DA:254,0
DA:256,0
DA:259,0
DA:262,0
DA:263,0
DA:271,0
DA:272,0
DA:298,0
DA:320,0
DA:327,0
DA:345,0
DA:351,0
DA:362,0
DA:368,0
DA:433,0
LF:89
LH:0
BRDA:71,0,0,0
BRDA:86,1,0,0
BRDA:86,1,1,0
BRDA:86,1,2,0
BRDA:86,1,3,0
BRDA:86,1,4,0
BRDA:122,2,0,0
BRDA:122,2,1,0
BRDA:122,2,2,0
BRDA:122,2,3,0
BRDA:122,2,4,0
BRDA:126,3,0,0
BRDA:126,3,1,0
BRDA:127,4,0,0
BRDA:127,4,1,0
BRDA:146,5,0,0
BRDA:186,6,0,0
BRDA:205,7,0,0
BRDA:215,8,0,0
BRDA:216,9,0,0
BRDA:216,9,1,0
BRDA:235,10,0,0
BRDA:246,11,0,0
BRDA:246,11,1,0
BRDA:263,12,0,0
BRDA:263,12,1,0
BRDA:281,13,0,0
BRDA:281,13,1,0
BRDA:281,14,0,0
BRDA:281,14,1,0
BRDA:337,15,0,0
BRDA:337,15,1,0
BRDA:349,16,0,0
BRDA:349,16,1,0
BRDA:366,17,0,0
BRDA:366,17,1,0
BRDA:381,18,0,0
BRDA:381,18,1,0
BRDA:383,19,0,0
BRDA:383,19,1,0
BRDA:383,20,0,0
BRDA:383,20,1,0
BRDA:392,21,0,0
BRDA:392,21,1,0
BRDA:394,22,0,0
BRDA:394,22,1,0
BRDA:394,23,0,0
BRDA:394,23,1,0
BRDA:405,24,0,0
BRDA:405,24,1,0
BRDA:406,25,0,0
BRDA:406,25,1,0
BRDA:407,26,0,0
BRDA:407,26,1,0
BRDA:408,27,0,0
BRDA:410,28,0,0
BRDA:410,28,1,0
BRDA:422,29,0,0
BRDA:439,30,0,0
BRDA:439,30,1,0
BRDA:439,31,0,0
BRDA:439,31,1,0
BRF:62
BRH:0
end_of_record
TN:
SF:src/hooks/useMeasurementService.ts
FN:27,useMeasurementService
FN:35,(anonymous_2)
FN:65,(anonymous_3)
FN:112,(anonymous_4)
FN:139,(anonymous_5)
FNF:5
FNH:0
FNDA:0,useMeasurementService
FNDA:0,(anonymous_2)
FNDA:0,(anonymous_3)
FNDA:0,(anonymous_4)
FNDA:0,(anonymous_5)
DA:5,0
DA:6,0
DA:27,0
DA:28,0
DA:29,0
DA:34,0
DA:36,0
DA:37,0
DA:39,0
DA:41,0
DA:42,0
DA:46,0
DA:48,0
DA:51,0
DA:52,0
DA:53,0
DA:55,0
DA:64,0
DA:66,0
DA:67,0
DA:69,0
DA:71,0
DA:72,0
DA:78,0
DA:79,0
DA:86,0
DA:93,0
DA:95,0
DA:98,0
DA:99,0
DA:100,0
DA:102,0
DA:111,0
DA:113,0
DA:114,0
DA:116,0
DA:118,0
DA:119,0
DA:122,0
DA:123,0
DA:126,0
DA:127,0
DA:128,0
DA:130,0
DA:139,0
DA:140,0
DA:141,0
DA:143,0
DA:145,0
DA:146,0
DA:149,0
DA:152,0
DA:153,0
DA:154,0
DA:156,0
DA:160,0
LF:56
LH:0
BRDA:41,0,0,0
BRDA:48,1,0,0
BRDA:48,1,1,0
BRDA:51,2,0,0
BRDA:51,2,1,0
BRDA:65,3,0,0
BRDA:71,4,0,0
BRDA:78,5,0,0
BRDA:78,5,1,0
BRDA:98,6,0,0
BRDA:98,6,1,0
BRDA:118,7,0,0
BRDA:126,8,0,0
BRDA:126,8,1,0
BRDA:145,9,0,0
BRDA:152,10,0,0
BRDA:152,10,1,0
BRF:17
BRH:0
end_of_record
TN:
SF:src/hooks/useMediaPipeHands.ts
FN:24,(anonymous_1)
FN:37,useMediaPipeHands
FN:50,(anonymous_3)
FN:66,(anonymous_4)
FN:93,(anonymous_5)
FN:121,(anonymous_6)
FN:130,(anonymous_7)
FN:131,(anonymous_8)
FN:142,(anonymous_9)
FNF:9
FNH:0
FNDA:0,(anonymous_1)
FNDA:0,useMediaPipeHands
FNDA:0,(anonymous_3)
FNDA:0,(anonymous_4)
FNDA:0,(anonymous_5)
FNDA:0,(anonymous_6)
FNDA:0,(anonymous_7)
FNDA:0,(anonymous_8)
FNDA:0,(anonymous_9)
DA:5,0
DA:6,0
DA:23,0
DA:25,0
DA:37,0
DA:38,0
DA:39,0
DA:40,0
DA:41,0
DA:42,0
DA:45,0
DA:50,0
DA:51,0
DA:52,0
DA:55,0
DA:56,0
DA:58,0
DA:60,0
DA:63,0
DA:66,0
DA:67,0
DA:71,0
DA:72,0
DA:73,0
DA:75,0
DA:78,0
DA:81,0
DA:82,0
DA:83,0
DA:85,0
DA:92,0
DA:94,0
DA:95,0
DA:96,0
DA:99,0
DA:100,0
DA:101,0
DA:104,0
DA:105,0
DA:106,0
DA:109,0
DA:110,0
DA:111,0
DA:112,0
DA:121,0
DA:122,0
DA:123,0
DA:130,0
DA:131,0
DA:132,0
DA:133,0
DA:135,0
DA:142,0
DA:143,0
DA:146,0
LF:55
LH:0
BRDA:51,0,0,0
BRDA:78,1,0,0
BRDA:78,1,1,0
BRDA:94,2,0,0
BRDA:99,3,0,0
BRDA:99,4,0,0
BRDA:99,4,1,0
BRDA:109,5,0,0
BRDA:109,5,1,0
BRDA:122,6,0,0
BRDA:132,7,0,0
BRF:11
BRH:0
end_of_record
TN:
SF:src/lib/data-manager/database.ts
FN:22,(anonymous_11)
FN:44,(anonymous_12)
FN:56,(anonymous_13)
FN:61,(anonymous_14)
FN:68,(anonymous_15)
FN:81,(anonymous_16)
FN:115,(anonymous_17)
FN:134,(anonymous_18)
FN:160,(anonymous_19)
FN:165,(anonymous_20)
FN:198,(anonymous_21)
FN:203,(anonymous_22)
FN:221,(anonymous_23)
FNF:13
FNH:0
FNDA:0,(anonymous_11)
FNDA:0,(anonymous_12)
FNDA:0,(anonymous_13)
FNDA:0,(anonymous_14)
FNDA:0,(anonymous_15)
FNDA:0,(anonymous_16)
FNDA:0,(anonymous_17)
FNDA:0,(anonymous_18)
FNDA:0,(anonymous_19)
FNDA:0,(anonymous_20)
FNDA:0,(anonymous_21)
FNDA:0,(anonymous_22)
FNDA:0,(anonymous_23)
DA:6,0
DA:15,0
DA:23,0
DA:26,0
DA:44,0
DA:45,0
DA:51,0
DA:56,0
DA:57,0
DA:61,0
DA:62,0
DA:68,0
DA:69,0
DA:70,0
DA:71,0
DA:73,0
DA:74,0
DA:81,0
DA:82,0
DA:83,0
DA:84,0
DA:85,0
DA:86,0
DA:87,0
DA:89,0
DA:101,0
DA:102,0
DA:115,0
DA:116,0
DA:117,0
DA:118,0
DA:121,0
DA:122,0
DA:126,0
DA:127,0
DA:134,0
DA:135,0
DA:136,0
DA:137,0
DA:138,0
DA:139,0
DA:141,0
DA:152,0
DA:153,0
DA:160,0
DA:161,0
DA:162,0
DA:167,0
DA:168,0
DA:169,0
DA:170,0
DA:173,0
DA:174,0
DA:176,0
DA:177,0
DA:179,0
DA:180,0
DA:182,0
DA:183,0
DA:188,0
DA:190,0
DA:191,0
DA:198,0
DA:199,0
DA:200,0
DA:204,0
DA:205,0
DA:206,0
DA:207,0
DA:211,0
DA:213,0
DA:214,0
DA:221,0
DA:222,0
DA:223,0
DA:224,0
DA:225,0
DA:234,0
DA:236,0
DA:237,0
LF:80
LH:0
BRDA:84,0,0,0
BRDA:84,0,1,0
BRDA:85,1,0,0
BRDA:85,1,1,0
BRDA:86,2,0,0
BRDA:86,2,1,0
BRDA:87,3,0,0
BRDA:87,3,1,0
BRDA:107,4,0,0
BRDA:107,4,1,0
BRDA:173,5,0,0
BRDA:176,6,0,0
BRDA:179,7,0,0
BRDA:182,8,0,0
BRDA:223,9,0,0
BRDA:223,10,0,0
BRDA:223,10,1,0
BRDA:229,11,0,0
BRDA:229,11,1,0
BRDA:229,12,0,0
BRDA:229,12,1,0
BRF:21
BRH:0
end_of_record
TN:
SF:src/lib/data-manager/models/calendar-record.ts
FN:55,(anonymous_10)
FN:86,(anonymous_11)
FN:103,(anonymous_12)
FN:115,(anonymous_13)
FN:132,(anonymous_14)
FN:139,(anonymous_15)
FN:147,(anonymous_16)
FN:164,(anonymous_17)
FN:204,(anonymous_18)
FN:223,(anonymous_19)
FN:255,(anonymous_20)
FN:259,(anonymous_21)
FN:261,(anonymous_22)
FN:264,(anonymous_23)
FNF:14
FNH:0
FNDA:0,(anonymous_10)
FNDA:0,(anonymous_11)
FNDA:0,(anonymous_12)
FNDA:0,(anonymous_13)
FNDA:0,(anonymous_14)
FNDA:0,(anonymous_15)
FNDA:0,(anonymous_16)
FNDA:0,(anonymous_17)
FNDA:0,(anonymous_18)
FNDA:0,(anonymous_19)
FNDA:0,(anonymous_20)
FNDA:0,(anonymous_21)
FNDA:0,(anonymous_22)
FNDA:0,(anonymous_23)
DA:55,0
DA:58,0
DA:61,0
DA:62,0
DA:66,0
DA:67,0
DA:68,0
DA:69,0
DA:73,0
DA:74,0
DA:75,0
DA:76,0
DA:80,0
DA:86,0
DA:87,0
DA:88,0
DA:93,0
DA:94,0
DA:97,0
DA:103,0
DA:106,0
DA:109,0
DA:115,0
DA:116,0
DA:117,0
DA:122,0
DA:123,0
DA:126,0
DA:132,0
DA:133,0
DA:139,0
DA:140,0
DA:141,0
DA:147,0
DA:150,0
DA:151,0
DA:153,0
DA:164,0
DA:167,0
DA:168,0
DA:169,0
DA:172,0
DA:174,0
DA:185,0
DA:186,0
DA:188,0
DA:189,0
DA:191,0
DA:192,0
DA:194,0
DA:195,0
DA:198,0
DA:204,0
DA:208,0
DA:209,0
DA:210,0
DA:213,0
DA:223,0
DA:224,0
DA:229,0
DA:230,0
DA:232,0
DA:255,0
DA:258,0
DA:259,0
DA:260,0
DA:261,0
DA:263,0
DA:264,0
DA:267,0
LF:70
LH:0
BRDA:61,0,0,0
BRDA:61,1,0,0
BRDA:61,1,1,0
BRDA:68,2,0,0
BRDA:75,3,0,0
BRDA:87,4,0,0
BRDA:87,5,0,0
BRDA:87,5,1,0
BRDA:87,5,2,0
BRDA:93,6,0,0
BRDA:93,7,0,0
BRDA:93,7,1,0
BRDA:116,8,0,0
BRDA:116,9,0,0
BRDA:116,9,1,0
BRDA:116,9,2,0
BRDA:122,10,0,0
BRDA:122,11,0,0
BRDA:122,11,1,0
BRDA:168,12,0,0
BRDA:185,13,0,0
BRDA:188,14,0,0
BRDA:191,15,0,0
BRDA:194,16,0,0
BRDA:209,17,0,0
BRDA:237,18,0,0
BRDA:237,18,1,0
BRDA:264,19,0,0
BRDA:264,19,1,0
BRDA:272,20,0,0
BRDA:272,20,1,0
BRDA:274,21,0,0
BRDA:274,21,1,0
BRDA:275,22,0,0
BRDA:275,22,1,0
BRF:35
BRH:0
end_of_record
TN:
SF:src/lib/data-manager/models/motion-measurement.ts
FN:96,(anonymous_7)
FN:118,(anonymous_8)
FN:190,(anonymous_9)
FN:247,(anonymous_10)
FN:296,(anonymous_11)
FN:320,(anonymous_12)
FNF:6
FNH:0
FNDA:0,(anonymous_7)
FNDA:0,(anonymous_8)
FNDA:0,(anonymous_9)
FNDA:0,(anonymous_10)
FNDA:0,(anonymous_11)
FNDA:0,(anonymous_12)
DA:73,0
DA:91,0
DA:96,0
DA:100,0
DA:101,0
DA:102,0
DA:103,0
DA:108,0
DA:118,0
DA:121,0
DA:125,0
DA:129,0
DA:133,0
DA:137,0
DA:141,0
DA:145,0
DA:149,0
DA:155,0
DA:166,0
DA:168,0
DA:169,0
DA:170,0
DA:171,0
DA:174,0
DA:190,0
DA:191,0
DA:194,0
DA:195,0
DA:199,0
DA:200,0
DA:204,0
DA:247,0
DA:248,0
DA:249,0
DA:252,0
DA:253,0
DA:258,0
DA:259,0
DA:263,0
DA:264,0
DA:267,0
DA:296,0
DA:299,0
DA:314,0
DA:320,0
DA:323,0
DA:324,0
DA:325,0
DA:328,0
DA:330,0
LF:50
LH:0
BRDA:100,0,0,0
BRDA:100,0,1,0
BRDA:100,1,0,0
BRDA:100,1,1,0
BRDA:102,2,0,0
BRDA:102,2,1,0
BRDA:168,3,0,0
BRDA:168,3,1,0
BRDA:170,4,0,0
BRDA:194,5,0,0
BRDA:194,6,0,0
BRDA:194,6,1,0
BRDA:199,7,0,0
BRDA:248,8,0,0
BRDA:252,9,0,0
BRDA:258,10,0,0
BRDA:258,11,0,0
BRDA:258,11,1,0
BRDA:263,12,0,0
BRDA:324,13,0,0
BRF:20
BRH:0
end_of_record
TN:
SF:src/lib/data-manager/models/progress-data.ts
FN:87,(anonymous_10)
FN:107,(anonymous_11)
FN:145,(anonymous_12)
FN:146,(anonymous_13)
FN:147,(anonymous_14)
FN:148,(anonymous_15)
FN:162,(anonymous_16)
FN:164,(anonymous_17)
FN:174,(anonymous_18)
FN:194,(anonymous_19)
FN:243,(anonymous_20)
FN:262,(anonymous_21)
FN:282,(anonymous_22)
FN:307,(anonymous_23)
FN:319,(anonymous_24)
FNF:15
FNH:0
FNDA:0,(anonymous_10)
FNDA:0,(anonymous_11)
FNDA:0,(anonymous_12)
FNDA:0,(anonymous_13)
FNDA:0,(anonymous_14)
FNDA:0,(anonymous_15)
FNDA:0,(anonymous_16)
FNDA:0,(anonymous_17)
FNDA:0,(anonymous_18)
FNDA:0,(anonymous_19)
FNDA:0,(anonymous_20)
FNDA:0,(anonymous_21)
FNDA:0,(anonymous_22)
FNDA:0,(anonymous_23)
FNDA:0,(anonymous_24)
DA:87,0
DA:88,0
DA:90,0
DA:92,0
DA:94,0
DA:96,0
DA:98,0
DA:100,0
DA:107,0
DA:111,0
DA:112,0
DA:120,0
DA:122,0
DA:126,0
DA:127,0
DA:129,0
DA:130,0
DA:133,0
DA:145,0
DA:146,0
DA:147,0
DA:148,0
DA:150,0
DA:151,0
DA:152,0
DA:153,0
DA:155,0
DA:162,0
DA:163,0
DA:164,0
DA:168,0
DA:174,0
DA:180,0
DA:183,0
DA:186,0
DA:188,0
DA:194,0
DA:197,0
DA:200,0
DA:201,0
DA:205,0
DA:212,0
DA:213,0
DA:217,0
DA:218,0
DA:222,0
DA:223,0
DA:227,0
DA:228,0
DA:232,0
DA:243,0
DA:244,0
DA:245,0
DA:250,0
DA:262,0
DA:263,0
DA:264,0
DA:268,0
DA:269,0
DA:272,0
DA:273,0
DA:276,0
DA:282,0
DA:285,0
DA:286,0
DA:287,0
DA:290,0
DA:307,0
DA:309,0
DA:311,0
DA:313,0
DA:319,0
DA:321,0
DA:322,0
DA:323,0
DA:325,0
LF:76
LH:0
BRDA:88,0,0,0
BRDA:88,0,1,0
BRDA:88,0,2,0
BRDA:88,0,3,0
BRDA:88,0,4,0
BRDA:88,0,5,0
BRDA:111,1,0,0
BRDA:122,2,0,0
BRDA:122,2,1,0
BRDA:129,3,0,0
BRDA:130,4,0,0
BRDA:130,4,1,0
BRDA:150,5,0,0
BRDA:150,5,1,0
BRDA:152,6,0,0
BRDA:152,6,1,0
BRDA:200,7,0,0
BRDA:200,8,0,0
BRDA:200,8,1,0
BRDA:212,9,0,0
BRDA:217,10,0,0
BRDA:222,11,0,0
BRDA:227,12,0,0
BRDA:227,13,0,0
BRDA:227,13,1,0
BRDA:244,14,0,0
BRDA:263,15,0,0
BRDA:263,16,0,0
BRDA:263,16,1,0
BRDA:268,17,0,0
BRDA:272,18,0,0
BRDA:286,19,0,0
BRDA:313,20,0,0
BRDA:313,20,1,0
BRDA:325,21,0,0
BRDA:325,21,1,0
BRDA:325,21,2,0
BRF:37
BRH:0
end_of_record
TN:
SF:src/lib/data-manager/models/user.ts
FN:32,(anonymous_4)
FN:65,(anonymous_5)
FN:86,(anonymous_6)
FNF:3
FNH:0
FNDA:0,(anonymous_4)
FNDA:0,(anonymous_5)
FNDA:0,(anonymous_6)
DA:32,0
DA:33,0
DA:36,0
DA:37,0
DA:38,0
DA:39,0
DA:43,0
DA:44,0
DA:45,0
DA:46,0
DA:50,0
DA:51,0
DA:55,0
DA:56,0
DA:59,0
DA:65,0
DA:66,0
DA:67,0
DA:68,0
DA:71,0
DA:72,0
DA:86,0
DA:90,0
DA:97,0
DA:98,0
DA:99,0
DA:101,0
DA:102,0
DA:104,0
DA:107,0
DA:108,0
DA:109,0
DA:113,0
DA:114,0
DA:115,0
DA:119,0
LF:36
LH:0
BRDA:36,0,0,0
BRDA:36,0,1,0
BRDA:36,1,0,0
BRDA:36,1,1,0
BRDA:38,2,0,0
BRDA:45,3,0,0
BRDA:50,4,0,0
BRDA:55,5,0,0
BRDA:67,6,0,0
BRDA:97,7,0,0
BRDA:98,8,0,0
BRDA:98,9,0,0
BRDA:98,9,1,0
BRDA:101,10,0,0
BRDA:107,11,0,0
BRDA:108,12,0,0
BRDA:113,13,0,0
BRDA:114,14,0,0
BRF:18
BRH:0
end_of_record
TN:
SF:src/lib/integrations/calendar-integration.ts
FN:25,(anonymous_1)
FN:39,(anonymous_2)
FN:41,(anonymous_3)
FN:46,(anonymous_4)
FN:53,(anonymous_5)
FN:61,(anonymous_6)
FN:75,(anonymous_7)
FN:85,(anonymous_8)
FN:87,(anonymous_9)
FN:92,(anonymous_10)
FN:100,(anonymous_11)
FN:112,(anonymous_12)
FN:140,(anonymous_13)
FN:141,(anonymous_14)
FN:148,(anonymous_15)
FN:155,(anonymous_16)
FN:156,(anonymous_17)
FN:164,(anonymous_18)
FN:167,(anonymous_19)
FN:175,(anonymous_20)
FN:177,(anonymous_21)
FN:185,(anonymous_22)
FN:186,(anonymous_23)
FN:205,(anonymous_24)
FN:206,(anonymous_25)
FN:210,(anonymous_26)
FN:211,(anonymous_27)
FN:216,(anonymous_28)
FN:237,(anonymous_29)
FN:240,(anonymous_30)
FN:245,(anonymous_31)
FN:252,(anonymous_32)
FN:260,(anonymous_33)
FN:281,(anonymous_34)
FN:306,(anonymous_35)
FN:354,(anonymous_36)
FN:358,(anonymous_37)
FN:359,(anonymous_38)
FNF:38
FNH:0
FNDA:0,(anonymous_1)
FNDA:0,(anonymous_2)
FNDA:0,(anonymous_3)
FNDA:0,(anonymous_4)
FNDA:0,(anonymous_5)
FNDA:0,(anonymous_6)
FNDA:0,(anonymous_7)
FNDA:0,(anonymous_8)
FNDA:0,(anonymous_9)
FNDA:0,(anonymous_10)
FNDA:0,(anonymous_11)
FNDA:0,(anonymous_12)
FNDA:0,(anonymous_13)
FNDA:0,(anonymous_14)
FNDA:0,(anonymous_15)
FNDA:0,(anonymous_16)
FNDA:0,(anonymous_17)
FNDA:0,(anonymous_18)
FNDA:0,(anonymous_19)
FNDA:0,(anonymous_20)
FNDA:0,(anonymous_21)
FNDA:0,(anonymous_22)
FNDA:0,(anonymous_23)
FNDA:0,(anonymous_24)
FNDA:0,(anonymous_25)
FNDA:0,(anonymous_26)
FNDA:0,(anonymous_27)
FNDA:0,(anonymous_28)
FNDA:0,(anonymous_29)
FNDA:0,(anonymous_30)
FNDA:0,(anonymous_31)
FNDA:0,(anonymous_32)
FNDA:0,(anonymous_33)
FNDA:0,(anonymous_34)
FNDA:0,(anonymous_35)
FNDA:0,(anonymous_36)
FNDA:0,(anonymous_37)
FNDA:0,(anonymous_38)
DA:6,0
DA:25,0
DA:26,0
DA:36,0
DA:39,0
DA:40,0
DA:41,0
DA:44,0
DA:45,0
DA:46,0
DA:53,0
DA:60,0
DA:61,0
DA:68,0
DA:72,0
DA:75,0
DA:84,0
DA:86,0
DA:87,0
DA:90,0
DA:92,0
DA:99,0
DA:100,0
DA:111,0
DA:113,0
DA:131,0
DA:132,0
DA:133,0
DA:139,0
DA:141,0
DA:142,0
DA:147,0
DA:148,0
DA:154,0
DA:156,0
DA:157,0
DA:163,0
DA:165,0
DA:166,0
DA:167,0
DA:174,0
DA:176,0
DA:178,0
DA:185,0
DA:186,0
DA:187,0
DA:189,0
DA:191,0
DA:192,0
DA:194,0
DA:195,0
DA:197,0
DA:200,0
DA:205,0
DA:206,0
DA:210,0
DA:211,0
DA:215,0
DA:217,0
DA:220,0
DA:222,0
DA:223,0
DA:225,0
DA:226,0
DA:229,0
DA:230,0
DA:233,0
DA:235,0
DA:236,0
DA:237,0
DA:239,0
DA:240,0
DA:244,0
DA:245,0
DA:250,0
DA:252,0
DA:258,0
DA:260,0
DA:265,0
DA:281,0
DA:282,0
DA:285,0
DA:306,0
DA:307,0
DA:308,0
DA:310,0
DA:311,0
DA:312,0
DA:314,0
DA:316,0
DA:318,0
DA:340,0
DA:341,0
DA:344,0
DA:348,0
DA:354,0
DA:355,0
DA:357,0
DA:358,0
DA:359,0
DA:361,0
DA:363,0
DA:364,0
DA:366,0
DA:367,0
DA:369,0
DA:370,0
DA:371,0
DA:373,0
DA:374,0
DA:376,0
DA:378,0
DA:379,0
DA:380,0
DA:382,0
DA:386,0
LF:116
LH:0
BRDA:45,0,0,0
BRDA:45,0,1,0
BRDA:72,1,0,0
BRDA:72,1,1,0
BRDA:99,2,0,0
BRDA:99,2,1,0
BRDA:116,3,0,0
BRDA:116,3,1,0
BRDA:117,4,0,0
BRDA:117,4,1,0
BRDA:118,5,0,0
BRDA:118,5,1,0
BRDA:121,6,0,0
BRDA:121,6,1,0
BRDA:124,7,0,0
BRDA:124,7,1,0
BRDA:125,8,0,0
BRDA:125,8,1,0
BRDA:128,9,0,0
BRDA:128,9,1,0
BRDA:142,10,0,0
BRDA:142,10,1,0
BRDA:148,11,0,0
BRDA:148,11,1,0
BRDA:178,12,0,0
BRDA:178,12,1,0
BRDA:189,13,0,0
BRDA:189,13,1,0
BRDA:189,13,2,0
BRDA:216,14,0,0
BRDA:220,15,0,0
BRDA:220,15,1,0
BRDA:220,15,2,0
BRDA:220,15,3,0
BRDA:244,16,0,0
BRDA:244,16,1,0
BRDA:245,17,0,0
BRDA:245,17,1,0
BRDA:250,18,0,0
BRDA:250,18,1,0
BRDA:252,19,0,0
BRDA:252,19,1,0
BRDA:258,20,0,0
BRDA:258,20,1,0
BRDA:260,21,0,0
BRDA:260,21,1,0
BRDA:268,22,0,0
BRDA:268,22,1,0
BRDA:270,23,0,0
BRDA:270,23,1,0
BRDA:314,24,0,0
BRDA:340,25,0,0
BRDA:355,26,0,0
BRDA:361,27,0,0
BRDA:364,28,0,0
BRDA:374,29,0,0
BRDA:378,30,0,0
BRDA:378,30,1,0
BRF:58
BRH:0
end_of_record
TN:
SF:src/lib/integrations/feedback-integration.ts
FN:126,(anonymous_11)
FN:140,(anonymous_12)
FN:141,(anonymous_13)
FN:142,(anonymous_14)
FN:152,(anonymous_15)
FN:153,(anonymous_16)
FN:166,(anonymous_17)
FN:175,(anonymous_18)
FN:184,(anonymous_19)
FN:191,(anonymous_20)
FN:202,(anonymous_21)
FN:203,(anonymous_22)
FN:205,(anonymous_23)
FN:210,(anonymous_24)
FN:211,(anonymous_25)
FN:216,(anonymous_26)
FN:238,(anonymous_27)
FN:251,(anonymous_28)
FN:268,(anonymous_29)
FN:269,(anonymous_30)
FN:274,(anonymous_31)
FN:282,(anonymous_32)
FN:301,(anonymous_33)
FN:309,(anonymous_34)
FN:317,(anonymous_35)
FN:321,(anonymous_36)
FN:333,(anonymous_37)
FN:337,(anonymous_38)
FN:346,(anonymous_39)
FN:366,(anonymous_40)
FN:367,(anonymous_41)
FN:383,(anonymous_42)
FN:387,(anonymous_43)
FN:390,(anonymous_44)
FN:396,(anonymous_45)
FN:421,(anonymous_46)
FN:476,(anonymous_47)
FN:489,(anonymous_48)
FN:493,(anonymous_49)
FN:505,(anonymous_50)
FN:510,(anonymous_51)
FN:531,(anonymous_52)
FN:543,(anonymous_53)
FN:560,(anonymous_54)
FN:575,(anonymous_55)
FN:579,(anonymous_56)
FN:614,(anonymous_57)
FN:629,(anonymous_58)
FN:652,(anonymous_59)
FN:664,(anonymous_60)
FNF:50
FNH:0
FNDA:0,(anonymous_11)
FNDA:0,(anonymous_12)
FNDA:0,(anonymous_13)
FNDA:0,(anonymous_14)
FNDA:0,(anonymous_15)
FNDA:0,(anonymous_16)
FNDA:0,(anonymous_17)
FNDA:0,(anonymous_18)
FNDA:0,(anonymous_19)
FNDA:0,(anonymous_20)
FNDA:0,(anonymous_21)
FNDA:0,(anonymous_22)
FNDA:0,(anonymous_23)
FNDA:0,(anonymous_24)
FNDA:0,(anonymous_25)
FNDA:0,(anonymous_26)
FNDA:0,(anonymous_27)
FNDA:0,(anonymous_28)
FNDA:0,(anonymous_29)
FNDA:0,(anonymous_30)
FNDA:0,(anonymous_31)
FNDA:0,(anonymous_32)
FNDA:0,(anonymous_33)
FNDA:0,(anonymous_34)
FNDA:0,(anonymous_35)
FNDA:0,(anonymous_36)
FNDA:0,(anonymous_37)
FNDA:0,(anonymous_38)
FNDA:0,(anonymous_39)
FNDA:0,(anonymous_40)
FNDA:0,(anonymous_41)
FNDA:0,(anonymous_42)
FNDA:0,(anonymous_43)
FNDA:0,(anonymous_44)
FNDA:0,(anonymous_45)
FNDA:0,(anonymous_46)
FNDA:0,(anonymous_47)
FNDA:0,(anonymous_48)
FNDA:0,(anonymous_49)
FNDA:0,(anonymous_50)
FNDA:0,(anonymous_51)
FNDA:0,(anonymous_52)
FNDA:0,(anonymous_53)
FNDA:0,(anonymous_54)
FNDA:0,(anonymous_55)
FNDA:0,(anonymous_56)
FNDA:0,(anonymous_57)
FNDA:0,(anonymous_58)
FNDA:0,(anonymous_59)
FNDA:0,(anonymous_60)
DA:13,0
DA:121,0
DA:126,0
DA:131,0
DA:140,0
DA:141,0
DA:142,0
DA:143,0
DA:149,0
DA:152,0
DA:153,0
DA:154,0
DA:162,0
DA:163,0
DA:164,0
DA:166,0
DA:167,0
DA:168,0
DA:174,0
DA:176,0
DA:177,0
DA:184,0
DA:190,0
DA:191,0
DA:192,0
DA:196,0
DA:202,0
DA:203,0
DA:205,0
DA:210,0
DA:211,0
DA:215,0
DA:221,0
DA:238,0
DA:244,0
DA:245,0
DA:251,0
DA:257,0
DA:258,0
DA:262,0
DA:268,0
DA:269,0
DA:273,0
DA:275,0
DA:281,0
DA:287,0
DA:294,0
DA:300,0
DA:302,0
DA:308,0
DA:310,0
DA:316,0
DA:321,0
DA:323,0
DA:330,0
DA:331,0
DA:332,0
DA:333,0
DA:334,0
DA:336,0
DA:337,0
DA:338,0
DA:345,0
DA:350,0
DA:351,0
DA:353,0
DA:354,0
DA:356,0
DA:358,0
DA:365,0
DA:367,0
DA:372,0
DA:383,0
DA:384,0
DA:386,0
DA:387,0
DA:389,0
DA:390,0
DA:393,0
DA:394,0
DA:396,0
DA:397,0
DA:398,0
DA:399,0
DA:400,0
DA:402,0
DA:407,0
DA:411,0
DA:412,0
DA:420,0
DA:421,0
DA:426,0
DA:435,0
DA:466,0
DA:476,0
DA:477,0
DA:478,0
DA:479,0
DA:483,0
DA:489,0
DA:490,0
DA:492,0
DA:494,0
DA:499,0
DA:505,0
DA:507,0
DA:509,0
DA:526,0
DA:528,0
DA:530,0
DA:531,0
DA:532,0
DA:533,0
DA:534,0
DA:535,0
DA:537,0
DA:539,0
DA:541,0
DA:543,0
DA:544,0
DA:547,0
DA:551,0
DA:552,0
DA:557,0
DA:558,0
DA:560,0
DA:564,0
DA:569,0
DA:575,0
DA:576,0
DA:578,0
DA:591,0
DA:593,0
DA:594,0
DA:595,0
DA:596,0
DA:598,0
DA:599,0
DA:600,0
DA:606,0
DA:614,0
DA:615,0
DA:616,0
DA:617,0
DA:618,0
DA:619,0
DA:621,0
DA:623,0
DA:629,0
DA:630,0
DA:631,0
DA:632,0
DA:642,0
DA:643,0
DA:645,0
DA:652,0
DA:653,0
DA:654,0
DA:656,0
DA:657,0
DA:664,0
DA:665,0
DA:666,0
DA:668,0
LF:164
LH:0
BRDA:134,0,0,0
BRDA:134,0,1,0
BRDA:162,1,0,0
BRDA:181,2,0,0
BRDA:181,2,1,0
BRDA:190,3,0,0
BRDA:190,4,0,0
BRDA:190,4,1,0
BRDA:219,5,0,0
BRDA:226,6,0,0
BRDA:226,6,1,0
BRDA:227,7,0,0
BRDA:227,7,1,0
BRDA:235,8,0,0
BRDA:235,8,1,0
BRDA:244,9,0,0
BRDA:244,10,0,0
BRDA:244,10,1,0
BRDA:248,11,0,0
BRDA:248,11,1,0
BRDA:257,12,0,0
BRDA:274,13,0,0
BRDA:292,14,0,0
BRDA:292,14,1,0
BRDA:301,15,0,0
BRDA:309,16,0,0
BRDA:319,17,0,0
BRDA:353,18,0,0
BRDA:353,18,1,0
BRDA:384,19,0,0
BRDA:397,20,0,0
BRDA:397,20,1,0
BRDA:399,21,0,0
BRDA:411,22,0,0
BRDA:420,23,0,0
BRDA:478,24,0,0
BRDA:512,25,0,0
BRDA:521,26,0,0
BRDA:522,27,0,0
BRDA:525,28,0,0
BRDA:534,29,0,0
BRDA:534,30,0,0
BRDA:534,30,1,0
BRDA:540,31,0,0
BRDA:540,31,1,0
BRDA:541,32,0,0
BRDA:551,33,0,0
BRDA:557,34,0,0
BRDA:557,35,0,0
BRDA:557,35,1,0
BRDA:581,36,0,0
BRDA:588,37,0,0
BRDA:589,38,0,0
BRDA:590,39,0,0
BRDA:598,40,0,0
BRDA:598,40,1,0
BRDA:615,41,0,0
BRDA:617,42,0,0
BRDA:631,43,0,0
BRDA:631,43,1,0
BRDA:654,44,0,0
BRDA:654,44,1,0
BRF:62
BRH:0
end_of_record
TN:
SF:src/lib/integrations/measurement-integration.ts
FN:49,(anonymous_1)
FN:67,(anonymous_2)
FN:71,(anonymous_3)
FN:75,(anonymous_4)
FN:78,(anonymous_5)
FN:87,(anonymous_6)
FN:97,(anonymous_7)
FN:99,(anonymous_8)
FN:107,(anonymous_9)
FN:119,(anonymous_10)
FN:125,(anonymous_11)
FN:126,(anonymous_12)
FN:152,(anonymous_13)
FN:161,(anonymous_14)
FN:167,(anonymous_15)
FN:170,(anonymous_16)
FN:178,(anonymous_17)
FN:190,(anonymous_18)
FN:201,(anonymous_19)
FN:203,(anonymous_20)
FN:210,(anonymous_21)
FN:220,(anonymous_22)
FN:221,(anonymous_23)
FN:225,(anonymous_24)
FN:248,(anonymous_25)
FN:251,(anonymous_26)
FN:257,(anonymous_27)
FN:258,(anonymous_28)
FN:263,(anonymous_29)
FN:273,(anonymous_30)
FN:274,(anonymous_31)
FNF:31
FNH:0
FNDA:0,(anonymous_1)
FNDA:0,(anonymous_2)
FNDA:0,(anonymous_3)
FNDA:0,(anonymous_4)
FNDA:0,(anonymous_5)
FNDA:0,(anonymous_6)
FNDA:0,(anonymous_7)
FNDA:0,(anonymous_8)
FNDA:0,(anonymous_9)
FNDA:0,(anonymous_10)
FNDA:0,(anonymous_11)
FNDA:0,(anonymous_12)
FNDA:0,(anonymous_13)
FNDA:0,(anonymous_14)
FNDA:0,(anonymous_15)
FNDA:0,(anonymous_16)
FNDA:0,(anonymous_17)
FNDA:0,(anonymous_18)
FNDA:0,(anonymous_19)
FNDA:0,(anonymous_20)
FNDA:0,(anonymous_21)
FNDA:0,(anonymous_22)
FNDA:0,(anonymous_23)
FNDA:0,(anonymous_24)
FNDA:0,(anonymous_25)
FNDA:0,(anonymous_26)
FNDA:0,(anonymous_27)
FNDA:0,(anonymous_28)
FNDA:0,(anonymous_29)
FNDA:0,(anonymous_30)
FNDA:0,(anonymous_31)
DA:6,0
DA:49,0
DA:52,0
DA:64,0
DA:67,0
DA:68,0
DA:71,0
DA:74,0
DA:75,0
DA:77,0
DA:78,0
DA:86,0
DA:87,0
DA:97,0
DA:98,0
DA:99,0
DA:103,0
DA:106,0
DA:107,0
DA:110,0
DA:119,0
DA:125,0
DA:126,0
DA:127,0
DA:128,0
DA:129,0
DA:132,0
DA:133,0
DA:138,0
DA:151,0
DA:152,0
DA:161,0
DA:162,0
DA:163,0
DA:166,0
DA:167,0
DA:170,0
DA:172,0
DA:178,0
DA:186,0
DA:189,0
DA:190,0
DA:195,0
DA:200,0
DA:202,0
DA:203,0
DA:207,0
DA:210,0
DA:220,0
DA:221,0
DA:225,0
DA:226,0
DA:227,0
DA:228,0
DA:231,0
DA:232,0
DA:243,0
DA:248,0
DA:249,0
DA:251,0
DA:252,0
DA:257,0
DA:258,0
DA:259,0
DA:260,0
DA:263,0
DA:273,0
DA:274,0
DA:285,0
DA:289,0
DA:292,0
LF:71
LH:0
BRDA:50,0,0,0
BRDA:86,1,0,0
BRDA:86,1,1,0
BRDA:98,2,0,0
BRDA:98,3,0,0
BRDA:98,3,1,0
BRDA:127,4,0,0
BRDA:127,5,0,0
BRDA:127,5,1,0
BRDA:151,6,0,0
BRDA:151,6,1,0
BRDA:162,7,0,0
BRDA:189,8,0,0
BRDA:189,8,1,0
BRDA:202,9,0,0
BRDA:227,10,0,0
BRDA:266,11,0,0
BRDA:266,11,1,0
BRDA:268,12,0,0
BRDA:268,12,1,0
BRDA:277,13,0,0
BRDA:277,13,1,0
BRDA:279,14,0,0
BRDA:279,14,1,0
BRF:24
BRH:0
end_of_record
TN:
SF:src/lib/integrations/offline-integration.ts
FN:51,(anonymous_5)
FN:73,(anonymous_6)
FN:75,(anonymous_7)
FN:80,(anonymous_8)
FN:87,(anonymous_9)
FN:91,(anonymous_10)
FN:93,(anonymous_11)
FN:97,(anonymous_12)
FN:102,(anonymous_13)
FN:109,(anonymous_14)
FN:120,(anonymous_15)
FN:123,(anonymous_16)
FN:126,(anonymous_17)
FN:137,(anonymous_18)
FN:140,(anonymous_19)
FN:142,(anonymous_20)
FN:155,(anonymous_21)
FN:170,(anonymous_22)
FN:182,(anonymous_23)
FN:183,(anonymous_24)
FN:185,(anonymous_25)
FN:197,(anonymous_26)
FN:203,(anonymous_27)
FN:204,(anonymous_28)
FN:218,(anonymous_29)
FN:227,(anonymous_30)
FN:231,(anonymous_31)
FN:243,(anonymous_32)
FN:252,(anonymous_33)
FN:272,(anonymous_34)
FN:279,(anonymous_35)
FN:284,(anonymous_36)
FN:286,(anonymous_37)
FN:297,(anonymous_38)
FN:307,(anonymous_39)
FN:329,(anonymous_40)
FN:330,(anonymous_41)
FN:334,(anonymous_42)
FN:336,(anonymous_43)
FN:351,(anonymous_44)
FN:356,(anonymous_45)
FN:360,(anonymous_46)
FN:361,(anonymous_47)
FN:362,(anonymous_48)
FN:375,(anonymous_49)
FN:376,(anonymous_50)
FN:383,(anonymous_51)
FN:389,(anonymous_52)
FN:393,(anonymous_53)
FN:399,(anonymous_54)
FN:401,(anonymous_55)
FN:406,(anonymous_56)
FN:443,(anonymous_57)
FN:505,(anonymous_58)
FN:510,(anonymous_59)
FN:511,(anonymous_60)
FN:512,(anonymous_61)
FN:518,(anonymous_62)
FN:531,(anonymous_63)
FN:541,(anonymous_64)
FN:542,(anonymous_65)
FN:556,(anonymous_66)
FN:564,(anonymous_67)
FN:577,(anonymous_68)
FN:595,(anonymous_69)
FN:613,(anonymous_70)
FN:631,(anonymous_71)
FNF:67
FNH:0
FNDA:0,(anonymous_5)
FNDA:0,(anonymous_6)
FNDA:0,(anonymous_7)
FNDA:0,(anonymous_8)
FNDA:0,(anonymous_9)
FNDA:0,(anonymous_10)
FNDA:0,(anonymous_11)
FNDA:0,(anonymous_12)
FNDA:0,(anonymous_13)
FNDA:0,(anonymous_14)
FNDA:0,(anonymous_15)
FNDA:0,(anonymous_16)
FNDA:0,(anonymous_17)
FNDA:0,(anonymous_18)
FNDA:0,(anonymous_19)
FNDA:0,(anonymous_20)
FNDA:0,(anonymous_21)
FNDA:0,(anonymous_22)
FNDA:0,(anonymous_23)
FNDA:0,(anonymous_24)
FNDA:0,(anonymous_25)
FNDA:0,(anonymous_26)
FNDA:0,(anonymous_27)
FNDA:0,(anonymous_28)
FNDA:0,(anonymous_29)
FNDA:0,(anonymous_30)
FNDA:0,(anonymous_31)
FNDA:0,(anonymous_32)
FNDA:0,(anonymous_33)
FNDA:0,(anonymous_34)
FNDA:0,(anonymous_35)
FNDA:0,(anonymous_36)
FNDA:0,(anonymous_37)
FNDA:0,(anonymous_38)
FNDA:0,(anonymous_39)
FNDA:0,(anonymous_40)
FNDA:0,(anonymous_41)
FNDA:0,(anonymous_42)
FNDA:0,(anonymous_43)
FNDA:0,(anonymous_44)
FNDA:0,(anonymous_45)
FNDA:0,(anonymous_46)
FNDA:0,(anonymous_47)
FNDA:0,(anonymous_48)
FNDA:0,(anonymous_49)
FNDA:0,(anonymous_50)
FNDA:0,(anonymous_51)
FNDA:0,(anonymous_52)
FNDA:0,(anonymous_53)
FNDA:0,(anonymous_54)
FNDA:0,(anonymous_55)
FNDA:0,(anonymous_56)
FNDA:0,(anonymous_57)
FNDA:0,(anonymous_58)
FNDA:0,(anonymous_59)
FNDA:0,(anonymous_60)
FNDA:0,(anonymous_61)
FNDA:0,(anonymous_62)
FNDA:0,(anonymous_63)
FNDA:0,(anonymous_64)
FNDA:0,(anonymous_65)
FNDA:0,(anonymous_66)
FNDA:0,(anonymous_67)
FNDA:0,(anonymous_68)
FNDA:0,(anonymous_69)
FNDA:0,(anonymous_70)
FNDA:0,(anonymous_71)
DA:6,0
DA:7,0
DA:51,0
DA:53,0
DA:55,0
DA:66,0
DA:73,0
DA:74,0
DA:75,0
DA:76,0
DA:79,0
DA:80,0
DA:82,0
DA:87,0
DA:88,0
DA:89,0
DA:91,0
DA:93,0
DA:94,0
DA:95,0
DA:97,0
DA:101,0
DA:102,0
DA:103,0
DA:109,0
DA:113,0
DA:118,0
DA:120,0
DA:121,0
DA:123,0
DA:124,0
DA:126,0
DA:130,0
DA:136,0
DA:137,0
DA:140,0
DA:142,0
DA:148,0
DA:149,0
DA:155,0
DA:156,0
DA:158,0
DA:159,0
DA:160,0
DA:161,0
DA:164,0
DA:170,0
DA:175,0
DA:176,0
DA:182,0
DA:183,0
DA:184,0
DA:185,0
DA:191,0
DA:197,0
DA:203,0
DA:204,0
DA:211,0
DA:214,0
DA:215,0
DA:216,0
DA:218,0
DA:219,0
DA:223,0
DA:227,0
DA:231,0
DA:232,0
DA:234,0
DA:235,0
DA:237,0
DA:238,0
DA:240,0
DA:243,0
DA:245,0
DA:246,0
DA:252,0
DA:253,0
DA:255,0
DA:256,0
DA:257,0
DA:259,0
DA:260,0
DA:261,0
DA:263,0
DA:264,0
DA:265,0
DA:266,0
DA:267,0
DA:272,0
DA:274,0
DA:279,0
DA:280,0
DA:282,0
DA:283,0
DA:284,0
DA:286,0
DA:287,0
DA:289,0
DA:290,0
DA:296,0
DA:298,0
DA:299,0
DA:301,0
DA:302,0
DA:304,0
DA:305,0
DA:307,0
DA:312,0
DA:320,0
DA:321,0
DA:329,0
DA:330,0
DA:331,0
DA:332,0
DA:334,0
DA:336,0
DA:340,0
DA:341,0
DA:343,0
DA:348,0
DA:349,0
DA:351,0
DA:352,0
DA:356,0
DA:360,0
DA:361,0
DA:362,0
DA:365,0
DA:366,0
DA:375,0
DA:376,0
DA:379,0
DA:380,0
DA:381,0
DA:383,0
DA:384,0
DA:385,0
DA:389,0
DA:393,0
DA:394,0
DA:395,0
DA:399,0
DA:400,0
DA:401,0
DA:405,0
DA:411,0
DA:412,0
DA:415,0
DA:416,0
DA:418,0
DA:420,0
DA:421,0
DA:422,0
DA:423,0
DA:426,0
DA:427,0
DA:428,0
DA:430,0
DA:432,0
DA:433,0
DA:434,0
DA:436,0
DA:440,0
DA:443,0
DA:444,0
DA:445,0
DA:447,0
DA:451,0
DA:452,0
DA:455,0
DA:459,0
DA:460,0
DA:461,0
DA:462,0
DA:464,0
DA:466,0
DA:467,0
DA:468,0
DA:469,0
DA:471,0
DA:478,0
DA:505,0
DA:506,0
DA:510,0
DA:511,0
DA:512,0
DA:514,0
DA:515,0
DA:516,0
DA:518,0
DA:519,0
DA:520,0
DA:525,0
DA:531,0
DA:532,0
DA:541,0
DA:542,0
DA:543,0
DA:544,0
DA:546,0
DA:547,0
DA:548,0
DA:549,0
DA:550,0
DA:552,0
DA:556,0
DA:563,0
DA:564,0
DA:567,0
DA:573,0
DA:581,0
DA:583,0
DA:584,0
DA:585,0
DA:587,0
DA:588,0
DA:600,0
DA:602,0
DA:603,0
DA:604,0
DA:606,0
DA:617,0
DA:619,0
DA:620,0
DA:621,0
DA:623,0
DA:624,0
DA:632,0
DA:634,0
DA:635,0
DA:636,0
DA:638,0
DA:639,0
LF:233
LH:0
BRDA:57,0,0,0
BRDA:57,0,1,0
BRDA:74,1,0,0
BRDA:89,2,0,0
BRDA:95,3,0,0
BRDA:95,3,1,0
BRDA:95,3,2,0
BRDA:95,3,3,0
BRDA:101,4,0,0
BRDA:101,4,1,0
BRDA:136,5,0,0
BRDA:148,6,0,0
BRDA:156,7,0,0
BRDA:160,8,0,0
BRDA:175,9,0,0
BRDA:214,10,0,0
BRDA:232,11,0,0
BRDA:237,12,0,0
BRDA:237,12,1,0
BRDA:245,13,0,0
BRDA:253,14,0,0
BRDA:265,15,0,0
BRDA:280,16,0,0
BRDA:289,17,0,0
BRDA:298,18,0,0
BRDA:298,19,0,0
BRDA:298,19,1,0
BRDA:304,20,0,0
BRDA:320,21,0,0
BRDA:331,22,0,0
BRDA:331,23,0,0
BRDA:331,23,1,0
BRDA:340,24,0,0
BRDA:340,24,1,0
BRDA:348,25,0,0
BRDA:348,26,0,0
BRDA:348,26,1,0
BRDA:365,27,0,0
BRDA:379,28,0,0
BRDA:408,29,0,0
BRDA:409,30,0,0
BRDA:411,31,0,0
BRDA:418,32,0,0
BRDA:418,32,1,0
BRDA:418,32,2,0
BRDA:418,32,3,0
BRDA:422,33,0,0
BRDA:427,34,0,0
BRDA:433,35,0,0
BRDA:444,36,0,0
BRDA:451,37,0,0
BRDA:461,38,0,0
BRDA:467,39,0,0
BRDA:507,40,0,0
BRDA:507,40,1,0
BRDA:514,41,0,0
BRDA:546,42,0,0
BRDA:581,43,0,0
BRDA:600,44,0,0
BRDA:617,45,0,0
BRDA:632,46,0,0
BRF:61
BRH:0
end_of_record
TN:
SF:src/lib/integrations/progress-integration.ts
FN:111,(anonymous_1)
FN:132,(anonymous_2)
FN:134,(anonymous_3)
FN:141,(anonymous_4)
FN:155,(anonymous_5)
FN:158,(anonymous_6)
FN:222,(anonymous_7)
FN:230,(anonymous_8)
FN:242,(anonymous_9)
FN:244,(anonymous_10)
FN:253,(anonymous_11)
FN:263,(anonymous_12)
FN:275,(anonymous_13)
FN:276,(anonymous_14)
FN:293,(anonymous_15)
FN:294,(anonymous_16)
FN:302,(anonymous_17)
FN:303,(anonymous_18)
FN:308,(anonymous_19)
FN:346,(anonymous_20)
FN:375,(anonymous_21)
FN:380,(anonymous_22)
FN:389,(anonymous_23)
FN:416,(anonymous_24)
FN:450,(anonymous_25)
FN:455,(anonymous_26)
FN:456,(anonymous_27)
FN:458,(anonymous_28)
FN:465,(anonymous_29)
FN:473,(anonymous_30)
FN:474,(anonymous_31)
FN:475,(anonymous_32)
FN:483,(anonymous_33)
FN:485,(anonymous_34)
FN:506,(anonymous_35)
FN:526,(anonymous_36)
FN:527,(anonymous_37)
FN:536,(anonymous_38)
FN:537,(anonymous_39)
FN:552,(anonymous_40)
FN:579,(anonymous_41)
FN:580,(anonymous_42)
FN:590,(anonymous_43)
FN:591,(anonymous_44)
FN:607,(anonymous_45)
FN:633,(anonymous_46)
FN:637,(anonymous_47)
FN:638,(anonymous_48)
FN:663,(anonymous_49)
FN:685,(anonymous_50)
FN:702,(anonymous_51)
FN:720,(anonymous_52)
FN:729,(anonymous_53)
FN:730,(anonymous_54)
FN:733,(anonymous_55)
FN:737,(anonymous_56)
FN:737,(anonymous_57)
FN:740,(anonymous_58)
FN:740,(anonymous_59)
FN:748,(anonymous_60)
FN:773,(anonymous_61)
FN:782,(anonymous_62)
FNF:62
FNH:0
FNDA:0,(anonymous_1)
FNDA:0,(anonymous_2)
FNDA:0,(anonymous_3)
FNDA:0,(anonymous_4)
FNDA:0,(anonymous_5)
FNDA:0,(anonymous_6)
FNDA:0,(anonymous_7)
FNDA:0,(anonymous_8)
FNDA:0,(anonymous_9)
FNDA:0,(anonymous_10)
FNDA:0,(anonymous_11)
FNDA:0,(anonymous_12)
FNDA:0,(anonymous_13)
FNDA:0,(anonymous_14)
FNDA:0,(anonymous_15)
FNDA:0,(anonymous_16)
FNDA:0,(anonymous_17)
FNDA:0,(anonymous_18)
FNDA:0,(anonymous_19)
FNDA:0,(anonymous_20)
FNDA:0,(anonymous_21)
FNDA:0,(anonymous_22)
FNDA:0,(anonymous_23)
FNDA:0,(anonymous_24)
FNDA:0,(anonymous_25)
FNDA:0,(anonymous_26)
FNDA:0,(anonymous_27)
FNDA:0,(anonymous_28)
FNDA:0,(anonymous_29)
FNDA:0,(anonymous_30)
FNDA:0,(anonymous_31)
FNDA:0,(anonymous_32)
FNDA:0,(anonymous_33)
FNDA:0,(anonymous_34)
FNDA:0,(anonymous_35)
FNDA:0,(anonymous_36)
FNDA:0,(anonymous_37)
FNDA:0,(anonymous_38)
FNDA:0,(anonymous_39)
FNDA:0,(anonymous_40)
FNDA:0,(anonymous_41)
FNDA:0,(anonymous_42)
FNDA:0,(anonymous_43)
FNDA:0,(anonymous_44)
FNDA:0,(anonymous_45)
FNDA:0,(anonymous_46)
FNDA:0,(anonymous_47)
FNDA:0,(anonymous_48)
FNDA:0,(anonymous_49)
FNDA:0,(anonymous_50)
FNDA:0,(anonymous_51)
FNDA:0,(anonymous_52)
FNDA:0,(anonymous_53)
FNDA:0,(anonymous_54)
FNDA:0,(anonymous_55)
FNDA:0,(anonymous_56)
FNDA:0,(anonymous_57)
FNDA:0,(anonymous_58)
FNDA:0,(anonymous_59)
FNDA:0,(anonymous_60)
FNDA:0,(anonymous_61)
FNDA:0,(anonymous_62)
DA:6,0
DA:8,0
DA:111,0
DA:113,0
DA:115,0
DA:131,0
DA:133,0
DA:134,0
DA:136,0
DA:137,0
DA:138,0
DA:140,0
DA:141,0
DA:146,0
DA:150,0
DA:153,0
DA:154,0
DA:155,0
DA:157,0
DA:158,0
DA:162,0
DA:163,0
DA:167,0
DA:173,0
DA:177,0
DA:181,0
DA:187,0
DA:191,0
DA:197,0
DA:199,0
DA:222,0
DA:229,0
DA:230,0
DA:241,0
DA:243,0
DA:244,0
DA:246,0
DA:247,0
DA:253,0
DA:260,0
DA:263,0
DA:274,0
DA:276,0
DA:282,0
DA:283,0
DA:292,0
DA:294,0
DA:295,0
DA:296,0
DA:302,0
DA:303,0
DA:307,0
DA:309,0
DA:311,0
DA:312,0
DA:313,0
DA:315,0
DA:317,0
DA:318,0
DA:324,0
DA:325,0
DA:331,0
DA:332,0
DA:338,0
DA:345,0
DA:347,0
DA:350,0
DA:354,0
DA:355,0
DA:358,0
DA:362,0
DA:366,0
DA:375,0
DA:377,0
DA:378,0
DA:379,0
DA:380,0
DA:384,0
DA:385,0
DA:389,0
DA:390,0
DA:391,0
DA:392,0
DA:396,0
DA:416,0
DA:420,0
DA:421,0
DA:423,0
DA:425,0
DA:426,0
DA:427,0
DA:428,0
DA:430,0
DA:431,0
DA:432,0
DA:434,0
DA:435,0
DA:436,0
DA:437,0
DA:439,0
DA:440,0
DA:441,0
DA:444,0
DA:450,0
DA:454,0
DA:455,0
DA:456,0
DA:457,0
DA:458,0
DA:465,0
DA:470,0
DA:472,0
DA:473,0
DA:474,0
DA:475,0
DA:477,0
DA:479,0
DA:480,0
DA:483,0
DA:485,0
DA:487,0
DA:488,0
DA:490,0
DA:492,0
DA:493,0
DA:495,0
DA:496,0
DA:498,0
DA:506,0
DA:510,0
DA:511,0
DA:512,0
DA:513,0
DA:514,0
DA:516,0
DA:517,0
DA:518,0
DA:519,0
DA:521,0
DA:522,0
DA:524,0
DA:526,0
DA:527,0
DA:534,0
DA:536,0
DA:537,0
DA:544,0
DA:546,0
DA:552,0
DA:556,0
DA:561,0
DA:567,0
DA:572,0
DA:574,0
DA:575,0
DA:577,0
DA:579,0
DA:580,0
DA:588,0
DA:590,0
DA:591,0
DA:599,0
DA:601,0
DA:607,0
DA:613,0
DA:620,0
DA:626,0
DA:627,0
DA:633,0
DA:634,0
DA:636,0
DA:637,0
DA:638,0
DA:640,0
DA:642,0
DA:643,0
DA:645,0
DA:646,0
DA:650,0
DA:651,0
DA:653,0
DA:657,0
DA:663,0
DA:668,0
DA:669,0
DA:671,0
DA:672,0
DA:674,0
DA:677,0
DA:678,0
DA:679,0
DA:680,0
DA:684,0
DA:685,0
DA:687,0
DA:689,0
DA:692,0
DA:693,0
DA:694,0
DA:695,0
DA:696,0
DA:697,0
DA:699,0
DA:701,0
DA:702,0
DA:704,0
DA:706,0
DA:710,0
DA:711,0
DA:712,0
DA:713,0
DA:714,0
DA:715,0
DA:717,0
DA:719,0
DA:720,0
DA:722,0
DA:724,0
DA:727,0
DA:729,0
DA:731,0
DA:734,0
DA:737,0
DA:740,0
DA:748,0
DA:773,0
DA:782,0
LF:227
LH:0
BRDA:132,0,0,0
BRDA:140,1,0,0
BRDA:204,2,0,0
BRDA:204,2,1,0
BRDA:206,3,0,0
BRDA:206,3,1,0
BRDA:208,4,0,0
BRDA:208,4,1,0
BRDA:229,5,0,0
BRDA:229,5,1,0
BRDA:260,6,0,0
BRDA:260,6,1,0
BRDA:309,7,0,0
BRDA:315,8,0,0
BRDA:315,8,1,0
BRDA:315,8,2,0
BRDA:315,8,3,0
BRDA:317,9,0,0
BRDA:324,10,0,0
BRDA:331,11,0,0
BRDA:346,12,0,0
BRDA:347,13,0,0
BRDA:350,14,0,0
BRDA:350,14,1,0
BRDA:354,15,0,0
BRDA:354,15,1,0
BRDA:358,16,0,0
BRDA:358,16,1,0
BRDA:362,17,0,0
BRDA:362,17,1,0
BRDA:378,18,0,0
BRDA:390,19,0,0
BRDA:423,20,0,0
BRDA:423,20,1,0
BRDA:423,20,2,0
BRDA:423,20,3,0
BRDA:457,21,0,0
BRDA:457,21,1,0
BRDA:468,22,0,0
BRDA:470,23,0,0
BRDA:477,24,0,0
BRDA:490,25,0,0
BRDA:492,26,0,0
BRDA:492,26,1,0
BRDA:493,27,0,0
BRDA:493,27,1,0
BRDA:495,28,0,0
BRDA:495,28,1,0
BRDA:495,29,0,0
BRDA:495,29,1,0
BRDA:496,30,0,0
BRDA:496,30,1,0
BRDA:498,31,0,0
BRDA:498,31,1,0
BRDA:626,32,0,0
BRDA:634,33,0,0
BRDA:640,34,0,0
BRDA:650,35,0,0
BRDA:650,35,1,0
BRDA:674,36,0,0
BRDA:674,36,1,0
BRDA:674,36,2,0
BRDA:674,36,3,0
BRDA:702,37,0,0
BRDA:702,37,1,0
BRDA:710,38,0,0
BRDA:710,38,1,0
BRDA:720,39,0,0
BRDA:720,39,1,0
BRF:69
BRH:0
end_of_record
TN:
SF:src/lib/mediapipe/angle-calculator.ts
FN:56,(anonymous_15)
FN:65,(anonymous_16)
FN:79,(anonymous_17)
FN:137,(anonymous_18)
FN:208,(anonymous_19)
FN:218,(anonymous_20)
FN:232,(anonymous_21)
FN:250,(anonymous_22)
FN:268,(anonymous_23)
FN:283,(anonymous_24)
FN:286,(anonymous_25)
FN:300,(anonymous_26)
FN:318,(anonymous_27)
FN:328,(anonymous_28)
FN:338,(anonymous_29)
FNF:15
FNH:0
FNDA:0,(anonymous_15)
FNDA:0,(anonymous_16)
FNDA:0,(anonymous_17)
FNDA:0,(anonymous_18)
FNDA:0,(anonymous_19)
FNDA:0,(anonymous_20)
FNDA:0,(anonymous_21)
FNDA:0,(anonymous_22)
FNDA:0,(anonymous_23)
FNDA:0,(anonymous_24)
FNDA:0,(anonymous_25)
FNDA:0,(anonymous_26)
FNDA:0,(anonymous_27)
FNDA:0,(anonymous_28)
FNDA:0,(anonymous_29)
DA:46,0
DA:56,0
DA:57,0
DA:58,0
DA:59,0
DA:65,0
DA:66,0
DA:67,0
DA:68,0
DA:69,0
DA:79,0
DA:84,0
DA:86,0
DA:87,0
DA:90,0
DA:91,0
DA:94,0
DA:95,0
DA:103,0
DA:106,0
DA:109,0
DA:112,0
DA:113,0
DA:116,0
DA:117,0
DA:119,0
DA:125,0
DA:126,0
DA:137,0
DA:142,0
DA:144,0
DA:149,0
DA:156,0
DA:159,0
DA:164,0
DA:165,0
DA:174,0
DA:177,0
DA:180,0
DA:183,0
DA:184,0
DA:187,0
DA:188,0
DA:190,0
DA:196,0
DA:197,0
DA:208,0
DA:209,0
DA:218,0
DA:219,0
DA:232,0
DA:237,0
DA:238,0
DA:239,0
DA:241,0
DA:250,0
DA:255,0
DA:256,0
DA:257,0
DA:259,0
DA:268,0
DA:273,0
DA:274,0
DA:275,0
DA:277,0
DA:283,0
DA:286,0
DA:288,0
DA:289,0
DA:297,0
DA:298,0
DA:300,0
DA:301,0
DA:302,0
DA:305,0
DA:306,0
DA:308,0
DA:318,0
DA:322,0
DA:328,0
DA:332,0
DA:338,0
DA:342,0
DA:343,0
LF:84
LH:0
BRDA:94,0,0,0
BRDA:94,1,0,0
BRDA:94,1,1,0
BRDA:164,2,0,0
BRDA:164,3,0,0
BRDA:164,3,1,0
BRDA:222,4,0,0
BRDA:222,4,1,0
BRDA:288,5,0,0
BRDA:305,6,0,0
BRDA:305,6,1,0
BRDA:320,7,0,0
BRDA:322,8,0,0
BRDA:322,8,1,0
BRDA:342,9,0,0
BRF:15
BRH:0
end_of_record
TN:
SF:src/lib/mediapipe/camera-service.ts
FN:58,(anonymous_3)
FN:74,(anonymous_4)
FN:96,(anonymous_5)
FN:97,(anonymous_6)
FN:100,(anonymous_7)
FN:148,(anonymous_8)
FN:152,(anonymous_9)
FN:181,(anonymous_10)
FN:185,(anonymous_11)
FN:186,(anonymous_12)
FN:203,(anonymous_13)
FN:246,(anonymous_14)
FN:261,(anonymous_15)
FN:289,(anonymous_16)
FN:317,(anonymous_17)
FN:335,(anonymous_18)
FN:361,(anonymous_19)
FN:368,(anonymous_20)
FN:378,(anonymous_21)
FN:385,(anonymous_22)
FN:392,(anonymous_23)
FN:399,(anonymous_24)
FNF:22
FNH:0
FNDA:0,(anonymous_3)
FNDA:0,(anonymous_4)
FNDA:0,(anonymous_5)
FNDA:0,(anonymous_6)
FNDA:0,(anonymous_7)
FNDA:0,(anonymous_8)
FNDA:0,(anonymous_9)
FNDA:0,(anonymous_10)
FNDA:0,(anonymous_11)
FNDA:0,(anonymous_12)
FNDA:0,(anonymous_13)
FNDA:0,(anonymous_14)
FNDA:0,(anonymous_15)
FNDA:0,(anonymous_16)
FNDA:0,(anonymous_17)
FNDA:0,(anonymous_18)
FNDA:0,(anonymous_19)
FNDA:0,(anonymous_20)
FNDA:0,(anonymous_21)
FNDA:0,(anonymous_22)
FNDA:0,(anonymous_23)
FNDA:0,(anonymous_24)
DA:40,0
DA:51,0
DA:52,0
DA:53,0
DA:59,0
DA:60,0
DA:61,0
DA:75,0
DA:76,0
DA:79,0
DA:90,0
DA:93,0
DA:96,0
DA:97,0
DA:98,0
DA:100,0
DA:101,0
DA:106,0
DA:109,0
DA:121,0
DA:122,0
DA:124,0
DA:129,0
DA:130,0
DA:137,0
DA:138,0
DA:140,0
DA:141,0
DA:149,0
DA:150,0
DA:152,0
DA:153,0
DA:155,0
DA:158,0
DA:159,0
DA:163,0
DA:168,0
DA:169,0
DA:171,0
DA:172,0
DA:173,0
DA:174,0
DA:182,0
DA:183,0
DA:184,0
DA:185,0
DA:186,0
DA:192,0
DA:193,0
DA:195,0
DA:196,0
DA:204,0
DA:205,0
DA:209,0
DA:219,0
DA:220,0
DA:222,0
DA:223,0
DA:224,0
DA:227,0
DA:233,0
DA:234,0
DA:236,0
DA:237,0
DA:238,0
DA:239,0
DA:247,0
DA:250,0
DA:251,0
DA:252,0
DA:255,0
DA:262,0
DA:263,0
DA:266,0
DA:267,0
DA:268,0
DA:270,0
DA:271,0
DA:274,0
DA:275,0
DA:277,0
DA:279,0
DA:281,0
DA:282,0
DA:290,0
DA:291,0
DA:294,0
DA:295,0
DA:296,0
DA:298,0
DA:299,0
DA:302,0
DA:303,0
DA:305,0
DA:307,0
DA:309,0
DA:310,0
DA:318,0
DA:319,0
DA:322,0
DA:324,0
DA:325,0
DA:327,0
DA:328,0
DA:336,0
DA:337,0
DA:339,0
DA:341,0
DA:343,0
DA:345,0
DA:347,0
DA:351,0
DA:355,0
DA:362,0
DA:369,0
DA:371,0
DA:372,0
DA:379,0
DA:386,0
DA:393,0
DA:400,0
LF:121
LH:0
BRDA:58,0,0,0
BRDA:150,1,0,0
BRDA:158,2,0,0
BRDA:188,3,0,0
BRDA:188,3,1,0
BRDA:204,4,0,0
BRDA:222,5,0,0
BRDA:250,6,0,0
BRDA:250,7,0,0
BRDA:250,7,1,0
BRDA:262,8,0,0
BRDA:262,9,0,0
BRDA:262,9,1,0
BRDA:270,10,0,0
BRDA:290,11,0,0
BRDA:290,12,0,0
BRDA:290,12,1,0
BRDA:298,13,0,0
BRDA:336,14,0,0
BRDA:337,15,0,0
BRDA:337,15,1,0
BRDA:337,15,2,0
BRDA:337,15,3,0
BRDA:337,15,4,0
BRDA:337,15,5,0
BRDA:369,16,0,0
BRDA:372,17,0,0
BRDA:372,17,1,0
BRF:28
BRH:0
end_of_record
TN:
SF:src/lib/mediapipe/hands-detector.ts
FN:85,(anonymous_4)
FN:96,(anonymous_5)
FN:107,(anonymous_6)
FN:116,(anonymous_7)
FN:138,(anonymous_8)
FN:145,(anonymous_9)
FN:176,(anonymous_10)
FN:183,(anonymous_11)
FN:187,(anonymous_12)
FN:202,(anonymous_13)
FN:217,(anonymous_14)
FN:247,(anonymous_15)
FN:260,(anonymous_16)
FN:267,(anonymous_17)
FN:279,(anonymous_18)
FN:291,(anonymous_19)
FN:303,(anonymous_20)
FN:322,(anonymous_21)
FN:329,(anonymous_22)
FNF:19
FNH:0
FNDA:0,(anonymous_4)
FNDA:0,(anonymous_5)
FNDA:0,(anonymous_6)
FNDA:0,(anonymous_7)
FNDA:0,(anonymous_8)
FNDA:0,(anonymous_9)
FNDA:0,(anonymous_10)
FNDA:0,(anonymous_11)
FNDA:0,(anonymous_12)
FNDA:0,(anonymous_13)
FNDA:0,(anonymous_14)
FNDA:0,(anonymous_15)
FNDA:0,(anonymous_16)
FNDA:0,(anonymous_17)
FNDA:0,(anonymous_18)
FNDA:0,(anonymous_19)
FNDA:0,(anonymous_20)
FNDA:0,(anonymous_21)
FNDA:0,(anonymous_22)
DA:6,0
DA:40,0
DA:51,0
DA:78,0
DA:79,0
DA:82,0
DA:83,0
DA:89,0
DA:90,0
DA:97,0
DA:98,0
DA:99,0
DA:102,0
DA:103,0
DA:106,0
DA:108,0
DA:113,0
DA:116,0
DA:117,0
DA:120,0
DA:121,0
DA:123,0
DA:126,0
DA:129,0
DA:130,0
DA:131,0
DA:139,0
DA:140,0
DA:143,0
DA:145,0
DA:146,0
DA:147,0
DA:148,0
DA:149,0
DA:151,0
DA:153,0
DA:157,0
DA:161,0
DA:163,0
DA:166,0
DA:167,0
DA:168,0
DA:169,0
DA:179,0
DA:180,0
DA:183,0
DA:185,0
DA:187,0
DA:188,0
DA:190,0
DA:191,0
DA:195,0
DA:203,0
DA:204,0
DA:205,0
DA:208,0
DA:209,0
DA:210,0
DA:218,0
DA:220,0
DA:221,0
DA:222,0
DA:223,0
DA:225,0
DA:226,0
DA:235,0
DA:251,0
DA:252,0
DA:254,0
DA:261,0
DA:268,0
DA:280,0
DA:292,0
DA:294,0
DA:295,0
DA:296,0
DA:304,0
DA:305,0
DA:306,0
DA:307,0
DA:310,0
DA:311,0
DA:313,0
DA:315,0
DA:323,0
DA:330,0
LF:86
LH:0
BRDA:86,0,0,0
BRDA:97,1,0,0
BRDA:126,2,0,0
BRDA:126,2,1,0
BRDA:139,3,0,0
BRDA:146,4,0,0
BRDA:146,5,0,0
BRDA:146,5,1,0
BRDA:146,5,2,0
BRDA:166,6,0,0
BRDA:166,6,1,0
BRDA:179,7,0,0
BRDA:208,8,0,0
BRDA:208,8,1,0
BRDA:220,9,0,0
BRDA:220,10,0,0
BRDA:220,10,1,0
BRDA:225,11,0,0
BRDA:225,12,0,0
BRDA:225,12,1,0
BRDA:228,13,0,0
BRDA:228,13,1,0
BRDA:229,14,0,0
BRDA:229,14,1,0
BRDA:239,15,0,0
BRDA:239,15,1,0
BRDA:240,16,0,0
BRDA:240,16,1,0
BRDA:251,17,0,0
BRDA:251,18,0,0
BRDA:251,18,1,0
BRDA:254,19,0,0
BRDA:254,19,1,0
BRDA:294,20,0,0
BRDA:305,21,0,0
BRDA:323,22,0,0
BRDA:323,22,1,0
BRF:37
BRH:0
end_of_record
TN:
SF:src/lib/mediapipe/measurement-service.ts
FN:124,(anonymous_3)
FN:141,(anonymous_4)
FN:173,(anonymous_5)
FN:203,(anonymous_6)
FN:208,(anonymous_7)
FN:227,(anonymous_8)
FN:257,(anonymous_9)
FN:319,(anonymous_10)
FN:349,(anonymous_11)
FN:390,(anonymous_12)
FN:398,(anonymous_13)
FN:402,(anonymous_14)
FN:407,(anonymous_15)
FN:415,(anonymous_16)
FN:473,(anonymous_17)
FN:512,(anonymous_18)
FN:527,(anonymous_19)
FN:530,(anonymous_20)
FN:540,(anonymous_21)
FN:545,(anonymous_22)
FN:553,(anonymous_23)
FN:556,(anonymous_24)
FN:559,(anonymous_25)
FN:562,(anonymous_26)
FN:565,(anonymous_27)
FN:568,(anonymous_28)
FN:571,(anonymous_29)
FN:574,(anonymous_30)
FN:610,(anonymous_31)
FN:619,(anonymous_32)
FN:627,(anonymous_33)
FN:652,(anonymous_34)
FN:659,(anonymous_35)
FN:692,(anonymous_36)
FN:709,(anonymous_37)
FN:716,(anonymous_38)
FN:724,(anonymous_39)
FNF:37
FNH:0
FNDA:0,(anonymous_3)
FNDA:0,(anonymous_4)
FNDA:0,(anonymous_5)
FNDA:0,(anonymous_6)
FNDA:0,(anonymous_7)
FNDA:0,(anonymous_8)
FNDA:0,(anonymous_9)
FNDA:0,(anonymous_10)
FNDA:0,(anonymous_11)
FNDA:0,(anonymous_12)
FNDA:0,(anonymous_13)
FNDA:0,(anonymous_14)
FNDA:0,(anonymous_15)
FNDA:0,(anonymous_16)
FNDA:0,(anonymous_17)
FNDA:0,(anonymous_18)
FNDA:0,(anonymous_19)
FNDA:0,(anonymous_20)
FNDA:0,(anonymous_21)
FNDA:0,(anonymous_22)
FNDA:0,(anonymous_23)
FNDA:0,(anonymous_24)
FNDA:0,(anonymous_25)
FNDA:0,(anonymous_26)
FNDA:0,(anonymous_27)
FNDA:0,(anonymous_28)
FNDA:0,(anonymous_29)
FNDA:0,(anonymous_30)
FNDA:0,(anonymous_31)
FNDA:0,(anonymous_32)
FNDA:0,(anonymous_33)
FNDA:0,(anonymous_34)
FNDA:0,(anonymous_35)
FNDA:0,(anonymous_36)
FNDA:0,(anonymous_37)
FNDA:0,(anonymous_38)
FNDA:0,(anonymous_39)
DA:27,0
DA:28,0
DA:29,0
DA:102,0
DA:113,0
DA:120,0
DA:121,0
DA:122,0
DA:131,0
DA:132,0
DA:133,0
DA:134,0
DA:135,0
DA:142,0
DA:144,0
DA:145,0
DA:148,0
DA:149,0
DA:152,0
DA:153,0
DA:154,0
DA:157,0
DA:158,0
DA:161,0
DA:164,0
DA:165,0
DA:166,0
DA:176,0
DA:177,0
DA:180,0
DA:181,0
DA:184,0
DA:186,0
DA:188,0
DA:190,0
DA:202,0
DA:203,0
DA:204,0
DA:208,0
DA:209,0
DA:212,0
DA:213,0
DA:215,0
DA:218,0
DA:219,0
DA:220,0
DA:228,0
DA:229,0
DA:232,0
DA:234,0
DA:235,0
DA:236,0
DA:239,0
DA:242,0
DA:244,0
DA:245,0
DA:248,0
DA:249,0
DA:250,0
DA:258,0
DA:260,0
DA:262,0
DA:263,0
DA:266,0
DA:267,0
DA:270,0
DA:276,0
DA:279,0
DA:288,0
DA:291,0
DA:295,0
DA:299,0
DA:303,0
DA:304,0
DA:310,0
DA:312,0
DA:322,0
DA:323,0
DA:324,0
DA:327,0
DA:328,0
DA:330,0
DA:331,0
DA:334,0
DA:335,0
DA:337,0
DA:339,0
DA:341,0
DA:342,0
DA:353,0
DA:355,0
DA:357,0
DA:358,0
DA:360,0
DA:361,0
DA:365,0
DA:368,0
DA:371,0
DA:376,0
DA:382,0
DA:383,0
DA:391,0
DA:392,0
DA:396,0
DA:397,0
DA:398,0
DA:400,0
DA:401,0
DA:402,0
DA:407,0
DA:408,0
DA:420,0
DA:421,0
DA:425,0
DA:431,0
DA:432,0
DA:438,0
DA:444,0
DA:445,0
DA:446,0
DA:447,0
DA:450,0
DA:451,0
DA:452,0
DA:456,0
DA:457,0
DA:458,0
DA:459,0
DA:462,0
DA:474,0
DA:476,0
DA:482,0
DA:483,0
DA:484,0
DA:485,0
DA:488,0
DA:489,0
DA:495,0
DA:496,0
DA:497,0
DA:498,0
DA:501,0
DA:516,0
DA:527,0
DA:529,0
DA:530,0
DA:534,0
DA:541,0
DA:542,0
DA:544,0
DA:546,0
DA:549,0
DA:552,0
DA:553,0
DA:555,0
DA:556,0
DA:558,0
DA:559,0
DA:561,0
DA:562,0
DA:564,0
DA:565,0
DA:567,0
DA:568,0
DA:570,0
DA:571,0
DA:573,0
DA:574,0
DA:577,0
DA:613,0
DA:621,0
DA:628,0
DA:630,0
DA:631,0
DA:632,0
DA:635,0
DA:636,0
DA:637,0
DA:639,0
DA:642,0
DA:645,0
DA:653,0
DA:654,0
DA:657,0
DA:658,0
DA:660,0
DA:664,0
DA:666,0
DA:694,0
DA:710,0
DA:717,0
DA:718,0
DA:725,0
LF:193
LH:0
BRDA:128,0,0,0
BRDA:144,1,0,0
BRDA:148,2,0,0
BRDA:153,3,0,0
BRDA:161,4,0,0
BRDA:161,4,1,0
BRDA:174,5,0,0
BRDA:176,6,0,0
BRDA:180,7,0,0
BRDA:188,8,0,0
BRDA:188,8,1,0
BRDA:218,9,0,0
BRDA:218,9,1,0
BRDA:228,10,0,0
BRDA:234,11,0,0
BRDA:248,12,0,0
BRDA:248,12,1,0
BRDA:258,13,0,0
BRDA:263,14,0,0
BRDA:267,15,0,0
BRDA:284,16,0,0
BRDA:284,16,1,0
BRDA:291,17,0,0
BRDA:292,18,0,0
BRDA:292,18,1,0
BRDA:323,19,0,0
BRDA:323,20,0,0
BRDA:323,20,1,0
BRDA:330,21,0,0
BRDA:353,22,0,0
BRDA:360,23,0,0
BRDA:360,24,0,0
BRDA:360,24,1,0
BRDA:391,25,0,0
BRDA:391,26,0,0
BRDA:391,26,1,0
BRDA:396,27,0,0
BRDA:396,27,1,0
BRDA:398,28,0,0
BRDA:398,28,1,0
BRDA:400,29,0,0
BRDA:402,30,0,0
BRDA:402,30,1,0
BRDA:408,31,0,0
BRDA:408,31,1,0
BRDA:434,32,0,0
BRDA:434,32,1,0
BRDA:450,33,0,0
BRDA:450,34,0,0
BRDA:450,34,1,0
BRDA:450,34,2,0
BRDA:456,35,0,0
BRDA:456,36,0,0
BRDA:456,36,1,0
BRDA:456,36,2,0
BRDA:488,37,0,0
BRDA:488,38,0,0
BRDA:488,38,1,0
BRDA:488,38,2,0
BRDA:529,39,0,0
BRDA:529,39,1,0
BRDA:541,40,0,0
BRDA:541,41,0,0
BRDA:541,41,1,0
BRDA:546,42,0,0
BRDA:546,42,1,0
BRDA:549,43,0,0
BRDA:628,44,0,0
BRDA:635,45,0,0
BRDA:642,46,0,0
BRDA:642,46,1,0
BRDA:653,47,0,0
BRDA:653,48,0,0
BRDA:653,48,1,0
BRDA:660,49,0,0
BRDA:660,49,1,0
BRF:76
BRH:0
end_of_record
TN:
SF:src/lib/mediapipe/performance-optimizer.ts
FN:70,(anonymous_5)
FN:74,(anonymous_6)
FN:90,(anonymous_7)
FN:101,(anonymous_8)
FN:112,(anonymous_9)
FN:116,(anonymous_10)
FN:123,(anonymous_11)
FN:129,(anonymous_12)
FN:130,(anonymous_13)
FN:144,(anonymous_14)
FN:148,(anonymous_15)
FN:165,(anonymous_16)
FN:171,(anonymous_17)
FN:193,(anonymous_18)
FN:207,(anonymous_20)
FN:216,(anonymous_21)
FN:234,(anonymous_22)
FN:237,(anonymous_23)
FN:238,(anonymous_24)
FN:259,(anonymous_26)
FN:267,(anonymous_27)
FN:324,(anonymous_28)
FN:329,(anonymous_29)
FN:330,(anonymous_30)
FN:334,(anonymous_31)
FN:344,(anonymous_32)
FN:351,(anonymous_33)
FN:355,(anonymous_34)
FN:360,(anonymous_35)
FN:385,(anonymous_36)
FN:421,(anonymous_37)
FN:432,(anonymous_38)
FN:444,(anonymous_39)
FN:445,(anonymous_40)
FN:449,(anonymous_41)
FN:470,(anonymous_42)
FN:475,(anonymous_43)
FN:476,(anonymous_44)
FN:480,(anonymous_45)
FN:500,(anonymous_46)
FN:541,(anonymous_47)
FN:553,useOptimizedMediaPipe
FN:557,(anonymous_50)
FN:561,(anonymous_51)
FN:567,(anonymous_52)
FN:575,(anonymous_53)
FN:585,(anonymous_54)
FN:591,(anonymous_55)
FNF:48
FNH:0
FNDA:0,(anonymous_5)
FNDA:0,(anonymous_6)
FNDA:0,(anonymous_7)
FNDA:0,(anonymous_8)
FNDA:0,(anonymous_9)
FNDA:0,(anonymous_10)
FNDA:0,(anonymous_11)
FNDA:0,(anonymous_12)
FNDA:0,(anonymous_13)
FNDA:0,(anonymous_14)
FNDA:0,(anonymous_15)
FNDA:0,(anonymous_16)
FNDA:0,(anonymous_17)
FNDA:0,(anonymous_18)
FNDA:0,(anonymous_20)
FNDA:0,(anonymous_21)
FNDA:0,(anonymous_22)
FNDA:0,(anonymous_23)
FNDA:0,(anonymous_24)
FNDA:0,(anonymous_26)
FNDA:0,(anonymous_27)
FNDA:0,(anonymous_28)
FNDA:0,(anonymous_29)
FNDA:0,(anonymous_30)
FNDA:0,(anonymous_31)
FNDA:0,(anonymous_32)
FNDA:0,(anonymous_33)
FNDA:0,(anonymous_34)
FNDA:0,(anonymous_35)
FNDA:0,(anonymous_36)
FNDA:0,(anonymous_37)
FNDA:0,(anonymous_38)
FNDA:0,(anonymous_39)
FNDA:0,(anonymous_40)
FNDA:0,(anonymous_41)
FNDA:0,(anonymous_42)
FNDA:0,(anonymous_43)
FNDA:0,(anonymous_44)
FNDA:0,(anonymous_45)
FNDA:0,(anonymous_46)
FNDA:0,(anonymous_47)
FNDA:0,useOptimizedMediaPipe
FNDA:0,(anonymous_50)
FNDA:0,(anonymous_51)
FNDA:0,(anonymous_52)
FNDA:0,(anonymous_53)
FNDA:0,(anonymous_54)
FNDA:0,(anonymous_55)
DA:36,0
DA:67,0
DA:71,0
DA:75,0
DA:76,0
DA:77,0
DA:78,0
DA:79,0
DA:84,0
DA:85,0
DA:86,0
DA:87,0
DA:91,0
DA:93,0
DA:94,0
DA:95,0
DA:97,0
DA:102,0
DA:108,0
DA:109,0
DA:113,0
DA:117,0
DA:119,0
DA:120,0
DA:123,0
DA:126,0
DA:130,0
DA:131,0
DA:132,0
DA:138,0
DA:139,0
DA:140,0
DA:141,0
DA:142,0
DA:145,0
DA:149,0
DA:150,0
DA:152,0
DA:153,0
DA:154,0
DA:156,0
DA:159,0
DA:160,0
DA:166,0
DA:167,0
DA:168,0
DA:170,0
DA:171,0
DA:175,0
DA:179,0
DA:180,0
DA:182,0
DA:194,0
DA:195,0
DA:196,0
DA:197,0
DA:203,0
DA:208,0
DA:210,0
DA:211,0
DA:212,0
DA:218,0
DA:219,0
DA:220,0
DA:222,0
DA:224,0
DA:225,0
DA:229,0
DA:236,0
DA:237,0
DA:238,0
DA:239,0
DA:240,0
DA:249,0
DA:255,0
DA:256,0
DA:257,0
DA:260,0
DA:261,0
DA:262,0
DA:263,0
DA:264,0
DA:272,0
DA:275,0
DA:276,0
DA:280,0
DA:281,0
DA:282,0
DA:286,0
DA:287,0
DA:288,0
DA:291,0
DA:292,0
DA:294,0
DA:296,0
DA:297,0
DA:300,0
DA:303,0
DA:306,0
DA:308,0
DA:309,0
DA:312,0
DA:314,0
DA:315,0
DA:318,0
DA:319,0
DA:329,0
DA:330,0
DA:331,0
DA:334,0
DA:335,0
DA:336,0
DA:337,0
DA:340,0
DA:345,0
DA:346,0
DA:348,0
DA:352,0
DA:356,0
DA:357,0
DA:362,0
DA:364,0
DA:365,0
DA:372,0
DA:373,0
DA:387,0
DA:390,0
DA:393,0
DA:394,0
DA:397,0
DA:398,0
DA:401,0
DA:403,0
DA:404,0
DA:405,0
DA:407,0
DA:408,0
DA:409,0
DA:411,0
DA:412,0
DA:414,0
DA:416,0
DA:417,0
DA:418,0
DA:422,0
DA:423,0
DA:428,0
DA:429,0
DA:430,0
DA:433,0
DA:435,0
DA:437,0
DA:438,0
DA:439,0
DA:441,0
DA:444,0
DA:445,0
DA:446,0
DA:449,0
DA:450,0
DA:451,0
DA:452,0
DA:453,0
DA:454,0
DA:455,0
DA:456,0
DA:460,0
DA:463,0
DA:465,0
DA:466,0
DA:471,0
DA:472,0
DA:475,0
DA:476,0
DA:477,0
DA:480,0
DA:481,0
DA:482,0
DA:483,0
DA:484,0
DA:485,0
DA:486,0
DA:487,0
DA:488,0
DA:492,0
DA:493,0
DA:501,0
DA:542,0
DA:543,0
DA:544,0
DA:545,0
DA:551,0
DA:553,0
DA:554,0
DA:555,0
DA:557,0
DA:558,0
DA:561,0
DA:562,0
DA:563,0
DA:567,0
DA:568,0
DA:569,0
DA:570,0
DA:575,0
DA:580,0
DA:581,0
DA:585,0
DA:586,0
DA:587,0
DA:591,0
DA:592,0
DA:593,0
DA:597,0
LF:214
LH:0
BRDA:70,0,0,0
BRDA:77,1,0,0
BRDA:77,2,0,0
BRDA:77,2,1,0
BRDA:77,2,2,0
BRDA:91,3,0,0
BRDA:94,4,0,0
BRDA:119,5,0,0
BRDA:148,6,0,0
BRDA:153,7,0,0
BRDA:153,7,1,0
BRDA:159,8,0,0
BRDA:170,9,0,0
BRDA:170,9,1,0
BRDA:175,10,0,0
BRDA:175,10,1,0
BRDA:210,11,0,0
BRDA:218,12,0,0
BRDA:222,13,0,0
BRDA:224,14,0,0
BRDA:236,15,0,0
BRDA:239,16,0,0
BRDA:239,17,0,0
BRDA:239,17,1,0
BRDA:259,18,0,0
BRDA:275,19,0,0
BRDA:280,20,0,0
BRDA:286,21,0,0
BRDA:286,22,0,0
BRDA:286,22,1,0
BRDA:318,23,0,0
BRDA:345,24,0,0
BRDA:364,25,0,0
BRDA:364,25,1,0
BRDA:372,26,0,0
BRDA:372,26,1,0
BRDA:387,27,0,0
BRDA:387,27,1,0
BRDA:390,28,0,0
BRDA:390,28,1,0
BRDA:394,29,0,0
BRDA:394,29,1,0
BRDA:403,30,0,0
BRDA:403,30,1,0
BRDA:404,31,0,0
BRDA:404,31,1,0
BRDA:407,32,0,0
BRDA:407,32,1,0
BRDA:408,33,0,0
BRDA:408,33,1,0
BRDA:411,34,0,0
BRDA:411,34,1,0
BRDA:412,35,0,0
BRDA:414,36,0,0
BRDA:416,37,0,0
BRDA:417,38,0,0
BRDA:433,39,0,0
BRDA:433,40,0,0
BRDA:433,40,1,0
BRDA:450,41,0,0
BRDA:450,41,1,0
BRDA:454,42,0,0
BRDA:471,43,0,0
BRDA:471,44,0,0
BRDA:471,44,1,0
BRDA:481,45,0,0
BRDA:481,45,1,0
BRDA:485,46,0,0
BRDA:542,47,0,0
BRDA:562,48,0,0
BRDA:569,49,0,0
BRDA:580,50,0,0
BRDA:586,51,0,0
BRDA:592,52,0,0
BRF:74
BRH:0
end_of_record
TN:
SF:src/lib/mediapipe/pose-detector.ts
FN:86,(anonymous_4)
FN:97,(anonymous_5)
FN:108,(anonymous_6)
FN:117,(anonymous_7)
FN:139,(anonymous_8)
FN:146,(anonymous_9)
FN:177,(anonymous_10)
FN:184,(anonymous_11)
FN:188,(anonymous_12)
FN:203,(anonymous_13)
FN:218,(anonymous_14)
FN:246,(anonymous_15)
FN:260,(anonymous_16)
FN:274,(anonymous_17)
FN:287,(anonymous_18)
FN:294,(anonymous_19)
FN:301,(anonymous_20)
FN:322,(anonymous_21)
FN:334,(anonymous_22)
FN:353,(anonymous_23)
FN:360,(anonymous_24)
FNF:21
FNH:0
FNDA:0,(anonymous_4)
FNDA:0,(anonymous_5)
FNDA:0,(anonymous_6)
FNDA:0,(anonymous_7)
FNDA:0,(anonymous_8)
FNDA:0,(anonymous_9)
FNDA:0,(anonymous_10)
FNDA:0,(anonymous_11)
FNDA:0,(anonymous_12)
FNDA:0,(anonymous_13)
FNDA:0,(anonymous_14)
FNDA:0,(anonymous_15)
FNDA:0,(anonymous_16)
FNDA:0,(anonymous_17)
FNDA:0,(anonymous_18)
FNDA:0,(anonymous_19)
FNDA:0,(anonymous_20)
FNDA:0,(anonymous_21)
FNDA:0,(anonymous_22)
FNDA:0,(anonymous_23)
FNDA:0,(anonymous_24)
DA:6,0
DA:41,0
DA:54,0
DA:79,0
DA:80,0
DA:83,0
DA:84,0
DA:90,0
DA:91,0
DA:98,0
DA:99,0
DA:100,0
DA:103,0
DA:104,0
DA:107,0
DA:109,0
DA:114,0
DA:117,0
DA:118,0
DA:121,0
DA:122,0
DA:124,0
DA:127,0
DA:130,0
DA:131,0
DA:132,0
DA:140,0
DA:141,0
DA:144,0
DA:146,0
DA:147,0
DA:148,0
DA:149,0
DA:150,0
DA:152,0
DA:154,0
DA:158,0
DA:162,0
DA:164,0
DA:167,0
DA:168,0
DA:169,0
DA:170,0
DA:180,0
DA:181,0
DA:184,0
DA:186,0
DA:188,0
DA:189,0
DA:191,0
DA:192,0
DA:196,0
DA:204,0
DA:205,0
DA:206,0
DA:209,0
DA:210,0
DA:211,0
DA:219,0
DA:221,0
DA:223,0
DA:224,0
DA:226,0
DA:227,0
DA:234,0
DA:248,0
DA:257,0
DA:258,0
DA:260,0
DA:261,0
DA:262,0
DA:263,0
DA:264,0
DA:268,0
DA:278,0
DA:279,0
DA:281,0
DA:288,0
DA:295,0
DA:302,0
DA:303,0
DA:310,0
DA:323,0
DA:325,0
DA:326,0
DA:327,0
DA:335,0
DA:336,0
DA:337,0
DA:338,0
DA:341,0
DA:342,0
DA:344,0
DA:346,0
DA:354,0
DA:361,0
LF:96
LH:0
BRDA:87,0,0,0
BRDA:98,1,0,0
BRDA:127,2,0,0
BRDA:127,2,1,0
BRDA:140,3,0,0
BRDA:147,4,0,0
BRDA:147,5,0,0
BRDA:147,5,1,0
BRDA:147,5,2,0
BRDA:167,6,0,0
BRDA:167,6,1,0
BRDA:180,7,0,0
BRDA:209,8,0,0
BRDA:209,8,1,0
BRDA:221,9,0,0
BRDA:221,10,0,0
BRDA:221,10,1,0
BRDA:226,11,0,0
BRDA:226,12,0,0
BRDA:226,12,1,0
BRDA:238,13,0,0
BRDA:238,13,1,0
BRDA:239,14,0,0
BRDA:239,14,1,0
BRDA:262,15,0,0
BRDA:262,16,0,0
BRDA:262,16,1,0
BRDA:268,17,0,0
BRDA:268,17,1,0
BRDA:278,18,0,0
BRDA:278,19,0,0
BRDA:278,19,1,0
BRDA:281,20,0,0
BRDA:281,20,1,0
BRDA:302,21,0,0
BRDA:302,21,1,0
BRDA:325,22,0,0
BRDA:336,23,0,0
BRDA:354,24,0,0
BRDA:354,24,1,0
BRF:40
BRH:0
end_of_record
TN:
SF:src/lib/motion-capture/angle-calculator.ts
FN:38,(anonymous_5)
FN:49,(anonymous_6)
FN:56,(anonymous_7)
FN:67,(anonymous_8)
FN:91,(anonymous_9)
FN:106,(anonymous_10)
FN:180,(anonymous_11)
FN:244,(anonymous_12)
FN:253,(anonymous_13)
FN:260,(anonymous_14)
FN:273,(anonymous_15)
FN:285,(anonymous_16)
FN:291,(anonymous_17)
FN:292,(anonymous_18)
FN:294,(anonymous_19)
FN:297,(anonymous_20)
FN:302,(anonymous_21)
FN:303,(anonymous_22)
FN:304,(anonymous_23)
FN:305,(anonymous_24)
FN:311,(anonymous_25)
FN:312,(anonymous_26)
FN:315,(anonymous_27)
FNF:23
FNH:0
FNDA:0,(anonymous_5)
FNDA:0,(anonymous_6)
FNDA:0,(anonymous_7)
FNDA:0,(anonymous_8)
FNDA:0,(anonymous_9)
FNDA:0,(anonymous_10)
FNDA:0,(anonymous_11)
FNDA:0,(anonymous_12)
FNDA:0,(anonymous_13)
FNDA:0,(anonymous_14)
FNDA:0,(anonymous_15)
FNDA:0,(anonymous_16)
FNDA:0,(anonymous_17)
FNDA:0,(anonymous_18)
FNDA:0,(anonymous_19)
FNDA:0,(anonymous_20)
FNDA:0,(anonymous_21)
FNDA:0,(anonymous_22)
FNDA:0,(anonymous_23)
FNDA:0,(anonymous_24)
FNDA:0,(anonymous_25)
FNDA:0,(anonymous_26)
FNDA:0,(anonymous_27)
DA:38,0
DA:39,0
DA:49,0
DA:50,0
DA:56,0
DA:57,0
DA:67,0
DA:71,0
DA:72,0
DA:74,0
DA:75,0
DA:78,0
DA:79,0
DA:82,0
DA:83,0
DA:85,0
DA:91,0
DA:96,0
DA:97,0
DA:99,0
DA:106,0
DA:108,0
DA:109,0
DA:110,0
DA:111,0
DA:112,0
DA:113,0
DA:115,0
DA:116,0
DA:119,0
DA:120,0
DA:121,0
DA:122,0
DA:123,0
DA:124,0
DA:127,0
DA:128,0
DA:132,0
DA:144,0
DA:147,0
DA:148,0
DA:151,0
DA:157,0
DA:163,0
DA:164,0
DA:165,0
DA:166,0
DA:168,0
DA:180,0
DA:182,0
DA:183,0
DA:184,0
DA:185,0
DA:186,0
DA:187,0
DA:189,0
DA:190,0
DA:193,0
DA:194,0
DA:195,0
DA:196,0
DA:197,0
DA:198,0
DA:201,0
DA:202,0
DA:206,0
DA:213,0
DA:220,0
DA:221,0
DA:223,0
DA:224,0
DA:227,0
DA:229,0
DA:231,0
DA:233,0
DA:244,0
DA:248,0
DA:253,0
DA:255,0
DA:260,0
DA:262,0
DA:268,0
DA:269,0
DA:270,0
DA:271,0
DA:274,0
DA:275,0
DA:277,0
DA:278,0
DA:280,0
DA:281,0
DA:286,0
DA:287,0
DA:290,0
DA:291,0
DA:292,0
DA:294,0
DA:297,0
DA:301,0
DA:302,0
DA:303,0
DA:304,0
DA:305,0
DA:308,0
DA:312,0
DA:316,0
DA:317,0
LF:107
LH:0
BRDA:42,0,0,0
BRDA:42,0,1,0
BRDA:42,1,0,0
BRDA:42,1,1,0
BRDA:50,2,0,0
BRDA:50,2,1,0
BRDA:60,3,0,0
BRDA:60,3,1,0
BRDA:60,4,0,0
BRDA:60,4,1,0
BRDA:74,5,0,0
BRDA:74,6,0,0
BRDA:74,6,1,0
BRDA:115,7,0,0
BRDA:127,8,0,0
BRDA:127,9,0,0
BRDA:127,9,1,0
BRDA:127,9,2,0
BRDA:127,9,3,0
BRDA:127,9,4,0
BRDA:136,10,0,0
BRDA:136,10,1,0
BRDA:137,11,0,0
BRDA:137,11,1,0
BRDA:138,12,0,0
BRDA:138,12,1,0
BRDA:139,13,0,0
BRDA:139,13,1,0
BRDA:158,14,0,0
BRDA:158,14,1,0
BRDA:163,15,0,0
BRDA:163,15,1,0
BRDA:164,16,0,0
BRDA:164,16,1,0
BRDA:165,17,0,0
BRDA:165,17,1,0
BRDA:166,18,0,0
BRDA:166,18,1,0
BRDA:189,19,0,0
BRDA:201,20,0,0
BRDA:201,21,0,0
BRDA:201,21,1,0
BRDA:201,21,2,0
BRDA:201,21,3,0
BRDA:201,21,4,0
BRDA:201,21,5,0
BRDA:223,22,0,0
BRDA:223,22,1,0
BRDA:224,23,0,0
BRDA:224,23,1,0
BRDA:229,24,0,0
BRDA:229,24,1,0
BRDA:231,25,0,0
BRDA:231,25,1,0
BRDA:253,26,0,0
BRDA:253,26,1,0
BRDA:260,27,0,0
BRDA:260,27,1,0
BRDA:262,28,0,0
BRDA:262,28,1,0
BRDA:277,29,0,0
BRDA:280,30,0,0
BRDA:286,31,0,0
BRDA:286,32,0,0
BRDA:286,32,1,0
BRF:65
BRH:0
end_of_record
TN:
SF:src/lib/pwa/pwa-manager.ts
FN:44,(anonymous_3)
FN:59,(anonymous_4)
FN:69,(anonymous_5)
FN:79,(anonymous_6)
FN:81,(anonymous_7)
FN:86,(anonymous_8)
FN:91,(anonymous_9)
FN:97,(anonymous_10)
FN:103,(anonymous_11)
FN:109,(anonymous_12)
FN:125,(anonymous_13)
FN:128,(anonymous_14)
FN:147,(anonymous_15)
FN:152,(anonymous_16)
FN:153,(anonymous_17)
FN:160,(anonymous_18)
FN:175,(anonymous_19)
FN:194,(anonymous_20)
FN:209,(anonymous_21)
FN:234,(anonymous_22)
FN:253,(anonymous_23)
FN:274,(anonymous_24)
FN:292,(anonymous_25)
FN:309,(anonymous_26)
FN:320,(anonymous_27)
FN:368,(anonymous_28)
FN:373,(anonymous_29)
FN:380,(anonymous_30)
FN:398,usePWA
FN:399,(anonymous_32)
FN:402,(anonymous_33)
FN:408,(anonymous_34)
FN:415,(anonymous_35)
FN:416,(anonymous_36)
FN:417,(anonymous_37)
FN:418,(anonymous_38)
FN:419,(anonymous_39)
FN:420,(anonymous_40)
FN:422,(anonymous_41)
FNF:39
FNH:0
FNDA:0,(anonymous_3)
FNDA:0,(anonymous_4)
FNDA:0,(anonymous_5)
FNDA:0,(anonymous_6)
FNDA:0,(anonymous_7)
FNDA:0,(anonymous_8)
FNDA:0,(anonymous_9)
FNDA:0,(anonymous_10)
FNDA:0,(anonymous_11)
FNDA:0,(anonymous_12)
FNDA:0,(anonymous_13)
FNDA:0,(anonymous_14)
FNDA:0,(anonymous_15)
FNDA:0,(anonymous_16)
FNDA:0,(anonymous_17)
FNDA:0,(anonymous_18)
FNDA:0,(anonymous_19)
FNDA:0,(anonymous_20)
FNDA:0,(anonymous_21)
FNDA:0,(anonymous_22)
FNDA:0,(anonymous_23)
FNDA:0,(anonymous_24)
FNDA:0,(anonymous_25)
FNDA:0,(anonymous_26)
FNDA:0,(anonymous_27)
FNDA:0,(anonymous_28)
FNDA:0,(anonymous_29)
FNDA:0,(anonymous_30)
FNDA:0,usePWA
FNDA:0,(anonymous_32)
FNDA:0,(anonymous_33)
FNDA:0,(anonymous_34)
FNDA:0,(anonymous_35)
FNDA:0,(anonymous_36)
FNDA:0,(anonymous_37)
FNDA:0,(anonymous_38)
FNDA:0,(anonymous_39)
FNDA:0,(anonymous_40)
FNDA:0,(anonymous_41)
DA:30,0
DA:38,0
DA:45,0
DA:46,0
DA:55,0
DA:60,0
DA:71,0
DA:81,0
DA:82,0
DA:83,0
DA:86,0
DA:87,0
DA:91,0
DA:92,0
DA:93,0
DA:97,0
DA:98,0
DA:104,0
DA:105,0
DA:110,0
DA:111,0
DA:112,0
DA:115,0
DA:116,0
DA:121,0
DA:122,0
DA:125,0
DA:126,0
DA:127,0
DA:128,0
DA:129,0
DA:130,0
DA:137,0
DA:139,0
DA:141,0
DA:142,0
DA:148,0
DA:149,0
DA:152,0
DA:153,0
DA:154,0
DA:161,0
DA:162,0
DA:165,0
DA:166,0
DA:167,0
DA:170,0
DA:176,0
DA:177,0
DA:180,0
DA:181,0
DA:182,0
DA:184,0
DA:186,0
DA:188,0
DA:189,0
DA:195,0
DA:196,0
DA:199,0
DA:201,0
DA:202,0
DA:205,0
DA:210,0
DA:211,0
DA:214,0
DA:216,0
DA:218,0
DA:224,0
DA:226,0
DA:228,0
DA:229,0
DA:235,0
DA:236,0
DA:248,0
DA:254,0
DA:255,0
DA:258,0
DA:260,0
DA:261,0
DA:262,0
DA:263,0
DA:264,0
DA:266,0
DA:269,0
DA:278,0
DA:279,0
DA:282,0
DA:283,0
DA:293,0
DA:294,0
DA:297,0
DA:299,0
DA:300,0
DA:306,0
DA:307,0
DA:308,0
DA:309,0
DA:313,0
DA:315,0
DA:321,0
DA:336,0
DA:337,0
DA:338,0
DA:339,0
DA:344,0
DA:349,0
DA:350,0
DA:351,0
DA:360,0
DA:361,0
DA:364,0
DA:369,0
DA:374,0
DA:375,0
DA:381,0
DA:396,0
DA:398,0
DA:399,0
DA:400,0
DA:402,0
DA:403,0
DA:406,0
DA:408,0
DA:409,0
DA:413,0
DA:415,0
DA:416,0
DA:417,0
DA:418,0
DA:419,0
DA:421,0
DA:422,0
LF:132
LH:0
BRDA:44,0,0,0
BRDA:61,1,0,0
BRDA:61,1,1,0
BRDA:61,1,2,0
BRDA:61,1,3,0
BRDA:72,2,0,0
BRDA:72,2,1,0
BRDA:72,2,2,0
BRDA:110,3,0,0
BRDA:110,4,0,0
BRDA:110,4,1,0
BRDA:127,5,0,0
BRDA:129,6,0,0
BRDA:129,7,0,0
BRDA:129,7,1,0
BRDA:148,8,0,0
BRDA:161,9,0,0
BRDA:166,10,0,0
BRDA:176,11,0,0
BRDA:195,12,0,0
BRDA:201,13,0,0
BRDA:201,14,0,0
BRDA:201,14,1,0
BRDA:210,15,0,0
BRDA:216,16,0,0
BRDA:216,16,1,0
BRDA:254,17,0,0
BRDA:254,18,0,0
BRDA:254,18,1,0
BRDA:260,19,0,0
BRDA:260,19,1,0
BRDA:276,20,0,0
BRDA:278,21,0,0
BRDA:282,22,0,0
BRDA:293,23,0,0
BRDA:306,24,0,0
BRDA:326,25,0,0
BRDA:326,25,1,0
BRDA:336,26,0,0
BRDA:336,27,0,0
BRDA:336,27,1,0
BRDA:344,28,0,0
BRDA:344,28,1,0
BRDA:349,29,0,0
BRDA:360,30,0,0
BRDA:374,31,0,0
BRF:46
BRH:0
end_of_record
TN:
SF:src/pages/offline.tsx
FN:6,(anonymous_2)
FN:10,(anonymous_3)
FN:18,(anonymous_4)
FN:24,(anonymous_5)
FN:29,(anonymous_6)
FN:48,(anonymous_7)
FN:52,(anonymous_8)
FN:126,(anonymous_9)
FN:136,(anonymous_10)
FNF:9
FNH:0
FNDA:0,(anonymous_2)
FNDA:0,(anonymous_3)
FNDA:0,(anonymous_4)
FNDA:0,(anonymous_5)
FNDA:0,(anonymous_6)
FNDA:0,(anonymous_7)
FNDA:0,(anonymous_8)
FNDA:0,(anonymous_9)
FNDA:0,(anonymous_10)
DA:2,0
DA:3,0
DA:4,0
DA:6,0
DA:7,0
DA:8,0
DA:10,0
DA:12,0
DA:13,0
DA:14,0
DA:18,0
DA:19,0
DA:22,0
DA:24,0
DA:25,0
DA:29,0
DA:30,0
DA:32,0
DA:33,0
DA:38,0
DA:39,0
DA:42,0
DA:44,0
DA:48,0
DA:49,0
DA:52,0
DA:53,0
DA:126,0
DA:136,0
DA:179,0
LF:30
LH:0
BRDA:13,0,0,0
BRDA:38,1,0,0
BRDA:88,2,0,0
BRDA:104,3,0,0
BRDA:104,3,1,0
BRDA:105,4,0,0
BRDA:105,4,1,0
BRF:7
BRH:0
end_of_record
TN:
SF:src/stores/camera-atoms.ts
FN:85,(anonymous_15)
FN:95,(anonymous_16)
FN:103,(anonymous_17)
FN:111,(anonymous_18)
FN:119,(anonymous_19)
FN:129,(anonymous_20)
FN:194,(anonymous_21)
FN:199,(anonymous_22)
FN:213,(anonymous_23)
FN:217,(anonymous_24)
FN:218,(anonymous_25)
FN:237,(anonymous_26)
FN:243,(anonymous_27)
FN:292,(anonymous_28)
FN:328,(anonymous_29)
FNF:15
FNH:0
FNDA:0,(anonymous_15)
FNDA:0,(anonymous_16)
FNDA:0,(anonymous_17)
FNDA:0,(anonymous_18)
FNDA:0,(anonymous_19)
FNDA:0,(anonymous_20)
FNDA:0,(anonymous_21)
FNDA:0,(anonymous_22)
FNDA:0,(anonymous_23)
FNDA:0,(anonymous_24)
FNDA:0,(anonymous_25)
FNDA:0,(anonymous_26)
FNDA:0,(anonymous_27)
FNDA:0,(anonymous_28)
FNDA:0,(anonymous_29)
DA:5,0
DA:43,0
DA:56,0
DA:70,0
DA:75,0
DA:85,0
DA:86,0
DA:87,0
DA:95,0
DA:96,0
DA:97,0
DA:103,0
DA:104,0
DA:105,0
DA:111,0
DA:112,0
DA:113,0
DA:119,0
DA:120,0
DA:121,0
DA:127,0
DA:130,0
DA:132,0
DA:138,0
DA:140,0
DA:145,0
DA:146,0
DA:149,0
DA:150,0
DA:152,0
DA:164,0
DA:165,0
DA:173,0
DA:176,0
DA:178,0
DA:186,0
DA:194,0
DA:195,0
DA:197,0
DA:199,0
DA:202,0
DA:213,0
DA:214,0
DA:215,0
DA:216,0
DA:217,0
DA:218,0
DA:224,0
DA:225,0
DA:227,0
DA:228,0
DA:235,0
DA:238,0
DA:239,0
DA:242,0
DA:243,0
DA:246,0
DA:248,0
DA:258,0
DA:260,0
DA:268,0
DA:271,0
DA:275,0
DA:282,0
DA:290,0
DA:293,0
DA:294,0
DA:296,0
DA:297,0
DA:300,0
DA:301,0
DA:303,0
DA:304,0
DA:307,0
DA:313,0
DA:319,0
DA:320,0
DA:328,0
DA:329,0
DA:331,0
LF:80
LH:0
BRDA:88,0,0,0
BRDA:88,0,1,0
BRDA:88,0,2,0
BRDA:145,1,0,0
BRDA:145,1,1,0
BRDA:164,2,0,0
BRDA:164,3,0,0
BRDA:164,3,1,0
BRDA:164,3,2,0
BRDA:164,3,3,0
BRDA:168,4,0,0
BRDA:168,4,1,0
BRDA:176,5,0,0
BRDA:176,5,1,0
BRDA:197,6,0,0
BRDA:220,7,0,0
BRDA:220,7,1,0
BRDA:242,8,0,0
BRDA:271,9,0,0
BRDA:271,9,1,0
BRDA:296,10,0,0
BRDA:303,11,0,0
BRF:22
BRH:0
end_of_record
TN:
SF:src/stores/measurement-atoms.ts
FN:67,(anonymous_16)
FN:77,(anonymous_17)
FN:85,(anonymous_18)
FN:93,(anonymous_19)
FN:123,(anonymous_20)
FN:136,(anonymous_21)
FN:144,(anonymous_22)
FN:154,(anonymous_23)
FN:161,(anonymous_24)
FN:176,(anonymous_25)
FN:191,(anonymous_26)
FN:204,(anonymous_27)
FN:216,(anonymous_28)
FNF:13
FNH:0
FNDA:0,(anonymous_16)
FNDA:0,(anonymous_17)
FNDA:0,(anonymous_18)
FNDA:0,(anonymous_19)
FNDA:0,(anonymous_20)
FNDA:0,(anonymous_21)
FNDA:0,(anonymous_22)
FNDA:0,(anonymous_23)
FNDA:0,(anonymous_24)
FNDA:0,(anonymous_25)
FNDA:0,(anonymous_26)
FNDA:0,(anonymous_27)
FNDA:0,(anonymous_28)
DA:5,0
DA:52,0
DA:62,0
DA:67,0
DA:68,0
DA:69,0
DA:71,0
DA:77,0
DA:78,0
DA:79,0
DA:85,0
DA:86,0
DA:87,0
DA:93,0
DA:94,0
DA:96,0
DA:97,0
DA:100,0
DA:123,0
DA:124,0
DA:126,0
DA:127,0
DA:130,0
DA:136,0
DA:137,0
DA:138,0
DA:144,0
DA:145,0
DA:146,0
DA:148,0
DA:154,0
DA:155,0
DA:161,0
DA:162,0
DA:164,0
DA:176,0
DA:177,0
DA:179,0
DA:189,0
DA:192,0
DA:194,0
DA:204,0
DA:205,0
DA:207,0
DA:216,0
DA:217,0
LF:46
LH:0
BRDA:71,0,0,0
BRDA:71,0,1,0
BRDA:96,1,0,0
BRDA:126,2,0,0
BRDA:126,3,0,0
BRDA:126,3,1,0
BRDA:148,4,0,0
BRDA:148,4,1,0
BRF:8
BRH:0
end_of_record
